2023-12-19 16:39:35,233 - root - INFO - Namespace(seed=2022, data_name='Douban', data_dir='data/', cuda=False, gpu_id=0, use_pretrain=0, pretrain_model_path='trained_model/Embedding_based.pth', cf_batch_size=1024, kg_batch_size=2048, test_batch_size=2048, embed_dim=32, relation_dim=32, KG_embedding_type='TransE', kg_l2loss_lambda=0.0001, cf_l2loss_lambda=0.0001, lr=0.001, n_epoch=1000, stopping_steps=10, print_every=1, evaluate_every=10, Ks='[5, 10]', save_dir='trained_model/Douban/Embedding_based/dim32_lr0.001_l20.0001_TransE/')
2023-12-19 16:39:37,151 - root - INFO - n_users:      447
2023-12-19 16:39:37,152 - root - INFO - n_items:      578
2023-12-19 16:39:37,152 - root - INFO - n_entities:   2348
2023-12-19 16:39:37,152 - root - INFO - n_relations:  42
2023-12-19 16:39:37,152 - root - INFO - n_cf_train:   41830
2023-12-19 16:39:37,152 - root - INFO - n_cf_test:    10840
2023-12-19 16:39:37,152 - root - INFO - n_kg_data:    94012
2023-12-19 16:39:37,172 - root - INFO - Embedding_based(
  (user_embed): Embedding(447, 32)
  (item_embed): Embedding(578, 32)
  (entity_embed): Embedding(2348, 32)
  (relation_embed): Embedding(42, 32)
)
2023-12-19 16:39:37,969 - root - INFO - KG & CF Training: Epoch 0001 Iter 0001 / 0041 | Time 0.2s | Iter Loss 1.4503 | Iter Mean Loss 1.4503
2023-12-19 16:39:38,043 - root - INFO - KG & CF Training: Epoch 0001 Iter 0002 / 0041 | Time 0.1s | Iter Loss 1.4224 | Iter Mean Loss 1.4364
2023-12-19 16:39:38,113 - root - INFO - KG & CF Training: Epoch 0001 Iter 0003 / 0041 | Time 0.1s | Iter Loss 1.3959 | Iter Mean Loss 1.4229
2023-12-19 16:39:38,186 - root - INFO - KG & CF Training: Epoch 0001 Iter 0004 / 0041 | Time 0.1s | Iter Loss 1.3739 | Iter Mean Loss 1.4106
2023-12-19 16:39:38,252 - root - INFO - KG & CF Training: Epoch 0001 Iter 0005 / 0041 | Time 0.1s | Iter Loss 1.3589 | Iter Mean Loss 1.4003
2023-12-19 16:39:38,328 - root - INFO - KG & CF Training: Epoch 0001 Iter 0006 / 0041 | Time 0.1s | Iter Loss 1.3375 | Iter Mean Loss 1.3898
2023-12-19 16:39:38,408 - root - INFO - KG & CF Training: Epoch 0001 Iter 0007 / 0041 | Time 0.1s | Iter Loss 1.3062 | Iter Mean Loss 1.3779
2023-12-19 16:39:38,482 - root - INFO - KG & CF Training: Epoch 0001 Iter 0008 / 0041 | Time 0.1s | Iter Loss 1.2941 | Iter Mean Loss 1.3674
2023-12-19 16:39:38,566 - root - INFO - KG & CF Training: Epoch 0001 Iter 0009 / 0041 | Time 0.1s | Iter Loss 1.2707 | Iter Mean Loss 1.3567
2023-12-19 16:39:38,646 - root - INFO - KG & CF Training: Epoch 0001 Iter 0010 / 0041 | Time 0.1s | Iter Loss 1.2725 | Iter Mean Loss 1.3482
2023-12-19 16:39:38,719 - root - INFO - KG & CF Training: Epoch 0001 Iter 0011 / 0041 | Time 0.1s | Iter Loss 1.2489 | Iter Mean Loss 1.3392
2023-12-19 16:39:38,790 - root - INFO - KG & CF Training: Epoch 0001 Iter 0012 / 0041 | Time 0.1s | Iter Loss 1.2265 | Iter Mean Loss 1.3298
2023-12-19 16:39:38,859 - root - INFO - KG & CF Training: Epoch 0001 Iter 0013 / 0041 | Time 0.1s | Iter Loss 1.2153 | Iter Mean Loss 1.3210
2023-12-19 16:39:38,932 - root - INFO - KG & CF Training: Epoch 0001 Iter 0014 / 0041 | Time 0.1s | Iter Loss 1.1996 | Iter Mean Loss 1.3123
2023-12-19 16:39:39,015 - root - INFO - KG & CF Training: Epoch 0001 Iter 0015 / 0041 | Time 0.1s | Iter Loss 1.1925 | Iter Mean Loss 1.3043
2023-12-19 16:39:39,084 - root - INFO - KG & CF Training: Epoch 0001 Iter 0016 / 0041 | Time 0.1s | Iter Loss 1.1847 | Iter Mean Loss 1.2969
2023-12-19 16:39:39,165 - root - INFO - KG & CF Training: Epoch 0001 Iter 0017 / 0041 | Time 0.1s | Iter Loss 1.1645 | Iter Mean Loss 1.2891
2023-12-19 16:39:39,243 - root - INFO - KG & CF Training: Epoch 0001 Iter 0018 / 0041 | Time 0.1s | Iter Loss 1.1437 | Iter Mean Loss 1.2810
2023-12-19 16:39:39,314 - root - INFO - KG & CF Training: Epoch 0001 Iter 0019 / 0041 | Time 0.1s | Iter Loss 1.1513 | Iter Mean Loss 1.2742
2023-12-19 16:39:39,399 - root - INFO - KG & CF Training: Epoch 0001 Iter 0020 / 0041 | Time 0.1s | Iter Loss 1.1374 | Iter Mean Loss 1.2673
2023-12-19 16:39:39,479 - root - INFO - KG & CF Training: Epoch 0001 Iter 0021 / 0041 | Time 0.1s | Iter Loss 1.1206 | Iter Mean Loss 1.2604
2023-12-19 16:39:39,557 - root - INFO - KG & CF Training: Epoch 0001 Iter 0022 / 0041 | Time 0.1s | Iter Loss 1.1172 | Iter Mean Loss 1.2538
2023-12-19 16:39:39,633 - root - INFO - KG & CF Training: Epoch 0001 Iter 0023 / 0041 | Time 0.1s | Iter Loss 1.1136 | Iter Mean Loss 1.2478
2023-12-19 16:39:39,720 - root - INFO - KG & CF Training: Epoch 0001 Iter 0024 / 0041 | Time 0.1s | Iter Loss 1.1073 | Iter Mean Loss 1.2419
2023-12-19 16:39:39,790 - root - INFO - KG & CF Training: Epoch 0001 Iter 0025 / 0041 | Time 0.1s | Iter Loss 1.0846 | Iter Mean Loss 1.2356
2023-12-19 16:39:39,864 - root - INFO - KG & CF Training: Epoch 0001 Iter 0026 / 0041 | Time 0.1s | Iter Loss 1.0901 | Iter Mean Loss 1.2300
2023-12-19 16:39:39,942 - root - INFO - KG & CF Training: Epoch 0001 Iter 0027 / 0041 | Time 0.1s | Iter Loss 1.0814 | Iter Mean Loss 1.2245
2023-12-19 16:39:40,011 - root - INFO - KG & CF Training: Epoch 0001 Iter 0028 / 0041 | Time 0.1s | Iter Loss 1.0718 | Iter Mean Loss 1.2191
2023-12-19 16:39:40,076 - root - INFO - KG & CF Training: Epoch 0001 Iter 0029 / 0041 | Time 0.1s | Iter Loss 1.0665 | Iter Mean Loss 1.2138
2023-12-19 16:39:40,150 - root - INFO - KG & CF Training: Epoch 0001 Iter 0030 / 0041 | Time 0.1s | Iter Loss 1.0631 | Iter Mean Loss 1.2088
2023-12-19 16:39:40,239 - root - INFO - KG & CF Training: Epoch 0001 Iter 0031 / 0041 | Time 0.1s | Iter Loss 1.0519 | Iter Mean Loss 1.2037
2023-12-19 16:39:40,314 - root - INFO - KG & CF Training: Epoch 0001 Iter 0032 / 0041 | Time 0.1s | Iter Loss 1.0444 | Iter Mean Loss 1.1987
2023-12-19 16:39:40,383 - root - INFO - KG & CF Training: Epoch 0001 Iter 0033 / 0041 | Time 0.1s | Iter Loss 1.0501 | Iter Mean Loss 1.1942
2023-12-19 16:39:40,461 - root - INFO - KG & CF Training: Epoch 0001 Iter 0034 / 0041 | Time 0.1s | Iter Loss 1.0447 | Iter Mean Loss 1.1898
2023-12-19 16:39:40,541 - root - INFO - KG & CF Training: Epoch 0001 Iter 0035 / 0041 | Time 0.1s | Iter Loss 1.0317 | Iter Mean Loss 1.1853
2023-12-19 16:39:40,626 - root - INFO - KG & CF Training: Epoch 0001 Iter 0036 / 0041 | Time 0.1s | Iter Loss 1.0288 | Iter Mean Loss 1.1810
2023-12-19 16:39:40,700 - root - INFO - KG & CF Training: Epoch 0001 Iter 0037 / 0041 | Time 0.1s | Iter Loss 1.0221 | Iter Mean Loss 1.1767
2023-12-19 16:39:40,776 - root - INFO - KG & CF Training: Epoch 0001 Iter 0038 / 0041 | Time 0.1s | Iter Loss 1.0239 | Iter Mean Loss 1.1726
2023-12-19 16:39:40,846 - root - INFO - KG & CF Training: Epoch 0001 Iter 0039 / 0041 | Time 0.1s | Iter Loss 1.0243 | Iter Mean Loss 1.1688
2023-12-19 16:39:40,922 - root - INFO - KG & CF Training: Epoch 0001 Iter 0040 / 0041 | Time 0.1s | Iter Loss 1.0250 | Iter Mean Loss 1.1652
2023-12-19 16:39:41,008 - root - INFO - KG & CF Training: Epoch 0001 Iter 0041 / 0041 | Time 0.1s | Iter Loss 1.0107 | Iter Mean Loss 1.1615
2023-12-19 16:39:41,008 - root - INFO - KG & CF Training: Epoch 0001 Total Iter 0041 | Total Time 3.2s | Iter Mean Loss 1.1615
2023-12-19 16:39:41,083 - root - INFO - KG & CF Training: Epoch 0002 Iter 0001 / 0041 | Time 0.1s | Iter Loss 1.0099 | Iter Mean Loss 1.0099
2023-12-19 16:39:41,153 - root - INFO - KG & CF Training: Epoch 0002 Iter 0002 / 0041 | Time 0.1s | Iter Loss 1.0018 | Iter Mean Loss 1.0059
2023-12-19 16:39:41,228 - root - INFO - KG & CF Training: Epoch 0002 Iter 0003 / 0041 | Time 0.1s | Iter Loss 1.0044 | Iter Mean Loss 1.0054
2023-12-19 16:39:41,303 - root - INFO - KG & CF Training: Epoch 0002 Iter 0004 / 0041 | Time 0.1s | Iter Loss 0.9929 | Iter Mean Loss 1.0023
2023-12-19 16:39:41,377 - root - INFO - KG & CF Training: Epoch 0002 Iter 0005 / 0041 | Time 0.1s | Iter Loss 0.9895 | Iter Mean Loss 0.9997
2023-12-19 16:39:41,460 - root - INFO - KG & CF Training: Epoch 0002 Iter 0006 / 0041 | Time 0.1s | Iter Loss 0.9920 | Iter Mean Loss 0.9984
2023-12-19 16:39:41,541 - root - INFO - KG & CF Training: Epoch 0002 Iter 0007 / 0041 | Time 0.1s | Iter Loss 0.9905 | Iter Mean Loss 0.9973
2023-12-19 16:39:41,614 - root - INFO - KG & CF Training: Epoch 0002 Iter 0008 / 0041 | Time 0.1s | Iter Loss 0.9815 | Iter Mean Loss 0.9953
2023-12-19 16:39:41,685 - root - INFO - KG & CF Training: Epoch 0002 Iter 0009 / 0041 | Time 0.1s | Iter Loss 0.9722 | Iter Mean Loss 0.9927
2023-12-19 16:39:41,765 - root - INFO - KG & CF Training: Epoch 0002 Iter 0010 / 0041 | Time 0.1s | Iter Loss 0.9817 | Iter Mean Loss 0.9916
2023-12-19 16:39:41,851 - root - INFO - KG & CF Training: Epoch 0002 Iter 0011 / 0041 | Time 0.1s | Iter Loss 0.9693 | Iter Mean Loss 0.9896
2023-12-19 16:39:41,931 - root - INFO - KG & CF Training: Epoch 0002 Iter 0012 / 0041 | Time 0.1s | Iter Loss 0.9734 | Iter Mean Loss 0.9883
2023-12-19 16:39:42,015 - root - INFO - KG & CF Training: Epoch 0002 Iter 0013 / 0041 | Time 0.1s | Iter Loss 0.9700 | Iter Mean Loss 0.9869
2023-12-19 16:39:42,085 - root - INFO - KG & CF Training: Epoch 0002 Iter 0014 / 0041 | Time 0.1s | Iter Loss 0.9654 | Iter Mean Loss 0.9853
2023-12-19 16:39:42,156 - root - INFO - KG & CF Training: Epoch 0002 Iter 0015 / 0041 | Time 0.1s | Iter Loss 0.9658 | Iter Mean Loss 0.9840
2023-12-19 16:39:42,238 - root - INFO - KG & CF Training: Epoch 0002 Iter 0016 / 0041 | Time 0.1s | Iter Loss 0.9566 | Iter Mean Loss 0.9823
2023-12-19 16:39:42,313 - root - INFO - KG & CF Training: Epoch 0002 Iter 0017 / 0041 | Time 0.1s | Iter Loss 0.9598 | Iter Mean Loss 0.9810
2023-12-19 16:39:42,389 - root - INFO - KG & CF Training: Epoch 0002 Iter 0018 / 0041 | Time 0.1s | Iter Loss 0.9591 | Iter Mean Loss 0.9798
2023-12-19 16:39:42,470 - root - INFO - KG & CF Training: Epoch 0002 Iter 0019 / 0041 | Time 0.1s | Iter Loss 0.9545 | Iter Mean Loss 0.9784
2023-12-19 16:39:42,550 - root - INFO - KG & CF Training: Epoch 0002 Iter 0020 / 0041 | Time 0.1s | Iter Loss 0.9531 | Iter Mean Loss 0.9772
2023-12-19 16:39:42,636 - root - INFO - KG & CF Training: Epoch 0002 Iter 0021 / 0041 | Time 0.1s | Iter Loss 0.9537 | Iter Mean Loss 0.9760
2023-12-19 16:39:42,712 - root - INFO - KG & CF Training: Epoch 0002 Iter 0022 / 0041 | Time 0.1s | Iter Loss 0.9502 | Iter Mean Loss 0.9749
2023-12-19 16:39:42,798 - root - INFO - KG & CF Training: Epoch 0002 Iter 0023 / 0041 | Time 0.1s | Iter Loss 0.9489 | Iter Mean Loss 0.9737
2023-12-19 16:39:42,869 - root - INFO - KG & CF Training: Epoch 0002 Iter 0024 / 0041 | Time 0.1s | Iter Loss 0.9463 | Iter Mean Loss 0.9726
2023-12-19 16:39:42,945 - root - INFO - KG & CF Training: Epoch 0002 Iter 0025 / 0041 | Time 0.1s | Iter Loss 0.9402 | Iter Mean Loss 0.9713
2023-12-19 16:39:43,022 - root - INFO - KG & CF Training: Epoch 0002 Iter 0026 / 0041 | Time 0.1s | Iter Loss 0.9441 | Iter Mean Loss 0.9703
2023-12-19 16:39:43,107 - root - INFO - KG & CF Training: Epoch 0002 Iter 0027 / 0041 | Time 0.1s | Iter Loss 0.9417 | Iter Mean Loss 0.9692
2023-12-19 16:39:43,192 - root - INFO - KG & CF Training: Epoch 0002 Iter 0028 / 0041 | Time 0.1s | Iter Loss 0.9399 | Iter Mean Loss 0.9681
2023-12-19 16:39:43,271 - root - INFO - KG & CF Training: Epoch 0002 Iter 0029 / 0041 | Time 0.1s | Iter Loss 0.9346 | Iter Mean Loss 0.9670
2023-12-19 16:39:43,350 - root - INFO - KG & CF Training: Epoch 0002 Iter 0030 / 0041 | Time 0.1s | Iter Loss 0.9348 | Iter Mean Loss 0.9659
2023-12-19 16:39:43,428 - root - INFO - KG & CF Training: Epoch 0002 Iter 0031 / 0041 | Time 0.1s | Iter Loss 0.9436 | Iter Mean Loss 0.9652
2023-12-19 16:39:43,500 - root - INFO - KG & CF Training: Epoch 0002 Iter 0032 / 0041 | Time 0.1s | Iter Loss 0.9310 | Iter Mean Loss 0.9641
2023-12-19 16:39:43,580 - root - INFO - KG & CF Training: Epoch 0002 Iter 0033 / 0041 | Time 0.1s | Iter Loss 0.9250 | Iter Mean Loss 0.9629
2023-12-19 16:39:43,655 - root - INFO - KG & CF Training: Epoch 0002 Iter 0034 / 0041 | Time 0.1s | Iter Loss 0.9279 | Iter Mean Loss 0.9619
2023-12-19 16:39:43,739 - root - INFO - KG & CF Training: Epoch 0002 Iter 0035 / 0041 | Time 0.1s | Iter Loss 0.9356 | Iter Mean Loss 0.9612
2023-12-19 16:39:43,818 - root - INFO - KG & CF Training: Epoch 0002 Iter 0036 / 0041 | Time 0.1s | Iter Loss 0.9276 | Iter Mean Loss 0.9602
2023-12-19 16:39:43,896 - root - INFO - KG & CF Training: Epoch 0002 Iter 0037 / 0041 | Time 0.1s | Iter Loss 0.9217 | Iter Mean Loss 0.9592
2023-12-19 16:39:43,970 - root - INFO - KG & CF Training: Epoch 0002 Iter 0038 / 0041 | Time 0.1s | Iter Loss 0.9259 | Iter Mean Loss 0.9583
2023-12-19 16:39:44,046 - root - INFO - KG & CF Training: Epoch 0002 Iter 0039 / 0041 | Time 0.1s | Iter Loss 0.9243 | Iter Mean Loss 0.9574
2023-12-19 16:39:44,132 - root - INFO - KG & CF Training: Epoch 0002 Iter 0040 / 0041 | Time 0.1s | Iter Loss 0.9215 | Iter Mean Loss 0.9565
2023-12-19 16:39:44,217 - root - INFO - KG & CF Training: Epoch 0002 Iter 0041 / 0041 | Time 0.1s | Iter Loss 0.9219 | Iter Mean Loss 0.9557
2023-12-19 16:39:44,217 - root - INFO - KG & CF Training: Epoch 0002 Total Iter 0041 | Total Time 3.2s | Iter Mean Loss 0.9557
2023-12-19 16:39:44,300 - root - INFO - KG & CF Training: Epoch 0003 Iter 0001 / 0041 | Time 0.1s | Iter Loss 0.9209 | Iter Mean Loss 0.9209
2023-12-19 16:39:44,402 - root - INFO - KG & CF Training: Epoch 0003 Iter 0002 / 0041 | Time 0.1s | Iter Loss 0.9140 | Iter Mean Loss 0.9174
2023-12-19 16:39:44,491 - root - INFO - KG & CF Training: Epoch 0003 Iter 0003 / 0041 | Time 0.1s | Iter Loss 0.9190 | Iter Mean Loss 0.9180
2023-12-19 16:39:44,590 - root - INFO - KG & CF Training: Epoch 0003 Iter 0004 / 0041 | Time 0.1s | Iter Loss 0.9153 | Iter Mean Loss 0.9173
2023-12-19 16:39:44,672 - root - INFO - KG & CF Training: Epoch 0003 Iter 0005 / 0041 | Time 0.1s | Iter Loss 0.9179 | Iter Mean Loss 0.9174
2023-12-19 16:39:44,768 - root - INFO - KG & CF Training: Epoch 0003 Iter 0006 / 0041 | Time 0.1s | Iter Loss 0.9148 | Iter Mean Loss 0.9170
2023-12-19 16:39:44,859 - root - INFO - KG & CF Training: Epoch 0003 Iter 0007 / 0041 | Time 0.1s | Iter Loss 0.9142 | Iter Mean Loss 0.9166
2023-12-19 16:39:44,936 - root - INFO - KG & CF Training: Epoch 0003 Iter 0008 / 0041 | Time 0.1s | Iter Loss 0.9121 | Iter Mean Loss 0.9160
2023-12-19 16:39:45,017 - root - INFO - KG & CF Training: Epoch 0003 Iter 0009 / 0041 | Time 0.1s | Iter Loss 0.9076 | Iter Mean Loss 0.9151
2023-12-19 16:39:45,100 - root - INFO - KG & CF Training: Epoch 0003 Iter 0010 / 0041 | Time 0.1s | Iter Loss 0.9063 | Iter Mean Loss 0.9142
2023-12-19 16:39:45,187 - root - INFO - KG & CF Training: Epoch 0003 Iter 0011 / 0041 | Time 0.1s | Iter Loss 0.9176 | Iter Mean Loss 0.9145
2023-12-19 16:39:45,279 - root - INFO - KG & CF Training: Epoch 0003 Iter 0012 / 0041 | Time 0.1s | Iter Loss 0.9095 | Iter Mean Loss 0.9141
2023-12-19 16:39:45,363 - root - INFO - KG & CF Training: Epoch 0003 Iter 0013 / 0041 | Time 0.1s | Iter Loss 0.9073 | Iter Mean Loss 0.9136
2023-12-19 16:39:45,450 - root - INFO - KG & CF Training: Epoch 0003 Iter 0014 / 0041 | Time 0.1s | Iter Loss 0.9079 | Iter Mean Loss 0.9132
2023-12-19 16:39:45,533 - root - INFO - KG & CF Training: Epoch 0003 Iter 0015 / 0041 | Time 0.1s | Iter Loss 0.9126 | Iter Mean Loss 0.9131
2023-12-19 16:39:45,612 - root - INFO - KG & CF Training: Epoch 0003 Iter 0016 / 0041 | Time 0.1s | Iter Loss 0.9073 | Iter Mean Loss 0.9128
2023-12-19 16:39:45,691 - root - INFO - KG & CF Training: Epoch 0003 Iter 0017 / 0041 | Time 0.1s | Iter Loss 0.9039 | Iter Mean Loss 0.9122
2023-12-19 16:39:45,781 - root - INFO - KG & CF Training: Epoch 0003 Iter 0018 / 0041 | Time 0.1s | Iter Loss 0.8979 | Iter Mean Loss 0.9114
2023-12-19 16:39:45,869 - root - INFO - KG & CF Training: Epoch 0003 Iter 0019 / 0041 | Time 0.1s | Iter Loss 0.9051 | Iter Mean Loss 0.9111
2023-12-19 16:39:45,954 - root - INFO - KG & CF Training: Epoch 0003 Iter 0020 / 0041 | Time 0.1s | Iter Loss 0.9035 | Iter Mean Loss 0.9107
2023-12-19 16:39:46,037 - root - INFO - KG & CF Training: Epoch 0003 Iter 0021 / 0041 | Time 0.1s | Iter Loss 0.8939 | Iter Mean Loss 0.9099
2023-12-19 16:39:46,111 - root - INFO - KG & CF Training: Epoch 0003 Iter 0022 / 0041 | Time 0.1s | Iter Loss 0.8995 | Iter Mean Loss 0.9095
2023-12-19 16:39:46,198 - root - INFO - KG & CF Training: Epoch 0003 Iter 0023 / 0041 | Time 0.1s | Iter Loss 0.9017 | Iter Mean Loss 0.9091
2023-12-19 16:39:46,288 - root - INFO - KG & CF Training: Epoch 0003 Iter 0024 / 0041 | Time 0.1s | Iter Loss 0.8961 | Iter Mean Loss 0.9086
2023-12-19 16:39:46,388 - root - INFO - KG & CF Training: Epoch 0003 Iter 0025 / 0041 | Time 0.1s | Iter Loss 0.9027 | Iter Mean Loss 0.9083
2023-12-19 16:39:46,484 - root - INFO - KG & CF Training: Epoch 0003 Iter 0026 / 0041 | Time 0.1s | Iter Loss 0.8996 | Iter Mean Loss 0.9080
2023-12-19 16:39:46,596 - root - INFO - KG & CF Training: Epoch 0003 Iter 0027 / 0041 | Time 0.1s | Iter Loss 0.8964 | Iter Mean Loss 0.9076
2023-12-19 16:39:46,696 - root - INFO - KG & CF Training: Epoch 0003 Iter 0028 / 0041 | Time 0.1s | Iter Loss 0.8926 | Iter Mean Loss 0.9070
2023-12-19 16:39:46,779 - root - INFO - KG & CF Training: Epoch 0003 Iter 0029 / 0041 | Time 0.1s | Iter Loss 0.8975 | Iter Mean Loss 0.9067
2023-12-19 16:39:46,866 - root - INFO - KG & CF Training: Epoch 0003 Iter 0030 / 0041 | Time 0.1s | Iter Loss 0.8901 | Iter Mean Loss 0.9062
2023-12-19 16:39:46,954 - root - INFO - KG & CF Training: Epoch 0003 Iter 0031 / 0041 | Time 0.1s | Iter Loss 0.8930 | Iter Mean Loss 0.9057
2023-12-19 16:39:47,044 - root - INFO - KG & CF Training: Epoch 0003 Iter 0032 / 0041 | Time 0.1s | Iter Loss 0.8859 | Iter Mean Loss 0.9051
2023-12-19 16:39:47,115 - root - INFO - KG & CF Training: Epoch 0003 Iter 0033 / 0041 | Time 0.1s | Iter Loss 0.8918 | Iter Mean Loss 0.9047
2023-12-19 16:39:47,193 - root - INFO - KG & CF Training: Epoch 0003 Iter 0034 / 0041 | Time 0.1s | Iter Loss 0.8860 | Iter Mean Loss 0.9042
2023-12-19 16:39:47,268 - root - INFO - KG & CF Training: Epoch 0003 Iter 0035 / 0041 | Time 0.1s | Iter Loss 0.8906 | Iter Mean Loss 0.9038
2023-12-19 16:39:47,336 - root - INFO - KG & CF Training: Epoch 0003 Iter 0036 / 0041 | Time 0.1s | Iter Loss 0.8952 | Iter Mean Loss 0.9035
2023-12-19 16:39:47,421 - root - INFO - KG & CF Training: Epoch 0003 Iter 0037 / 0041 | Time 0.1s | Iter Loss 0.8901 | Iter Mean Loss 0.9032
2023-12-19 16:39:47,492 - root - INFO - KG & CF Training: Epoch 0003 Iter 0038 / 0041 | Time 0.1s | Iter Loss 0.8866 | Iter Mean Loss 0.9027
2023-12-19 16:39:47,565 - root - INFO - KG & CF Training: Epoch 0003 Iter 0039 / 0041 | Time 0.1s | Iter Loss 0.8909 | Iter Mean Loss 0.9024
2023-12-19 16:39:47,641 - root - INFO - KG & CF Training: Epoch 0003 Iter 0040 / 0041 | Time 0.1s | Iter Loss 0.8873 | Iter Mean Loss 0.9021
2023-12-19 16:39:47,715 - root - INFO - KG & CF Training: Epoch 0003 Iter 0041 / 0041 | Time 0.1s | Iter Loss 0.8868 | Iter Mean Loss 0.9017
2023-12-19 16:39:47,715 - root - INFO - KG & CF Training: Epoch 0003 Total Iter 0041 | Total Time 3.5s | Iter Mean Loss 0.9017
2023-12-19 16:39:47,799 - root - INFO - KG & CF Training: Epoch 0004 Iter 0001 / 0041 | Time 0.1s | Iter Loss 0.8856 | Iter Mean Loss 0.8856
2023-12-19 16:39:47,868 - root - INFO - KG & CF Training: Epoch 0004 Iter 0002 / 0041 | Time 0.1s | Iter Loss 0.8850 | Iter Mean Loss 0.8853
2023-12-19 16:39:47,949 - root - INFO - KG & CF Training: Epoch 0004 Iter 0003 / 0041 | Time 0.1s | Iter Loss 0.8832 | Iter Mean Loss 0.8846
2023-12-19 16:39:48,020 - root - INFO - KG & CF Training: Epoch 0004 Iter 0004 / 0041 | Time 0.1s | Iter Loss 0.8892 | Iter Mean Loss 0.8857
2023-12-19 16:39:48,108 - root - INFO - KG & CF Training: Epoch 0004 Iter 0005 / 0041 | Time 0.1s | Iter Loss 0.8845 | Iter Mean Loss 0.8855
2023-12-19 16:39:48,185 - root - INFO - KG & CF Training: Epoch 0004 Iter 0006 / 0041 | Time 0.1s | Iter Loss 0.8843 | Iter Mean Loss 0.8853
2023-12-19 16:39:48,278 - root - INFO - KG & CF Training: Epoch 0004 Iter 0007 / 0041 | Time 0.1s | Iter Loss 0.8785 | Iter Mean Loss 0.8843
2023-12-19 16:39:48,360 - root - INFO - KG & CF Training: Epoch 0004 Iter 0008 / 0041 | Time 0.1s | Iter Loss 0.8803 | Iter Mean Loss 0.8838
2023-12-19 16:39:48,452 - root - INFO - KG & CF Training: Epoch 0004 Iter 0009 / 0041 | Time 0.1s | Iter Loss 0.8836 | Iter Mean Loss 0.8838
2023-12-19 16:39:48,536 - root - INFO - KG & CF Training: Epoch 0004 Iter 0010 / 0041 | Time 0.1s | Iter Loss 0.8845 | Iter Mean Loss 0.8839
2023-12-19 16:39:48,615 - root - INFO - KG & CF Training: Epoch 0004 Iter 0011 / 0041 | Time 0.1s | Iter Loss 0.8793 | Iter Mean Loss 0.8835
2023-12-19 16:39:48,693 - root - INFO - KG & CF Training: Epoch 0004 Iter 0012 / 0041 | Time 0.1s | Iter Loss 0.8819 | Iter Mean Loss 0.8833
2023-12-19 16:39:48,775 - root - INFO - KG & CF Training: Epoch 0004 Iter 0013 / 0041 | Time 0.1s | Iter Loss 0.8844 | Iter Mean Loss 0.8834
2023-12-19 16:39:48,860 - root - INFO - KG & CF Training: Epoch 0004 Iter 0014 / 0041 | Time 0.1s | Iter Loss 0.8846 | Iter Mean Loss 0.8835
2023-12-19 16:39:48,938 - root - INFO - KG & CF Training: Epoch 0004 Iter 0015 / 0041 | Time 0.1s | Iter Loss 0.8791 | Iter Mean Loss 0.8832
2023-12-19 16:39:49,018 - root - INFO - KG & CF Training: Epoch 0004 Iter 0016 / 0041 | Time 0.1s | Iter Loss 0.8823 | Iter Mean Loss 0.8831
2023-12-19 16:39:49,093 - root - INFO - KG & CF Training: Epoch 0004 Iter 0017 / 0041 | Time 0.1s | Iter Loss 0.8767 | Iter Mean Loss 0.8828
2023-12-19 16:39:49,170 - root - INFO - KG & CF Training: Epoch 0004 Iter 0018 / 0041 | Time 0.1s | Iter Loss 0.8728 | Iter Mean Loss 0.8822
2023-12-19 16:39:49,251 - root - INFO - KG & CF Training: Epoch 0004 Iter 0019 / 0041 | Time 0.1s | Iter Loss 0.8771 | Iter Mean Loss 0.8819
2023-12-19 16:39:49,324 - root - INFO - KG & CF Training: Epoch 0004 Iter 0020 / 0041 | Time 0.1s | Iter Loss 0.8809 | Iter Mean Loss 0.8819
2023-12-19 16:39:49,404 - root - INFO - KG & CF Training: Epoch 0004 Iter 0021 / 0041 | Time 0.1s | Iter Loss 0.8780 | Iter Mean Loss 0.8817
2023-12-19 16:39:49,492 - root - INFO - KG & CF Training: Epoch 0004 Iter 0022 / 0041 | Time 0.1s | Iter Loss 0.8731 | Iter Mean Loss 0.8813
2023-12-19 16:39:49,577 - root - INFO - KG & CF Training: Epoch 0004 Iter 0023 / 0041 | Time 0.1s | Iter Loss 0.8716 | Iter Mean Loss 0.8809
2023-12-19 16:39:49,674 - root - INFO - KG & CF Training: Epoch 0004 Iter 0024 / 0041 | Time 0.1s | Iter Loss 0.8761 | Iter Mean Loss 0.8807
2023-12-19 16:39:49,757 - root - INFO - KG & CF Training: Epoch 0004 Iter 0025 / 0041 | Time 0.1s | Iter Loss 0.8780 | Iter Mean Loss 0.8806
2023-12-19 16:39:49,841 - root - INFO - KG & CF Training: Epoch 0004 Iter 0026 / 0041 | Time 0.1s | Iter Loss 0.8745 | Iter Mean Loss 0.8803
2023-12-19 16:39:49,927 - root - INFO - KG & CF Training: Epoch 0004 Iter 0027 / 0041 | Time 0.1s | Iter Loss 0.8763 | Iter Mean Loss 0.8802
2023-12-19 16:39:50,012 - root - INFO - KG & CF Training: Epoch 0004 Iter 0028 / 0041 | Time 0.1s | Iter Loss 0.8689 | Iter Mean Loss 0.8798
2023-12-19 16:39:50,090 - root - INFO - KG & CF Training: Epoch 0004 Iter 0029 / 0041 | Time 0.1s | Iter Loss 0.8670 | Iter Mean Loss 0.8793
2023-12-19 16:39:50,169 - root - INFO - KG & CF Training: Epoch 0004 Iter 0030 / 0041 | Time 0.1s | Iter Loss 0.8752 | Iter Mean Loss 0.8792
2023-12-19 16:39:50,252 - root - INFO - KG & CF Training: Epoch 0004 Iter 0031 / 0041 | Time 0.1s | Iter Loss 0.8715 | Iter Mean Loss 0.8790
2023-12-19 16:39:50,329 - root - INFO - KG & CF Training: Epoch 0004 Iter 0032 / 0041 | Time 0.1s | Iter Loss 0.8729 | Iter Mean Loss 0.8788
2023-12-19 16:39:50,406 - root - INFO - KG & CF Training: Epoch 0004 Iter 0033 / 0041 | Time 0.1s | Iter Loss 0.8700 | Iter Mean Loss 0.8785
2023-12-19 16:39:50,488 - root - INFO - KG & CF Training: Epoch 0004 Iter 0034 / 0041 | Time 0.1s | Iter Loss 0.8675 | Iter Mean Loss 0.8782
2023-12-19 16:39:50,567 - root - INFO - KG & CF Training: Epoch 0004 Iter 0035 / 0041 | Time 0.1s | Iter Loss 0.8691 | Iter Mean Loss 0.8779
2023-12-19 16:39:50,653 - root - INFO - KG & CF Training: Epoch 0004 Iter 0036 / 0041 | Time 0.1s | Iter Loss 0.8714 | Iter Mean Loss 0.8777
2023-12-19 16:39:50,730 - root - INFO - KG & CF Training: Epoch 0004 Iter 0037 / 0041 | Time 0.1s | Iter Loss 0.8687 | Iter Mean Loss 0.8775
2023-12-19 16:39:50,816 - root - INFO - KG & CF Training: Epoch 0004 Iter 0038 / 0041 | Time 0.1s | Iter Loss 0.8697 | Iter Mean Loss 0.8773
2023-12-19 16:39:50,896 - root - INFO - KG & CF Training: Epoch 0004 Iter 0039 / 0041 | Time 0.1s | Iter Loss 0.8642 | Iter Mean Loss 0.8770
2023-12-19 16:39:50,984 - root - INFO - KG & CF Training: Epoch 0004 Iter 0040 / 0041 | Time 0.1s | Iter Loss 0.8647 | Iter Mean Loss 0.8767
2023-12-19 16:39:51,056 - root - INFO - KG & CF Training: Epoch 0004 Iter 0041 / 0041 | Time 0.1s | Iter Loss 0.8668 | Iter Mean Loss 0.8764
2023-12-19 16:39:51,056 - root - INFO - KG & CF Training: Epoch 0004 Total Iter 0041 | Total Time 3.3s | Iter Mean Loss 0.8764
2023-12-19 16:39:51,129 - root - INFO - KG & CF Training: Epoch 0005 Iter 0001 / 0041 | Time 0.1s | Iter Loss 0.8632 | Iter Mean Loss 0.8632
2023-12-19 16:39:51,199 - root - INFO - KG & CF Training: Epoch 0005 Iter 0002 / 0041 | Time 0.1s | Iter Loss 0.8625 | Iter Mean Loss 0.8628
2023-12-19 16:39:51,288 - root - INFO - KG & CF Training: Epoch 0005 Iter 0003 / 0041 | Time 0.1s | Iter Loss 0.8630 | Iter Mean Loss 0.8629
2023-12-19 16:39:51,362 - root - INFO - KG & CF Training: Epoch 0005 Iter 0004 / 0041 | Time 0.1s | Iter Loss 0.8680 | Iter Mean Loss 0.8642
2023-12-19 16:39:51,438 - root - INFO - KG & CF Training: Epoch 0005 Iter 0005 / 0041 | Time 0.1s | Iter Loss 0.8621 | Iter Mean Loss 0.8637
2023-12-19 16:39:51,530 - root - INFO - KG & CF Training: Epoch 0005 Iter 0006 / 0041 | Time 0.1s | Iter Loss 0.8654 | Iter Mean Loss 0.8640
2023-12-19 16:39:51,624 - root - INFO - KG & CF Training: Epoch 0005 Iter 0007 / 0041 | Time 0.1s | Iter Loss 0.8647 | Iter Mean Loss 0.8641
2023-12-19 16:39:51,702 - root - INFO - KG & CF Training: Epoch 0005 Iter 0008 / 0041 | Time 0.1s | Iter Loss 0.8545 | Iter Mean Loss 0.8629
2023-12-19 16:39:51,781 - root - INFO - KG & CF Training: Epoch 0005 Iter 0009 / 0041 | Time 0.1s | Iter Loss 0.8601 | Iter Mean Loss 0.8626
2023-12-19 16:39:51,856 - root - INFO - KG & CF Training: Epoch 0005 Iter 0010 / 0041 | Time 0.1s | Iter Loss 0.8571 | Iter Mean Loss 0.8620
2023-12-19 16:39:51,937 - root - INFO - KG & CF Training: Epoch 0005 Iter 0011 / 0041 | Time 0.1s | Iter Loss 0.8615 | Iter Mean Loss 0.8620
2023-12-19 16:39:52,021 - root - INFO - KG & CF Training: Epoch 0005 Iter 0012 / 0041 | Time 0.1s | Iter Loss 0.8623 | Iter Mean Loss 0.8620
2023-12-19 16:39:52,098 - root - INFO - KG & CF Training: Epoch 0005 Iter 0013 / 0041 | Time 0.1s | Iter Loss 0.8663 | Iter Mean Loss 0.8623
2023-12-19 16:39:52,185 - root - INFO - KG & CF Training: Epoch 0005 Iter 0014 / 0041 | Time 0.1s | Iter Loss 0.8604 | Iter Mean Loss 0.8622
2023-12-19 16:39:52,266 - root - INFO - KG & CF Training: Epoch 0005 Iter 0015 / 0041 | Time 0.1s | Iter Loss 0.8531 | Iter Mean Loss 0.8616
2023-12-19 16:39:52,348 - root - INFO - KG & CF Training: Epoch 0005 Iter 0016 / 0041 | Time 0.1s | Iter Loss 0.8570 | Iter Mean Loss 0.8613
2023-12-19 16:39:52,428 - root - INFO - KG & CF Training: Epoch 0005 Iter 0017 / 0041 | Time 0.1s | Iter Loss 0.8587 | Iter Mean Loss 0.8612
2023-12-19 16:39:52,518 - root - INFO - KG & CF Training: Epoch 0005 Iter 0018 / 0041 | Time 0.1s | Iter Loss 0.8604 | Iter Mean Loss 0.8611
2023-12-19 16:39:52,594 - root - INFO - KG & CF Training: Epoch 0005 Iter 0019 / 0041 | Time 0.1s | Iter Loss 0.8567 | Iter Mean Loss 0.8609
2023-12-19 16:39:52,675 - root - INFO - KG & CF Training: Epoch 0005 Iter 0020 / 0041 | Time 0.1s | Iter Loss 0.8566 | Iter Mean Loss 0.8607
2023-12-19 16:39:52,748 - root - INFO - KG & CF Training: Epoch 0005 Iter 0021 / 0041 | Time 0.1s | Iter Loss 0.8605 | Iter Mean Loss 0.8607
2023-12-19 16:39:52,837 - root - INFO - KG & CF Training: Epoch 0005 Iter 0022 / 0041 | Time 0.1s | Iter Loss 0.8581 | Iter Mean Loss 0.8605
2023-12-19 16:39:52,912 - root - INFO - KG & CF Training: Epoch 0005 Iter 0023 / 0041 | Time 0.1s | Iter Loss 0.8547 | Iter Mean Loss 0.8603
2023-12-19 16:39:52,992 - root - INFO - KG & CF Training: Epoch 0005 Iter 0024 / 0041 | Time 0.1s | Iter Loss 0.8545 | Iter Mean Loss 0.8600
2023-12-19 16:39:53,066 - root - INFO - KG & CF Training: Epoch 0005 Iter 0025 / 0041 | Time 0.1s | Iter Loss 0.8529 | Iter Mean Loss 0.8598
2023-12-19 16:39:53,149 - root - INFO - KG & CF Training: Epoch 0005 Iter 0026 / 0041 | Time 0.1s | Iter Loss 0.8547 | Iter Mean Loss 0.8596
2023-12-19 16:39:53,221 - root - INFO - KG & CF Training: Epoch 0005 Iter 0027 / 0041 | Time 0.1s | Iter Loss 0.8572 | Iter Mean Loss 0.8595
2023-12-19 16:39:53,299 - root - INFO - KG & CF Training: Epoch 0005 Iter 0028 / 0041 | Time 0.1s | Iter Loss 0.8546 | Iter Mean Loss 0.8593
2023-12-19 16:39:53,387 - root - INFO - KG & CF Training: Epoch 0005 Iter 0029 / 0041 | Time 0.1s | Iter Loss 0.8491 | Iter Mean Loss 0.8590
2023-12-19 16:39:53,469 - root - INFO - KG & CF Training: Epoch 0005 Iter 0030 / 0041 | Time 0.1s | Iter Loss 0.8555 | Iter Mean Loss 0.8588
2023-12-19 16:39:53,555 - root - INFO - KG & CF Training: Epoch 0005 Iter 0031 / 0041 | Time 0.1s | Iter Loss 0.8570 | Iter Mean Loss 0.8588
2023-12-19 16:39:53,637 - root - INFO - KG & CF Training: Epoch 0005 Iter 0032 / 0041 | Time 0.1s | Iter Loss 0.8546 | Iter Mean Loss 0.8586
2023-12-19 16:39:53,715 - root - INFO - KG & CF Training: Epoch 0005 Iter 0033 / 0041 | Time 0.1s | Iter Loss 0.8505 | Iter Mean Loss 0.8584
2023-12-19 16:39:53,787 - root - INFO - KG & CF Training: Epoch 0005 Iter 0034 / 0041 | Time 0.1s | Iter Loss 0.8525 | Iter Mean Loss 0.8582
2023-12-19 16:39:53,863 - root - INFO - KG & CF Training: Epoch 0005 Iter 0035 / 0041 | Time 0.1s | Iter Loss 0.8523 | Iter Mean Loss 0.8581
2023-12-19 16:39:53,935 - root - INFO - KG & CF Training: Epoch 0005 Iter 0036 / 0041 | Time 0.1s | Iter Loss 0.8498 | Iter Mean Loss 0.8578
2023-12-19 16:39:54,020 - root - INFO - KG & CF Training: Epoch 0005 Iter 0037 / 0041 | Time 0.1s | Iter Loss 0.8527 | Iter Mean Loss 0.8577
2023-12-19 16:39:54,121 - root - INFO - KG & CF Training: Epoch 0005 Iter 0038 / 0041 | Time 0.1s | Iter Loss 0.8481 | Iter Mean Loss 0.8574
2023-12-19 16:39:54,215 - root - INFO - KG & CF Training: Epoch 0005 Iter 0039 / 0041 | Time 0.1s | Iter Loss 0.8487 | Iter Mean Loss 0.8572
2023-12-19 16:39:54,298 - root - INFO - KG & CF Training: Epoch 0005 Iter 0040 / 0041 | Time 0.1s | Iter Loss 0.8533 | Iter Mean Loss 0.8571
2023-12-19 16:39:54,374 - root - INFO - KG & CF Training: Epoch 0005 Iter 0041 / 0041 | Time 0.1s | Iter Loss 0.8510 | Iter Mean Loss 0.8570
2023-12-19 16:39:54,374 - root - INFO - KG & CF Training: Epoch 0005 Total Iter 0041 | Total Time 3.3s | Iter Mean Loss 0.8570
2023-12-19 16:39:54,477 - root - INFO - KG & CF Training: Epoch 0006 Iter 0001 / 0041 | Time 0.1s | Iter Loss 0.8478 | Iter Mean Loss 0.8478
2023-12-19 16:39:54,595 - root - INFO - KG & CF Training: Epoch 0006 Iter 0002 / 0041 | Time 0.1s | Iter Loss 0.8472 | Iter Mean Loss 0.8475
2023-12-19 16:39:54,705 - root - INFO - KG & CF Training: Epoch 0006 Iter 0003 / 0041 | Time 0.1s | Iter Loss 0.8468 | Iter Mean Loss 0.8473
2023-12-19 16:39:54,810 - root - INFO - KG & CF Training: Epoch 0006 Iter 0004 / 0041 | Time 0.1s | Iter Loss 0.8469 | Iter Mean Loss 0.8472
2023-12-19 16:39:54,907 - root - INFO - KG & CF Training: Epoch 0006 Iter 0005 / 0041 | Time 0.1s | Iter Loss 0.8455 | Iter Mean Loss 0.8468
2023-12-19 16:39:54,994 - root - INFO - KG & CF Training: Epoch 0006 Iter 0006 / 0041 | Time 0.1s | Iter Loss 0.8463 | Iter Mean Loss 0.8467
2023-12-19 16:39:55,086 - root - INFO - KG & CF Training: Epoch 0006 Iter 0007 / 0041 | Time 0.1s | Iter Loss 0.8471 | Iter Mean Loss 0.8468
2023-12-19 16:39:55,159 - root - INFO - KG & CF Training: Epoch 0006 Iter 0008 / 0041 | Time 0.1s | Iter Loss 0.8479 | Iter Mean Loss 0.8469
2023-12-19 16:39:55,238 - root - INFO - KG & CF Training: Epoch 0006 Iter 0009 / 0041 | Time 0.1s | Iter Loss 0.8508 | Iter Mean Loss 0.8474
2023-12-19 16:39:55,314 - root - INFO - KG & CF Training: Epoch 0006 Iter 0010 / 0041 | Time 0.1s | Iter Loss 0.8447 | Iter Mean Loss 0.8471
2023-12-19 16:39:55,397 - root - INFO - KG & CF Training: Epoch 0006 Iter 0011 / 0041 | Time 0.1s | Iter Loss 0.8455 | Iter Mean Loss 0.8469
2023-12-19 16:39:55,493 - root - INFO - KG & CF Training: Epoch 0006 Iter 0012 / 0041 | Time 0.1s | Iter Loss 0.8479 | Iter Mean Loss 0.8470
2023-12-19 16:39:55,629 - root - INFO - KG & CF Training: Epoch 0006 Iter 0013 / 0041 | Time 0.1s | Iter Loss 0.8445 | Iter Mean Loss 0.8468
2023-12-19 16:39:55,803 - root - INFO - KG & CF Training: Epoch 0006 Iter 0014 / 0041 | Time 0.2s | Iter Loss 0.8392 | Iter Mean Loss 0.8463
2023-12-19 16:39:55,968 - root - INFO - KG & CF Training: Epoch 0006 Iter 0015 / 0041 | Time 0.2s | Iter Loss 0.8479 | Iter Mean Loss 0.8464
2023-12-19 16:39:56,080 - root - INFO - KG & CF Training: Epoch 0006 Iter 0016 / 0041 | Time 0.1s | Iter Loss 0.8405 | Iter Mean Loss 0.8460
2023-12-19 16:39:56,178 - root - INFO - KG & CF Training: Epoch 0006 Iter 0017 / 0041 | Time 0.1s | Iter Loss 0.8400 | Iter Mean Loss 0.8457
2023-12-19 16:39:56,262 - root - INFO - KG & CF Training: Epoch 0006 Iter 0018 / 0041 | Time 0.1s | Iter Loss 0.8399 | Iter Mean Loss 0.8453
2023-12-19 16:39:56,368 - root - INFO - KG & CF Training: Epoch 0006 Iter 0019 / 0041 | Time 0.1s | Iter Loss 0.8461 | Iter Mean Loss 0.8454
2023-12-19 16:39:56,468 - root - INFO - KG & CF Training: Epoch 0006 Iter 0020 / 0041 | Time 0.1s | Iter Loss 0.8416 | Iter Mean Loss 0.8452
2023-12-19 16:39:56,565 - root - INFO - KG & CF Training: Epoch 0006 Iter 0021 / 0041 | Time 0.1s | Iter Loss 0.8419 | Iter Mean Loss 0.8450
2023-12-19 16:39:56,656 - root - INFO - KG & CF Training: Epoch 0006 Iter 0022 / 0041 | Time 0.1s | Iter Loss 0.8372 | Iter Mean Loss 0.8447
2023-12-19 16:39:56,760 - root - INFO - KG & CF Training: Epoch 0006 Iter 0023 / 0041 | Time 0.1s | Iter Loss 0.8406 | Iter Mean Loss 0.8445
2023-12-19 16:39:56,859 - root - INFO - KG & CF Training: Epoch 0006 Iter 0024 / 0041 | Time 0.1s | Iter Loss 0.8437 | Iter Mean Loss 0.8445
2023-12-19 16:39:56,965 - root - INFO - KG & CF Training: Epoch 0006 Iter 0025 / 0041 | Time 0.1s | Iter Loss 0.8365 | Iter Mean Loss 0.8442
2023-12-19 16:39:57,048 - root - INFO - KG & CF Training: Epoch 0006 Iter 0026 / 0041 | Time 0.1s | Iter Loss 0.8360 | Iter Mean Loss 0.8438
2023-12-19 16:39:57,120 - root - INFO - KG & CF Training: Epoch 0006 Iter 0027 / 0041 | Time 0.1s | Iter Loss 0.8386 | Iter Mean Loss 0.8436
2023-12-19 16:39:57,210 - root - INFO - KG & CF Training: Epoch 0006 Iter 0028 / 0041 | Time 0.1s | Iter Loss 0.8352 | Iter Mean Loss 0.8433
2023-12-19 16:39:57,287 - root - INFO - KG & CF Training: Epoch 0006 Iter 0029 / 0041 | Time 0.1s | Iter Loss 0.8379 | Iter Mean Loss 0.8432
2023-12-19 16:39:57,377 - root - INFO - KG & CF Training: Epoch 0006 Iter 0030 / 0041 | Time 0.1s | Iter Loss 0.8350 | Iter Mean Loss 0.8429
2023-12-19 16:39:57,484 - root - INFO - KG & CF Training: Epoch 0006 Iter 0031 / 0041 | Time 0.1s | Iter Loss 0.8418 | Iter Mean Loss 0.8428
2023-12-19 16:39:57,584 - root - INFO - KG & CF Training: Epoch 0006 Iter 0032 / 0041 | Time 0.1s | Iter Loss 0.8381 | Iter Mean Loss 0.8427
2023-12-19 16:39:57,661 - root - INFO - KG & CF Training: Epoch 0006 Iter 0033 / 0041 | Time 0.1s | Iter Loss 0.8315 | Iter Mean Loss 0.8424
2023-12-19 16:39:57,915 - root - INFO - KG & CF Training: Epoch 0006 Iter 0034 / 0041 | Time 0.3s | Iter Loss 0.8345 | Iter Mean Loss 0.8421
2023-12-19 16:39:58,006 - root - INFO - KG & CF Training: Epoch 0006 Iter 0035 / 0041 | Time 0.1s | Iter Loss 0.8287 | Iter Mean Loss 0.8417
2023-12-19 16:39:58,085 - root - INFO - KG & CF Training: Epoch 0006 Iter 0036 / 0041 | Time 0.1s | Iter Loss 0.8292 | Iter Mean Loss 0.8414
2023-12-19 16:39:58,175 - root - INFO - KG & CF Training: Epoch 0006 Iter 0037 / 0041 | Time 0.1s | Iter Loss 0.8297 | Iter Mean Loss 0.8411
2023-12-19 16:39:58,261 - root - INFO - KG & CF Training: Epoch 0006 Iter 0038 / 0041 | Time 0.1s | Iter Loss 0.8256 | Iter Mean Loss 0.8407
2023-12-19 16:39:58,358 - root - INFO - KG & CF Training: Epoch 0006 Iter 0039 / 0041 | Time 0.1s | Iter Loss 0.8374 | Iter Mean Loss 0.8406
2023-12-19 16:39:58,457 - root - INFO - KG & CF Training: Epoch 0006 Iter 0040 / 0041 | Time 0.1s | Iter Loss 0.8299 | Iter Mean Loss 0.8403
2023-12-19 16:39:58,540 - root - INFO - KG & CF Training: Epoch 0006 Iter 0041 / 0041 | Time 0.1s | Iter Loss 0.8281 | Iter Mean Loss 0.8400
2023-12-19 16:39:58,541 - root - INFO - KG & CF Training: Epoch 0006 Total Iter 0041 | Total Time 4.2s | Iter Mean Loss 0.8400
2023-12-19 16:39:58,615 - root - INFO - KG & CF Training: Epoch 0007 Iter 0001 / 0041 | Time 0.1s | Iter Loss 0.8289 | Iter Mean Loss 0.8289
2023-12-19 16:39:58,729 - root - INFO - KG & CF Training: Epoch 0007 Iter 0002 / 0041 | Time 0.1s | Iter Loss 0.8294 | Iter Mean Loss 0.8291
2023-12-19 16:39:58,822 - root - INFO - KG & CF Training: Epoch 0007 Iter 0003 / 0041 | Time 0.1s | Iter Loss 0.8284 | Iter Mean Loss 0.8289
2023-12-19 16:39:58,911 - root - INFO - KG & CF Training: Epoch 0007 Iter 0004 / 0041 | Time 0.1s | Iter Loss 0.8312 | Iter Mean Loss 0.8295
2023-12-19 16:39:58,998 - root - INFO - KG & CF Training: Epoch 0007 Iter 0005 / 0041 | Time 0.1s | Iter Loss 0.8298 | Iter Mean Loss 0.8295
2023-12-19 16:39:59,073 - root - INFO - KG & CF Training: Epoch 0007 Iter 0006 / 0041 | Time 0.1s | Iter Loss 0.8217 | Iter Mean Loss 0.8282
2023-12-19 16:39:59,152 - root - INFO - KG & CF Training: Epoch 0007 Iter 0007 / 0041 | Time 0.1s | Iter Loss 0.8213 | Iter Mean Loss 0.8272
2023-12-19 16:39:59,236 - root - INFO - KG & CF Training: Epoch 0007 Iter 0008 / 0041 | Time 0.1s | Iter Loss 0.8249 | Iter Mean Loss 0.8269
2023-12-19 16:39:59,324 - root - INFO - KG & CF Training: Epoch 0007 Iter 0009 / 0041 | Time 0.1s | Iter Loss 0.8242 | Iter Mean Loss 0.8266
2023-12-19 16:39:59,401 - root - INFO - KG & CF Training: Epoch 0007 Iter 0010 / 0041 | Time 0.1s | Iter Loss 0.8263 | Iter Mean Loss 0.8266
2023-12-19 16:39:59,469 - root - INFO - KG & CF Training: Epoch 0007 Iter 0011 / 0041 | Time 0.1s | Iter Loss 0.8263 | Iter Mean Loss 0.8266
2023-12-19 16:39:59,546 - root - INFO - KG & CF Training: Epoch 0007 Iter 0012 / 0041 | Time 0.1s | Iter Loss 0.8242 | Iter Mean Loss 0.8264
2023-12-19 16:39:59,632 - root - INFO - KG & CF Training: Epoch 0007 Iter 0013 / 0041 | Time 0.1s | Iter Loss 0.8239 | Iter Mean Loss 0.8262
2023-12-19 16:39:59,730 - root - INFO - KG & CF Training: Epoch 0007 Iter 0014 / 0041 | Time 0.1s | Iter Loss 0.8232 | Iter Mean Loss 0.8260
2023-12-19 16:39:59,833 - root - INFO - KG & CF Training: Epoch 0007 Iter 0015 / 0041 | Time 0.1s | Iter Loss 0.8194 | Iter Mean Loss 0.8255
2023-12-19 16:39:59,913 - root - INFO - KG & CF Training: Epoch 0007 Iter 0016 / 0041 | Time 0.1s | Iter Loss 0.8211 | Iter Mean Loss 0.8253
2023-12-19 16:40:00,010 - root - INFO - KG & CF Training: Epoch 0007 Iter 0017 / 0041 | Time 0.1s | Iter Loss 0.8242 | Iter Mean Loss 0.8252
2023-12-19 16:40:00,100 - root - INFO - KG & CF Training: Epoch 0007 Iter 0018 / 0041 | Time 0.1s | Iter Loss 0.8218 | Iter Mean Loss 0.8250
2023-12-19 16:40:00,194 - root - INFO - KG & CF Training: Epoch 0007 Iter 0019 / 0041 | Time 0.1s | Iter Loss 0.8179 | Iter Mean Loss 0.8246
2023-12-19 16:40:00,268 - root - INFO - KG & CF Training: Epoch 0007 Iter 0020 / 0041 | Time 0.1s | Iter Loss 0.8258 | Iter Mean Loss 0.8247
2023-12-19 16:40:00,340 - root - INFO - KG & CF Training: Epoch 0007 Iter 0021 / 0041 | Time 0.1s | Iter Loss 0.8131 | Iter Mean Loss 0.8241
2023-12-19 16:40:00,410 - root - INFO - KG & CF Training: Epoch 0007 Iter 0022 / 0041 | Time 0.1s | Iter Loss 0.8288 | Iter Mean Loss 0.8243
2023-12-19 16:40:00,485 - root - INFO - KG & CF Training: Epoch 0007 Iter 0023 / 0041 | Time 0.1s | Iter Loss 0.8191 | Iter Mean Loss 0.8241
2023-12-19 16:40:00,571 - root - INFO - KG & CF Training: Epoch 0007 Iter 0024 / 0041 | Time 0.1s | Iter Loss 0.8154 | Iter Mean Loss 0.8238
2023-12-19 16:40:00,650 - root - INFO - KG & CF Training: Epoch 0007 Iter 0025 / 0041 | Time 0.1s | Iter Loss 0.8165 | Iter Mean Loss 0.8235
2023-12-19 16:40:00,737 - root - INFO - KG & CF Training: Epoch 0007 Iter 0026 / 0041 | Time 0.1s | Iter Loss 0.8159 | Iter Mean Loss 0.8232
2023-12-19 16:40:00,825 - root - INFO - KG & CF Training: Epoch 0007 Iter 0027 / 0041 | Time 0.1s | Iter Loss 0.8246 | Iter Mean Loss 0.8232
2023-12-19 16:40:00,910 - root - INFO - KG & CF Training: Epoch 0007 Iter 0028 / 0041 | Time 0.1s | Iter Loss 0.8138 | Iter Mean Loss 0.8229
2023-12-19 16:40:00,977 - root - INFO - KG & CF Training: Epoch 0007 Iter 0029 / 0041 | Time 0.1s | Iter Loss 0.8157 | Iter Mean Loss 0.8226
2023-12-19 16:40:01,050 - root - INFO - KG & CF Training: Epoch 0007 Iter 0030 / 0041 | Time 0.1s | Iter Loss 0.8119 | Iter Mean Loss 0.8223
2023-12-19 16:40:17,576 - root - INFO - KG & CF Training: Epoch 0007 Iter 0031 / 0041 | Time 16.5s | Iter Loss 0.8197 | Iter Mean Loss 0.8222
2023-12-19 16:40:17,682 - root - INFO - KG & CF Training: Epoch 0007 Iter 0032 / 0041 | Time 0.1s | Iter Loss 0.8180 | Iter Mean Loss 0.8221
2023-12-19 16:40:17,785 - root - INFO - KG & CF Training: Epoch 0007 Iter 0033 / 0041 | Time 0.1s | Iter Loss 0.8101 | Iter Mean Loss 0.8217
2023-12-19 16:40:18,236 - root - INFO - KG & CF Training: Epoch 0007 Iter 0034 / 0041 | Time 0.4s | Iter Loss 0.8096 | Iter Mean Loss 0.8214
2023-12-19 16:40:18,623 - root - INFO - KG & CF Training: Epoch 0007 Iter 0035 / 0041 | Time 0.4s | Iter Loss 0.8144 | Iter Mean Loss 0.8212
2023-12-19 16:40:18,742 - root - INFO - KG & CF Training: Epoch 0007 Iter 0036 / 0041 | Time 0.1s | Iter Loss 0.8161 | Iter Mean Loss 0.8210
2023-12-19 16:40:18,889 - root - INFO - KG & CF Training: Epoch 0007 Iter 0037 / 0041 | Time 0.1s | Iter Loss 0.8128 | Iter Mean Loss 0.8208
2023-12-19 16:40:19,019 - root - INFO - KG & CF Training: Epoch 0007 Iter 0038 / 0041 | Time 0.1s | Iter Loss 0.8082 | Iter Mean Loss 0.8205
2023-12-19 16:40:19,183 - root - INFO - KG & CF Training: Epoch 0007 Iter 0039 / 0041 | Time 0.2s | Iter Loss 0.8056 | Iter Mean Loss 0.8201
2023-12-19 16:40:19,297 - root - INFO - KG & CF Training: Epoch 0007 Iter 0040 / 0041 | Time 0.1s | Iter Loss 0.8059 | Iter Mean Loss 0.8197
2023-12-19 16:40:19,421 - root - INFO - KG & CF Training: Epoch 0007 Iter 0041 / 0041 | Time 0.1s | Iter Loss 0.8074 | Iter Mean Loss 0.8194
2023-12-19 16:40:19,421 - root - INFO - KG & CF Training: Epoch 0007 Total Iter 0041 | Total Time 20.9s | Iter Mean Loss 0.8194
2023-12-19 16:40:19,537 - root - INFO - KG & CF Training: Epoch 0008 Iter 0001 / 0041 | Time 0.1s | Iter Loss 0.8028 | Iter Mean Loss 0.8028
2023-12-19 16:40:19,638 - root - INFO - KG & CF Training: Epoch 0008 Iter 0002 / 0041 | Time 0.1s | Iter Loss 0.8087 | Iter Mean Loss 0.8058
2023-12-19 16:40:19,738 - root - INFO - KG & CF Training: Epoch 0008 Iter 0003 / 0041 | Time 0.1s | Iter Loss 0.8017 | Iter Mean Loss 0.8044
2023-12-19 16:40:19,836 - root - INFO - KG & CF Training: Epoch 0008 Iter 0004 / 0041 | Time 0.1s | Iter Loss 0.8105 | Iter Mean Loss 0.8059
2023-12-19 16:40:19,945 - root - INFO - KG & CF Training: Epoch 0008 Iter 0005 / 0041 | Time 0.1s | Iter Loss 0.8077 | Iter Mean Loss 0.8063
2023-12-19 16:40:20,056 - root - INFO - KG & CF Training: Epoch 0008 Iter 0006 / 0041 | Time 0.1s | Iter Loss 0.8031 | Iter Mean Loss 0.8058
2023-12-19 16:40:20,167 - root - INFO - KG & CF Training: Epoch 0008 Iter 0007 / 0041 | Time 0.1s | Iter Loss 0.7995 | Iter Mean Loss 0.8049
2023-12-19 16:40:20,268 - root - INFO - KG & CF Training: Epoch 0008 Iter 0008 / 0041 | Time 0.1s | Iter Loss 0.8033 | Iter Mean Loss 0.8047
2023-12-19 16:40:20,362 - root - INFO - KG & CF Training: Epoch 0008 Iter 0009 / 0041 | Time 0.1s | Iter Loss 0.8041 | Iter Mean Loss 0.8046
2023-12-19 16:40:20,483 - root - INFO - KG & CF Training: Epoch 0008 Iter 0010 / 0041 | Time 0.1s | Iter Loss 0.8009 | Iter Mean Loss 0.8042
2023-12-19 16:40:20,581 - root - INFO - KG & CF Training: Epoch 0008 Iter 0011 / 0041 | Time 0.1s | Iter Loss 0.8030 | Iter Mean Loss 0.8041
2023-12-19 16:40:20,726 - root - INFO - KG & CF Training: Epoch 0008 Iter 0012 / 0041 | Time 0.1s | Iter Loss 0.7989 | Iter Mean Loss 0.8037
2023-12-19 16:40:20,898 - root - INFO - KG & CF Training: Epoch 0008 Iter 0013 / 0041 | Time 0.2s | Iter Loss 0.7976 | Iter Mean Loss 0.8032
2023-12-19 16:40:21,065 - root - INFO - KG & CF Training: Epoch 0008 Iter 0014 / 0041 | Time 0.2s | Iter Loss 0.8038 | Iter Mean Loss 0.8033
2023-12-19 16:40:21,309 - root - INFO - KG & CF Training: Epoch 0008 Iter 0015 / 0041 | Time 0.2s | Iter Loss 0.8041 | Iter Mean Loss 0.8033
2023-12-19 16:40:21,423 - root - INFO - KG & CF Training: Epoch 0008 Iter 0016 / 0041 | Time 0.1s | Iter Loss 0.7958 | Iter Mean Loss 0.8028
2023-12-19 16:40:21,541 - root - INFO - KG & CF Training: Epoch 0008 Iter 0017 / 0041 | Time 0.1s | Iter Loss 0.8010 | Iter Mean Loss 0.8027
2023-12-19 16:40:21,654 - root - INFO - KG & CF Training: Epoch 0008 Iter 0018 / 0041 | Time 0.1s | Iter Loss 0.8029 | Iter Mean Loss 0.8027
2023-12-19 16:40:21,751 - root - INFO - KG & CF Training: Epoch 0008 Iter 0019 / 0041 | Time 0.1s | Iter Loss 0.7972 | Iter Mean Loss 0.8024
2023-12-19 16:40:21,867 - root - INFO - KG & CF Training: Epoch 0008 Iter 0020 / 0041 | Time 0.1s | Iter Loss 0.7941 | Iter Mean Loss 0.8020
2023-12-19 16:40:21,981 - root - INFO - KG & CF Training: Epoch 0008 Iter 0021 / 0041 | Time 0.1s | Iter Loss 0.8002 | Iter Mean Loss 0.8019
2023-12-19 16:40:22,084 - root - INFO - KG & CF Training: Epoch 0008 Iter 0022 / 0041 | Time 0.1s | Iter Loss 0.7921 | Iter Mean Loss 0.8015
2023-12-19 16:40:22,192 - root - INFO - KG & CF Training: Epoch 0008 Iter 0023 / 0041 | Time 0.1s | Iter Loss 0.7889 | Iter Mean Loss 0.8010
2023-12-19 16:40:22,314 - root - INFO - KG & CF Training: Epoch 0008 Iter 0024 / 0041 | Time 0.1s | Iter Loss 0.7922 | Iter Mean Loss 0.8006
2023-12-19 16:40:22,415 - root - INFO - KG & CF Training: Epoch 0008 Iter 0025 / 0041 | Time 0.1s | Iter Loss 0.7932 | Iter Mean Loss 0.8003
2023-12-19 16:40:22,508 - root - INFO - KG & CF Training: Epoch 0008 Iter 0026 / 0041 | Time 0.1s | Iter Loss 0.7930 | Iter Mean Loss 0.8000
2023-12-19 16:40:22,636 - root - INFO - KG & CF Training: Epoch 0008 Iter 0027 / 0041 | Time 0.1s | Iter Loss 0.7926 | Iter Mean Loss 0.7997
2023-12-19 16:40:22,747 - root - INFO - KG & CF Training: Epoch 0008 Iter 0028 / 0041 | Time 0.1s | Iter Loss 0.7947 | Iter Mean Loss 0.7996
2023-12-19 16:40:22,851 - root - INFO - KG & CF Training: Epoch 0008 Iter 0029 / 0041 | Time 0.1s | Iter Loss 0.7865 | Iter Mean Loss 0.7991
2023-12-19 16:40:22,973 - root - INFO - KG & CF Training: Epoch 0008 Iter 0030 / 0041 | Time 0.1s | Iter Loss 0.7824 | Iter Mean Loss 0.7985
2023-12-19 16:40:23,082 - root - INFO - KG & CF Training: Epoch 0008 Iter 0031 / 0041 | Time 0.1s | Iter Loss 0.7873 | Iter Mean Loss 0.7982
2023-12-19 16:40:23,210 - root - INFO - KG & CF Training: Epoch 0008 Iter 0032 / 0041 | Time 0.1s | Iter Loss 0.7847 | Iter Mean Loss 0.7978
2023-12-19 16:40:23,338 - root - INFO - KG & CF Training: Epoch 0008 Iter 0033 / 0041 | Time 0.1s | Iter Loss 0.7879 | Iter Mean Loss 0.7975
2023-12-19 16:40:23,465 - root - INFO - KG & CF Training: Epoch 0008 Iter 0034 / 0041 | Time 0.1s | Iter Loss 0.7878 | Iter Mean Loss 0.7972
2023-12-19 16:40:23,586 - root - INFO - KG & CF Training: Epoch 0008 Iter 0035 / 0041 | Time 0.1s | Iter Loss 0.7855 | Iter Mean Loss 0.7968
2023-12-19 16:40:23,714 - root - INFO - KG & CF Training: Epoch 0008 Iter 0036 / 0041 | Time 0.1s | Iter Loss 0.7862 | Iter Mean Loss 0.7966
2023-12-19 16:40:23,848 - root - INFO - KG & CF Training: Epoch 0008 Iter 0037 / 0041 | Time 0.1s | Iter Loss 0.7843 | Iter Mean Loss 0.7962
2023-12-19 16:40:23,965 - root - INFO - KG & CF Training: Epoch 0008 Iter 0038 / 0041 | Time 0.1s | Iter Loss 0.7838 | Iter Mean Loss 0.7959
2023-12-19 16:40:24,065 - root - INFO - KG & CF Training: Epoch 0008 Iter 0039 / 0041 | Time 0.1s | Iter Loss 0.7831 | Iter Mean Loss 0.7956
2023-12-19 16:40:24,162 - root - INFO - KG & CF Training: Epoch 0008 Iter 0040 / 0041 | Time 0.1s | Iter Loss 0.7864 | Iter Mean Loss 0.7953
2023-12-19 16:40:24,248 - root - INFO - KG & CF Training: Epoch 0008 Iter 0041 / 0041 | Time 0.1s | Iter Loss 0.7854 | Iter Mean Loss 0.7951
2023-12-19 16:40:24,248 - root - INFO - KG & CF Training: Epoch 0008 Total Iter 0041 | Total Time 4.8s | Iter Mean Loss 0.7951
2023-12-19 16:40:24,424 - root - INFO - KG & CF Training: Epoch 0009 Iter 0001 / 0041 | Time 0.2s | Iter Loss 0.7802 | Iter Mean Loss 0.7802
2023-12-19 16:40:24,547 - root - INFO - KG & CF Training: Epoch 0009 Iter 0002 / 0041 | Time 0.1s | Iter Loss 0.7777 | Iter Mean Loss 0.7790
2023-12-19 16:40:24,649 - root - INFO - KG & CF Training: Epoch 0009 Iter 0003 / 0041 | Time 0.1s | Iter Loss 0.7796 | Iter Mean Loss 0.7792
2023-12-19 16:40:24,752 - root - INFO - KG & CF Training: Epoch 0009 Iter 0004 / 0041 | Time 0.1s | Iter Loss 0.7781 | Iter Mean Loss 0.7789
2023-12-19 16:40:24,859 - root - INFO - KG & CF Training: Epoch 0009 Iter 0005 / 0041 | Time 0.1s | Iter Loss 0.7760 | Iter Mean Loss 0.7784
2023-12-19 16:40:24,958 - root - INFO - KG & CF Training: Epoch 0009 Iter 0006 / 0041 | Time 0.1s | Iter Loss 0.7745 | Iter Mean Loss 0.7777
2023-12-19 16:40:25,052 - root - INFO - KG & CF Training: Epoch 0009 Iter 0007 / 0041 | Time 0.1s | Iter Loss 0.7800 | Iter Mean Loss 0.7780
2023-12-19 16:40:25,141 - root - INFO - KG & CF Training: Epoch 0009 Iter 0008 / 0041 | Time 0.1s | Iter Loss 0.7689 | Iter Mean Loss 0.7769
2023-12-19 16:40:25,227 - root - INFO - KG & CF Training: Epoch 0009 Iter 0009 / 0041 | Time 0.1s | Iter Loss 0.7787 | Iter Mean Loss 0.7771
2023-12-19 16:40:25,318 - root - INFO - KG & CF Training: Epoch 0009 Iter 0010 / 0041 | Time 0.1s | Iter Loss 0.7729 | Iter Mean Loss 0.7767
2023-12-19 16:40:25,432 - root - INFO - KG & CF Training: Epoch 0009 Iter 0011 / 0041 | Time 0.1s | Iter Loss 0.7741 | Iter Mean Loss 0.7764
2023-12-19 16:40:25,532 - root - INFO - KG & CF Training: Epoch 0009 Iter 0012 / 0041 | Time 0.1s | Iter Loss 0.7743 | Iter Mean Loss 0.7763
2023-12-19 16:40:25,610 - root - INFO - KG & CF Training: Epoch 0009 Iter 0013 / 0041 | Time 0.1s | Iter Loss 0.7700 | Iter Mean Loss 0.7758
2023-12-19 16:40:25,690 - root - INFO - KG & CF Training: Epoch 0009 Iter 0014 / 0041 | Time 0.1s | Iter Loss 0.7782 | Iter Mean Loss 0.7760
2023-12-19 16:40:25,783 - root - INFO - KG & CF Training: Epoch 0009 Iter 0015 / 0041 | Time 0.1s | Iter Loss 0.7666 | Iter Mean Loss 0.7753
2023-12-19 16:40:25,869 - root - INFO - KG & CF Training: Epoch 0009 Iter 0016 / 0041 | Time 0.1s | Iter Loss 0.7690 | Iter Mean Loss 0.7749
2023-12-19 16:40:25,970 - root - INFO - KG & CF Training: Epoch 0009 Iter 0017 / 0041 | Time 0.1s | Iter Loss 0.7691 | Iter Mean Loss 0.7746
2023-12-19 16:40:26,065 - root - INFO - KG & CF Training: Epoch 0009 Iter 0018 / 0041 | Time 0.1s | Iter Loss 0.7688 | Iter Mean Loss 0.7743
2023-12-19 16:40:26,160 - root - INFO - KG & CF Training: Epoch 0009 Iter 0019 / 0041 | Time 0.1s | Iter Loss 0.7700 | Iter Mean Loss 0.7741
2023-12-19 16:40:26,245 - root - INFO - KG & CF Training: Epoch 0009 Iter 0020 / 0041 | Time 0.1s | Iter Loss 0.7651 | Iter Mean Loss 0.7736
2023-12-19 16:40:26,341 - root - INFO - KG & CF Training: Epoch 0009 Iter 0021 / 0041 | Time 0.1s | Iter Loss 0.7706 | Iter Mean Loss 0.7735
2023-12-19 16:40:26,447 - root - INFO - KG & CF Training: Epoch 0009 Iter 0022 / 0041 | Time 0.1s | Iter Loss 0.7677 | Iter Mean Loss 0.7732
2023-12-19 16:40:26,549 - root - INFO - KG & CF Training: Epoch 0009 Iter 0023 / 0041 | Time 0.1s | Iter Loss 0.7706 | Iter Mean Loss 0.7731
2023-12-19 16:40:26,644 - root - INFO - KG & CF Training: Epoch 0009 Iter 0024 / 0041 | Time 0.1s | Iter Loss 0.7661 | Iter Mean Loss 0.7728
2023-12-19 16:40:26,738 - root - INFO - KG & CF Training: Epoch 0009 Iter 0025 / 0041 | Time 0.1s | Iter Loss 0.7511 | Iter Mean Loss 0.7719
2023-12-19 16:40:26,824 - root - INFO - KG & CF Training: Epoch 0009 Iter 0026 / 0041 | Time 0.1s | Iter Loss 0.7606 | Iter Mean Loss 0.7715
2023-12-19 16:40:26,947 - root - INFO - KG & CF Training: Epoch 0009 Iter 0027 / 0041 | Time 0.1s | Iter Loss 0.7637 | Iter Mean Loss 0.7712
2023-12-19 16:40:27,046 - root - INFO - KG & CF Training: Epoch 0009 Iter 0028 / 0041 | Time 0.1s | Iter Loss 0.7533 | Iter Mean Loss 0.7706
2023-12-19 16:40:27,145 - root - INFO - KG & CF Training: Epoch 0009 Iter 0029 / 0041 | Time 0.1s | Iter Loss 0.7530 | Iter Mean Loss 0.7700
2023-12-19 16:40:27,272 - root - INFO - KG & CF Training: Epoch 0009 Iter 0030 / 0041 | Time 0.1s | Iter Loss 0.7570 | Iter Mean Loss 0.7695
2023-12-19 16:40:27,413 - root - INFO - KG & CF Training: Epoch 0009 Iter 0031 / 0041 | Time 0.1s | Iter Loss 0.7548 | Iter Mean Loss 0.7690
2023-12-19 16:40:27,542 - root - INFO - KG & CF Training: Epoch 0009 Iter 0032 / 0041 | Time 0.1s | Iter Loss 0.7626 | Iter Mean Loss 0.7688
2023-12-19 16:40:27,671 - root - INFO - KG & CF Training: Epoch 0009 Iter 0033 / 0041 | Time 0.1s | Iter Loss 0.7569 | Iter Mean Loss 0.7685
2023-12-19 16:40:27,794 - root - INFO - KG & CF Training: Epoch 0009 Iter 0034 / 0041 | Time 0.1s | Iter Loss 0.7550 | Iter Mean Loss 0.7681
2023-12-19 16:40:27,885 - root - INFO - KG & CF Training: Epoch 0009 Iter 0035 / 0041 | Time 0.1s | Iter Loss 0.7593 | Iter Mean Loss 0.7678
2023-12-19 16:40:27,990 - root - INFO - KG & CF Training: Epoch 0009 Iter 0036 / 0041 | Time 0.1s | Iter Loss 0.7516 | Iter Mean Loss 0.7674
2023-12-19 16:40:28,092 - root - INFO - KG & CF Training: Epoch 0009 Iter 0037 / 0041 | Time 0.1s | Iter Loss 0.7556 | Iter Mean Loss 0.7671
2023-12-19 16:40:28,190 - root - INFO - KG & CF Training: Epoch 0009 Iter 0038 / 0041 | Time 0.1s | Iter Loss 0.7518 | Iter Mean Loss 0.7667
2023-12-19 16:40:28,304 - root - INFO - KG & CF Training: Epoch 0009 Iter 0039 / 0041 | Time 0.1s | Iter Loss 0.7582 | Iter Mean Loss 0.7664
2023-12-19 16:40:28,412 - root - INFO - KG & CF Training: Epoch 0009 Iter 0040 / 0041 | Time 0.1s | Iter Loss 0.7520 | Iter Mean Loss 0.7661
2023-12-19 16:40:28,509 - root - INFO - KG & CF Training: Epoch 0009 Iter 0041 / 0041 | Time 0.1s | Iter Loss 0.7456 | Iter Mean Loss 0.7656
2023-12-19 16:40:28,509 - root - INFO - KG & CF Training: Epoch 0009 Total Iter 0041 | Total Time 4.3s | Iter Mean Loss 0.7656
2023-12-19 16:40:28,619 - root - INFO - KG & CF Training: Epoch 0010 Iter 0001 / 0041 | Time 0.1s | Iter Loss 0.7509 | Iter Mean Loss 0.7509
2023-12-19 16:40:28,720 - root - INFO - KG & CF Training: Epoch 0010 Iter 0002 / 0041 | Time 0.1s | Iter Loss 0.7427 | Iter Mean Loss 0.7468
2023-12-19 16:40:28,811 - root - INFO - KG & CF Training: Epoch 0010 Iter 0003 / 0041 | Time 0.1s | Iter Loss 0.7459 | Iter Mean Loss 0.7465
2023-12-19 16:40:28,901 - root - INFO - KG & CF Training: Epoch 0010 Iter 0004 / 0041 | Time 0.1s | Iter Loss 0.7445 | Iter Mean Loss 0.7460
2023-12-19 16:40:28,988 - root - INFO - KG & CF Training: Epoch 0010 Iter 0005 / 0041 | Time 0.1s | Iter Loss 0.7466 | Iter Mean Loss 0.7461
2023-12-19 16:40:29,084 - root - INFO - KG & CF Training: Epoch 0010 Iter 0006 / 0041 | Time 0.1s | Iter Loss 0.7480 | Iter Mean Loss 0.7464
2023-12-19 16:40:29,190 - root - INFO - KG & CF Training: Epoch 0010 Iter 0007 / 0041 | Time 0.1s | Iter Loss 0.7499 | Iter Mean Loss 0.7469
2023-12-19 16:40:29,286 - root - INFO - KG & CF Training: Epoch 0010 Iter 0008 / 0041 | Time 0.1s | Iter Loss 0.7449 | Iter Mean Loss 0.7467
2023-12-19 16:40:29,372 - root - INFO - KG & CF Training: Epoch 0010 Iter 0009 / 0041 | Time 0.1s | Iter Loss 0.7434 | Iter Mean Loss 0.7463
2023-12-19 16:40:29,460 - root - INFO - KG & CF Training: Epoch 0010 Iter 0010 / 0041 | Time 0.1s | Iter Loss 0.7394 | Iter Mean Loss 0.7456
2023-12-19 16:40:29,542 - root - INFO - KG & CF Training: Epoch 0010 Iter 0011 / 0041 | Time 0.1s | Iter Loss 0.7326 | Iter Mean Loss 0.7444
2023-12-19 16:40:29,640 - root - INFO - KG & CF Training: Epoch 0010 Iter 0012 / 0041 | Time 0.1s | Iter Loss 0.7355 | Iter Mean Loss 0.7437
2023-12-19 16:40:29,727 - root - INFO - KG & CF Training: Epoch 0010 Iter 0013 / 0041 | Time 0.1s | Iter Loss 0.7401 | Iter Mean Loss 0.7434
2023-12-19 16:40:29,822 - root - INFO - KG & CF Training: Epoch 0010 Iter 0014 / 0041 | Time 0.1s | Iter Loss 0.7433 | Iter Mean Loss 0.7434
2023-12-19 16:40:29,921 - root - INFO - KG & CF Training: Epoch 0010 Iter 0015 / 0041 | Time 0.1s | Iter Loss 0.7397 | Iter Mean Loss 0.7432
2023-12-19 16:40:30,019 - root - INFO - KG & CF Training: Epoch 0010 Iter 0016 / 0041 | Time 0.1s | Iter Loss 0.7382 | Iter Mean Loss 0.7429
2023-12-19 16:40:30,114 - root - INFO - KG & CF Training: Epoch 0010 Iter 0017 / 0041 | Time 0.1s | Iter Loss 0.7338 | Iter Mean Loss 0.7423
2023-12-19 16:40:30,203 - root - INFO - KG & CF Training: Epoch 0010 Iter 0018 / 0041 | Time 0.1s | Iter Loss 0.7390 | Iter Mean Loss 0.7421
2023-12-19 16:40:30,290 - root - INFO - KG & CF Training: Epoch 0010 Iter 0019 / 0041 | Time 0.1s | Iter Loss 0.7357 | Iter Mean Loss 0.7418
2023-12-19 16:40:30,385 - root - INFO - KG & CF Training: Epoch 0010 Iter 0020 / 0041 | Time 0.1s | Iter Loss 0.7351 | Iter Mean Loss 0.7415
2023-12-19 16:40:30,477 - root - INFO - KG & CF Training: Epoch 0010 Iter 0021 / 0041 | Time 0.1s | Iter Loss 0.7270 | Iter Mean Loss 0.7408
2023-12-19 16:40:30,573 - root - INFO - KG & CF Training: Epoch 0010 Iter 0022 / 0041 | Time 0.1s | Iter Loss 0.7302 | Iter Mean Loss 0.7403
2023-12-19 16:40:30,663 - root - INFO - KG & CF Training: Epoch 0010 Iter 0023 / 0041 | Time 0.1s | Iter Loss 0.7380 | Iter Mean Loss 0.7402
2023-12-19 16:40:30,751 - root - INFO - KG & CF Training: Epoch 0010 Iter 0024 / 0041 | Time 0.1s | Iter Loss 0.7245 | Iter Mean Loss 0.7395
2023-12-19 16:40:30,841 - root - INFO - KG & CF Training: Epoch 0010 Iter 0025 / 0041 | Time 0.1s | Iter Loss 0.7337 | Iter Mean Loss 0.7393
2023-12-19 16:40:30,939 - root - INFO - KG & CF Training: Epoch 0010 Iter 0026 / 0041 | Time 0.1s | Iter Loss 0.7229 | Iter Mean Loss 0.7387
2023-12-19 16:40:31,039 - root - INFO - KG & CF Training: Epoch 0010 Iter 0027 / 0041 | Time 0.1s | Iter Loss 0.7258 | Iter Mean Loss 0.7382
2023-12-19 16:40:31,123 - root - INFO - KG & CF Training: Epoch 0010 Iter 0028 / 0041 | Time 0.1s | Iter Loss 0.7212 | Iter Mean Loss 0.7376
2023-12-19 16:40:31,216 - root - INFO - KG & CF Training: Epoch 0010 Iter 0029 / 0041 | Time 0.1s | Iter Loss 0.7197 | Iter Mean Loss 0.7370
2023-12-19 16:40:31,312 - root - INFO - KG & CF Training: Epoch 0010 Iter 0030 / 0041 | Time 0.1s | Iter Loss 0.7212 | Iter Mean Loss 0.7365
2023-12-19 16:40:31,407 - root - INFO - KG & CF Training: Epoch 0010 Iter 0031 / 0041 | Time 0.1s | Iter Loss 0.7304 | Iter Mean Loss 0.7363
2023-12-19 16:40:31,511 - root - INFO - KG & CF Training: Epoch 0010 Iter 0032 / 0041 | Time 0.1s | Iter Loss 0.7343 | Iter Mean Loss 0.7362
2023-12-19 16:40:31,606 - root - INFO - KG & CF Training: Epoch 0010 Iter 0033 / 0041 | Time 0.1s | Iter Loss 0.7141 | Iter Mean Loss 0.7355
2023-12-19 16:40:31,697 - root - INFO - KG & CF Training: Epoch 0010 Iter 0034 / 0041 | Time 0.1s | Iter Loss 0.7161 | Iter Mean Loss 0.7350
2023-12-19 16:40:31,812 - root - INFO - KG & CF Training: Epoch 0010 Iter 0035 / 0041 | Time 0.1s | Iter Loss 0.7184 | Iter Mean Loss 0.7345
2023-12-19 16:40:31,910 - root - INFO - KG & CF Training: Epoch 0010 Iter 0036 / 0041 | Time 0.1s | Iter Loss 0.7213 | Iter Mean Loss 0.7341
2023-12-19 16:40:32,006 - root - INFO - KG & CF Training: Epoch 0010 Iter 0037 / 0041 | Time 0.1s | Iter Loss 0.7197 | Iter Mean Loss 0.7337
2023-12-19 16:40:32,107 - root - INFO - KG & CF Training: Epoch 0010 Iter 0038 / 0041 | Time 0.1s | Iter Loss 0.7390 | Iter Mean Loss 0.7339
2023-12-19 16:40:32,194 - root - INFO - KG & CF Training: Epoch 0010 Iter 0039 / 0041 | Time 0.1s | Iter Loss 0.7150 | Iter Mean Loss 0.7334
2023-12-19 16:40:32,289 - root - INFO - KG & CF Training: Epoch 0010 Iter 0040 / 0041 | Time 0.1s | Iter Loss 0.7133 | Iter Mean Loss 0.7329
2023-12-19 16:40:32,383 - root - INFO - KG & CF Training: Epoch 0010 Iter 0041 / 0041 | Time 0.1s | Iter Loss 0.7161 | Iter Mean Loss 0.7325
2023-12-19 16:40:32,384 - root - INFO - KG & CF Training: Epoch 0010 Total Iter 0041 | Total Time 3.9s | Iter Mean Loss 0.7325
2023-12-19 16:40:32,460 - root - INFO - CF Evaluation: Epoch 0010 | Total Time 0.1s | Precision [0.2318, 0.2098], Recall [0.0512, 0.0921], NDCG [0.2427, 0.2296]
2023-12-19 16:40:32,465 - root - INFO - Save model on epoch 0010!
2023-12-19 16:40:32,562 - root - INFO - KG & CF Training: Epoch 0011 Iter 0001 / 0041 | Time 0.1s | Iter Loss 0.7257 | Iter Mean Loss 0.7257
2023-12-19 16:40:32,660 - root - INFO - KG & CF Training: Epoch 0011 Iter 0002 / 0041 | Time 0.1s | Iter Loss 0.7150 | Iter Mean Loss 0.7203
2023-12-19 16:40:32,745 - root - INFO - KG & CF Training: Epoch 0011 Iter 0003 / 0041 | Time 0.1s | Iter Loss 0.7199 | Iter Mean Loss 0.7202
2023-12-19 16:40:32,835 - root - INFO - KG & CF Training: Epoch 0011 Iter 0004 / 0041 | Time 0.1s | Iter Loss 0.7161 | Iter Mean Loss 0.7192
2023-12-19 16:40:32,919 - root - INFO - KG & CF Training: Epoch 0011 Iter 0005 / 0041 | Time 0.1s | Iter Loss 0.7067 | Iter Mean Loss 0.7167
2023-12-19 16:40:33,001 - root - INFO - KG & CF Training: Epoch 0011 Iter 0006 / 0041 | Time 0.1s | Iter Loss 0.7056 | Iter Mean Loss 0.7148
2023-12-19 16:40:33,094 - root - INFO - KG & CF Training: Epoch 0011 Iter 0007 / 0041 | Time 0.1s | Iter Loss 0.7069 | Iter Mean Loss 0.7137
2023-12-19 16:40:33,187 - root - INFO - KG & CF Training: Epoch 0011 Iter 0008 / 0041 | Time 0.1s | Iter Loss 0.7110 | Iter Mean Loss 0.7133
2023-12-19 16:40:33,282 - root - INFO - KG & CF Training: Epoch 0011 Iter 0009 / 0041 | Time 0.1s | Iter Loss 0.7048 | Iter Mean Loss 0.7124
2023-12-19 16:40:33,373 - root - INFO - KG & CF Training: Epoch 0011 Iter 0010 / 0041 | Time 0.1s | Iter Loss 0.7065 | Iter Mean Loss 0.7118
2023-12-19 16:40:33,465 - root - INFO - KG & CF Training: Epoch 0011 Iter 0011 / 0041 | Time 0.1s | Iter Loss 0.7170 | Iter Mean Loss 0.7123
2023-12-19 16:40:33,559 - root - INFO - KG & CF Training: Epoch 0011 Iter 0012 / 0041 | Time 0.1s | Iter Loss 0.7001 | Iter Mean Loss 0.7113
2023-12-19 16:40:33,651 - root - INFO - KG & CF Training: Epoch 0011 Iter 0013 / 0041 | Time 0.1s | Iter Loss 0.7098 | Iter Mean Loss 0.7111
2023-12-19 16:40:33,735 - root - INFO - KG & CF Training: Epoch 0011 Iter 0014 / 0041 | Time 0.1s | Iter Loss 0.7019 | Iter Mean Loss 0.7105
2023-12-19 16:40:33,827 - root - INFO - KG & CF Training: Epoch 0011 Iter 0015 / 0041 | Time 0.1s | Iter Loss 0.7029 | Iter Mean Loss 0.7100
2023-12-19 16:40:33,930 - root - INFO - KG & CF Training: Epoch 0011 Iter 0016 / 0041 | Time 0.1s | Iter Loss 0.7112 | Iter Mean Loss 0.7101
2023-12-19 16:40:34,013 - root - INFO - KG & CF Training: Epoch 0011 Iter 0017 / 0041 | Time 0.1s | Iter Loss 0.7036 | Iter Mean Loss 0.7097
2023-12-19 16:40:34,109 - root - INFO - KG & CF Training: Epoch 0011 Iter 0018 / 0041 | Time 0.1s | Iter Loss 0.7077 | Iter Mean Loss 0.7096
2023-12-19 16:40:34,200 - root - INFO - KG & CF Training: Epoch 0011 Iter 0019 / 0041 | Time 0.1s | Iter Loss 0.6928 | Iter Mean Loss 0.7087
2023-12-19 16:40:34,290 - root - INFO - KG & CF Training: Epoch 0011 Iter 0020 / 0041 | Time 0.1s | Iter Loss 0.7008 | Iter Mean Loss 0.7083
2023-12-19 16:40:34,385 - root - INFO - KG & CF Training: Epoch 0011 Iter 0021 / 0041 | Time 0.1s | Iter Loss 0.6946 | Iter Mean Loss 0.7076
2023-12-19 16:40:34,477 - root - INFO - KG & CF Training: Epoch 0011 Iter 0022 / 0041 | Time 0.1s | Iter Loss 0.7142 | Iter Mean Loss 0.7079
2023-12-19 16:40:34,562 - root - INFO - KG & CF Training: Epoch 0011 Iter 0023 / 0041 | Time 0.1s | Iter Loss 0.6992 | Iter Mean Loss 0.7076
2023-12-19 16:40:34,652 - root - INFO - KG & CF Training: Epoch 0011 Iter 0024 / 0041 | Time 0.1s | Iter Loss 0.7054 | Iter Mean Loss 0.7075
2023-12-19 16:40:34,734 - root - INFO - KG & CF Training: Epoch 0011 Iter 0025 / 0041 | Time 0.1s | Iter Loss 0.7041 | Iter Mean Loss 0.7073
2023-12-19 16:40:34,827 - root - INFO - KG & CF Training: Epoch 0011 Iter 0026 / 0041 | Time 0.1s | Iter Loss 0.6932 | Iter Mean Loss 0.7068
2023-12-19 16:40:34,909 - root - INFO - KG & CF Training: Epoch 0011 Iter 0027 / 0041 | Time 0.1s | Iter Loss 0.6968 | Iter Mean Loss 0.7064
2023-12-19 16:40:34,990 - root - INFO - KG & CF Training: Epoch 0011 Iter 0028 / 0041 | Time 0.1s | Iter Loss 0.6878 | Iter Mean Loss 0.7058
2023-12-19 16:40:35,071 - root - INFO - KG & CF Training: Epoch 0011 Iter 0029 / 0041 | Time 0.1s | Iter Loss 0.6995 | Iter Mean Loss 0.7055
2023-12-19 16:40:35,175 - root - INFO - KG & CF Training: Epoch 0011 Iter 0030 / 0041 | Time 0.1s | Iter Loss 0.7003 | Iter Mean Loss 0.7054
2023-12-19 16:40:35,270 - root - INFO - KG & CF Training: Epoch 0011 Iter 0031 / 0041 | Time 0.1s | Iter Loss 0.6938 | Iter Mean Loss 0.7050
2023-12-19 16:40:35,366 - root - INFO - KG & CF Training: Epoch 0011 Iter 0032 / 0041 | Time 0.1s | Iter Loss 0.6905 | Iter Mean Loss 0.7045
2023-12-19 16:40:35,467 - root - INFO - KG & CF Training: Epoch 0011 Iter 0033 / 0041 | Time 0.1s | Iter Loss 0.7006 | Iter Mean Loss 0.7044
2023-12-19 16:40:35,556 - root - INFO - KG & CF Training: Epoch 0011 Iter 0034 / 0041 | Time 0.1s | Iter Loss 0.6899 | Iter Mean Loss 0.7040
2023-12-19 16:40:35,654 - root - INFO - KG & CF Training: Epoch 0011 Iter 0035 / 0041 | Time 0.1s | Iter Loss 0.6935 | Iter Mean Loss 0.7037
2023-12-19 16:40:35,738 - root - INFO - KG & CF Training: Epoch 0011 Iter 0036 / 0041 | Time 0.1s | Iter Loss 0.6877 | Iter Mean Loss 0.7032
2023-12-19 16:40:35,825 - root - INFO - KG & CF Training: Epoch 0011 Iter 0037 / 0041 | Time 0.1s | Iter Loss 0.6917 | Iter Mean Loss 0.7029
2023-12-19 16:40:35,912 - root - INFO - KG & CF Training: Epoch 0011 Iter 0038 / 0041 | Time 0.1s | Iter Loss 0.6757 | Iter Mean Loss 0.7022
2023-12-19 16:40:36,003 - root - INFO - KG & CF Training: Epoch 0011 Iter 0039 / 0041 | Time 0.1s | Iter Loss 0.6944 | Iter Mean Loss 0.7020
2023-12-19 16:40:36,095 - root - INFO - KG & CF Training: Epoch 0011 Iter 0040 / 0041 | Time 0.1s | Iter Loss 0.6872 | Iter Mean Loss 0.7016
2023-12-19 16:40:36,179 - root - INFO - KG & CF Training: Epoch 0011 Iter 0041 / 0041 | Time 0.1s | Iter Loss 0.6925 | Iter Mean Loss 0.7014
2023-12-19 16:40:36,179 - root - INFO - KG & CF Training: Epoch 0011 Total Iter 0041 | Total Time 3.7s | Iter Mean Loss 0.7014
2023-12-19 16:40:36,265 - root - INFO - KG & CF Training: Epoch 0012 Iter 0001 / 0041 | Time 0.1s | Iter Loss 0.6828 | Iter Mean Loss 0.6828
2023-12-19 16:40:36,358 - root - INFO - KG & CF Training: Epoch 0012 Iter 0002 / 0041 | Time 0.1s | Iter Loss 0.6735 | Iter Mean Loss 0.6782
2023-12-19 16:40:36,452 - root - INFO - KG & CF Training: Epoch 0012 Iter 0003 / 0041 | Time 0.1s | Iter Loss 0.6729 | Iter Mean Loss 0.6764
2023-12-19 16:40:36,553 - root - INFO - KG & CF Training: Epoch 0012 Iter 0004 / 0041 | Time 0.1s | Iter Loss 0.6650 | Iter Mean Loss 0.6736
2023-12-19 16:40:36,651 - root - INFO - KG & CF Training: Epoch 0012 Iter 0005 / 0041 | Time 0.1s | Iter Loss 0.6730 | Iter Mean Loss 0.6735
2023-12-19 16:40:36,737 - root - INFO - KG & CF Training: Epoch 0012 Iter 0006 / 0041 | Time 0.1s | Iter Loss 0.6772 | Iter Mean Loss 0.6741
2023-12-19 16:40:36,833 - root - INFO - KG & CF Training: Epoch 0012 Iter 0007 / 0041 | Time 0.1s | Iter Loss 0.6820 | Iter Mean Loss 0.6752
2023-12-19 16:40:36,919 - root - INFO - KG & CF Training: Epoch 0012 Iter 0008 / 0041 | Time 0.1s | Iter Loss 0.6711 | Iter Mean Loss 0.6747
2023-12-19 16:40:37,000 - root - INFO - KG & CF Training: Epoch 0012 Iter 0009 / 0041 | Time 0.1s | Iter Loss 0.6794 | Iter Mean Loss 0.6752
2023-12-19 16:40:37,095 - root - INFO - KG & CF Training: Epoch 0012 Iter 0010 / 0041 | Time 0.1s | Iter Loss 0.6727 | Iter Mean Loss 0.6750
2023-12-19 16:40:37,198 - root - INFO - KG & CF Training: Epoch 0012 Iter 0011 / 0041 | Time 0.1s | Iter Loss 0.6730 | Iter Mean Loss 0.6748
2023-12-19 16:40:37,288 - root - INFO - KG & CF Training: Epoch 0012 Iter 0012 / 0041 | Time 0.1s | Iter Loss 0.6775 | Iter Mean Loss 0.6750
2023-12-19 16:40:37,383 - root - INFO - KG & CF Training: Epoch 0012 Iter 0013 / 0041 | Time 0.1s | Iter Loss 0.6748 | Iter Mean Loss 0.6750
2023-12-19 16:40:37,471 - root - INFO - KG & CF Training: Epoch 0012 Iter 0014 / 0041 | Time 0.1s | Iter Loss 0.6757 | Iter Mean Loss 0.6751
2023-12-19 16:40:37,574 - root - INFO - KG & CF Training: Epoch 0012 Iter 0015 / 0041 | Time 0.1s | Iter Loss 0.6654 | Iter Mean Loss 0.6744
2023-12-19 16:40:37,676 - root - INFO - KG & CF Training: Epoch 0012 Iter 0016 / 0041 | Time 0.1s | Iter Loss 0.6860 | Iter Mean Loss 0.6751
2023-12-19 16:40:37,770 - root - INFO - KG & CF Training: Epoch 0012 Iter 0017 / 0041 | Time 0.1s | Iter Loss 0.6767 | Iter Mean Loss 0.6752
2023-12-19 16:40:37,857 - root - INFO - KG & CF Training: Epoch 0012 Iter 0018 / 0041 | Time 0.1s | Iter Loss 0.6737 | Iter Mean Loss 0.6751
2023-12-19 16:40:37,950 - root - INFO - KG & CF Training: Epoch 0012 Iter 0019 / 0041 | Time 0.1s | Iter Loss 0.6693 | Iter Mean Loss 0.6748
2023-12-19 16:40:38,036 - root - INFO - KG & CF Training: Epoch 0012 Iter 0020 / 0041 | Time 0.1s | Iter Loss 0.6646 | Iter Mean Loss 0.6743
2023-12-19 16:40:38,132 - root - INFO - KG & CF Training: Epoch 0012 Iter 0021 / 0041 | Time 0.1s | Iter Loss 0.6726 | Iter Mean Loss 0.6742
2023-12-19 16:40:38,231 - root - INFO - KG & CF Training: Epoch 0012 Iter 0022 / 0041 | Time 0.1s | Iter Loss 0.6697 | Iter Mean Loss 0.6740
2023-12-19 16:40:38,323 - root - INFO - KG & CF Training: Epoch 0012 Iter 0023 / 0041 | Time 0.1s | Iter Loss 0.6635 | Iter Mean Loss 0.6736
2023-12-19 16:40:38,418 - root - INFO - KG & CF Training: Epoch 0012 Iter 0024 / 0041 | Time 0.1s | Iter Loss 0.6655 | Iter Mean Loss 0.6732
2023-12-19 16:40:38,515 - root - INFO - KG & CF Training: Epoch 0012 Iter 0025 / 0041 | Time 0.1s | Iter Loss 0.6669 | Iter Mean Loss 0.6730
2023-12-19 16:40:38,603 - root - INFO - KG & CF Training: Epoch 0012 Iter 0026 / 0041 | Time 0.1s | Iter Loss 0.6610 | Iter Mean Loss 0.6725
2023-12-19 16:40:38,710 - root - INFO - KG & CF Training: Epoch 0012 Iter 0027 / 0041 | Time 0.1s | Iter Loss 0.6544 | Iter Mean Loss 0.6719
2023-12-19 16:40:38,820 - root - INFO - KG & CF Training: Epoch 0012 Iter 0028 / 0041 | Time 0.1s | Iter Loss 0.6726 | Iter Mean Loss 0.6719
2023-12-19 16:40:38,921 - root - INFO - KG & CF Training: Epoch 0012 Iter 0029 / 0041 | Time 0.1s | Iter Loss 0.6759 | Iter Mean Loss 0.6720
2023-12-19 16:40:39,025 - root - INFO - KG & CF Training: Epoch 0012 Iter 0030 / 0041 | Time 0.1s | Iter Loss 0.6560 | Iter Mean Loss 0.6715
2023-12-19 16:40:39,109 - root - INFO - KG & CF Training: Epoch 0012 Iter 0031 / 0041 | Time 0.1s | Iter Loss 0.6776 | Iter Mean Loss 0.6717
2023-12-19 16:40:39,218 - root - INFO - KG & CF Training: Epoch 0012 Iter 0032 / 0041 | Time 0.1s | Iter Loss 0.6642 | Iter Mean Loss 0.6714
2023-12-19 16:40:39,323 - root - INFO - KG & CF Training: Epoch 0012 Iter 0033 / 0041 | Time 0.1s | Iter Loss 0.6594 | Iter Mean Loss 0.6711
2023-12-19 16:40:39,429 - root - INFO - KG & CF Training: Epoch 0012 Iter 0034 / 0041 | Time 0.1s | Iter Loss 0.6631 | Iter Mean Loss 0.6708
2023-12-19 16:40:39,522 - root - INFO - KG & CF Training: Epoch 0012 Iter 0035 / 0041 | Time 0.1s | Iter Loss 0.6776 | Iter Mean Loss 0.6710
2023-12-19 16:40:39,617 - root - INFO - KG & CF Training: Epoch 0012 Iter 0036 / 0041 | Time 0.1s | Iter Loss 0.6488 | Iter Mean Loss 0.6704
2023-12-19 16:40:39,710 - root - INFO - KG & CF Training: Epoch 0012 Iter 0037 / 0041 | Time 0.1s | Iter Loss 0.6490 | Iter Mean Loss 0.6698
2023-12-19 16:40:39,810 - root - INFO - KG & CF Training: Epoch 0012 Iter 0038 / 0041 | Time 0.1s | Iter Loss 0.6616 | Iter Mean Loss 0.6696
2023-12-19 16:40:39,898 - root - INFO - KG & CF Training: Epoch 0012 Iter 0039 / 0041 | Time 0.1s | Iter Loss 0.6516 | Iter Mean Loss 0.6692
2023-12-19 16:40:39,997 - root - INFO - KG & CF Training: Epoch 0012 Iter 0040 / 0041 | Time 0.1s | Iter Loss 0.6608 | Iter Mean Loss 0.6690
2023-12-19 16:40:40,092 - root - INFO - KG & CF Training: Epoch 0012 Iter 0041 / 0041 | Time 0.1s | Iter Loss 0.6705 | Iter Mean Loss 0.6690
2023-12-19 16:40:40,093 - root - INFO - KG & CF Training: Epoch 0012 Total Iter 0041 | Total Time 3.9s | Iter Mean Loss 0.6690
2023-12-19 16:40:40,191 - root - INFO - KG & CF Training: Epoch 0013 Iter 0001 / 0041 | Time 0.1s | Iter Loss 0.6645 | Iter Mean Loss 0.6645
2023-12-19 16:40:40,292 - root - INFO - KG & CF Training: Epoch 0013 Iter 0002 / 0041 | Time 0.1s | Iter Loss 0.6460 | Iter Mean Loss 0.6552
2023-12-19 16:40:40,386 - root - INFO - KG & CF Training: Epoch 0013 Iter 0003 / 0041 | Time 0.1s | Iter Loss 0.6541 | Iter Mean Loss 0.6549
2023-12-19 16:40:40,471 - root - INFO - KG & CF Training: Epoch 0013 Iter 0004 / 0041 | Time 0.1s | Iter Loss 0.6250 | Iter Mean Loss 0.6474
2023-12-19 16:40:40,571 - root - INFO - KG & CF Training: Epoch 0013 Iter 0005 / 0041 | Time 0.1s | Iter Loss 0.6450 | Iter Mean Loss 0.6469
2023-12-19 16:40:40,657 - root - INFO - KG & CF Training: Epoch 0013 Iter 0006 / 0041 | Time 0.1s | Iter Loss 0.6383 | Iter Mean Loss 0.6455
2023-12-19 16:40:40,747 - root - INFO - KG & CF Training: Epoch 0013 Iter 0007 / 0041 | Time 0.1s | Iter Loss 0.6631 | Iter Mean Loss 0.6480
2023-12-19 16:40:40,834 - root - INFO - KG & CF Training: Epoch 0013 Iter 0008 / 0041 | Time 0.1s | Iter Loss 0.6556 | Iter Mean Loss 0.6490
2023-12-19 16:40:40,934 - root - INFO - KG & CF Training: Epoch 0013 Iter 0009 / 0041 | Time 0.1s | Iter Loss 0.6651 | Iter Mean Loss 0.6508
2023-12-19 16:40:41,037 - root - INFO - KG & CF Training: Epoch 0013 Iter 0010 / 0041 | Time 0.1s | Iter Loss 0.6182 | Iter Mean Loss 0.6475
2023-12-19 16:40:41,139 - root - INFO - KG & CF Training: Epoch 0013 Iter 0011 / 0041 | Time 0.1s | Iter Loss 0.6547 | Iter Mean Loss 0.6482
2023-12-19 16:40:41,230 - root - INFO - KG & CF Training: Epoch 0013 Iter 0012 / 0041 | Time 0.1s | Iter Loss 0.6663 | Iter Mean Loss 0.6497
2023-12-19 16:40:41,321 - root - INFO - KG & CF Training: Epoch 0013 Iter 0013 / 0041 | Time 0.1s | Iter Loss 0.6389 | Iter Mean Loss 0.6488
2023-12-19 16:40:41,418 - root - INFO - KG & CF Training: Epoch 0013 Iter 0014 / 0041 | Time 0.1s | Iter Loss 0.6418 | Iter Mean Loss 0.6483
2023-12-19 16:40:41,507 - root - INFO - KG & CF Training: Epoch 0013 Iter 0015 / 0041 | Time 0.1s | Iter Loss 0.6421 | Iter Mean Loss 0.6479
2023-12-19 16:40:41,588 - root - INFO - KG & CF Training: Epoch 0013 Iter 0016 / 0041 | Time 0.1s | Iter Loss 0.6442 | Iter Mean Loss 0.6477
2023-12-19 16:40:41,673 - root - INFO - KG & CF Training: Epoch 0013 Iter 0017 / 0041 | Time 0.1s | Iter Loss 0.6406 | Iter Mean Loss 0.6473
2023-12-19 16:40:41,779 - root - INFO - KG & CF Training: Epoch 0013 Iter 0018 / 0041 | Time 0.1s | Iter Loss 0.6344 | Iter Mean Loss 0.6466
2023-12-19 16:40:41,878 - root - INFO - KG & CF Training: Epoch 0013 Iter 0019 / 0041 | Time 0.1s | Iter Loss 0.6480 | Iter Mean Loss 0.6466
2023-12-19 16:40:41,966 - root - INFO - KG & CF Training: Epoch 0013 Iter 0020 / 0041 | Time 0.1s | Iter Loss 0.6327 | Iter Mean Loss 0.6459
2023-12-19 16:40:42,065 - root - INFO - KG & CF Training: Epoch 0013 Iter 0021 / 0041 | Time 0.1s | Iter Loss 0.6405 | Iter Mean Loss 0.6457
2023-12-19 16:40:42,151 - root - INFO - KG & CF Training: Epoch 0013 Iter 0022 / 0041 | Time 0.1s | Iter Loss 0.6325 | Iter Mean Loss 0.6451
2023-12-19 16:40:42,243 - root - INFO - KG & CF Training: Epoch 0013 Iter 0023 / 0041 | Time 0.1s | Iter Loss 0.6553 | Iter Mean Loss 0.6455
2023-12-19 16:40:42,329 - root - INFO - KG & CF Training: Epoch 0013 Iter 0024 / 0041 | Time 0.1s | Iter Loss 0.6225 | Iter Mean Loss 0.6446
2023-12-19 16:40:42,416 - root - INFO - KG & CF Training: Epoch 0013 Iter 0025 / 0041 | Time 0.1s | Iter Loss 0.6415 | Iter Mean Loss 0.6444
2023-12-19 16:40:42,499 - root - INFO - KG & CF Training: Epoch 0013 Iter 0026 / 0041 | Time 0.1s | Iter Loss 0.6518 | Iter Mean Loss 0.6447
2023-12-19 16:40:42,570 - root - INFO - KG & CF Training: Epoch 0013 Iter 0027 / 0041 | Time 0.1s | Iter Loss 0.6239 | Iter Mean Loss 0.6440
2023-12-19 16:40:42,649 - root - INFO - KG & CF Training: Epoch 0013 Iter 0028 / 0041 | Time 0.1s | Iter Loss 0.6414 | Iter Mean Loss 0.6439
2023-12-19 16:40:42,731 - root - INFO - KG & CF Training: Epoch 0013 Iter 0029 / 0041 | Time 0.1s | Iter Loss 0.6400 | Iter Mean Loss 0.6437
2023-12-19 16:40:42,820 - root - INFO - KG & CF Training: Epoch 0013 Iter 0030 / 0041 | Time 0.1s | Iter Loss 0.6398 | Iter Mean Loss 0.6436
2023-12-19 16:40:42,910 - root - INFO - KG & CF Training: Epoch 0013 Iter 0031 / 0041 | Time 0.1s | Iter Loss 0.6297 | Iter Mean Loss 0.6432
2023-12-19 16:40:42,992 - root - INFO - KG & CF Training: Epoch 0013 Iter 0032 / 0041 | Time 0.1s | Iter Loss 0.6401 | Iter Mean Loss 0.6431
2023-12-19 16:40:43,082 - root - INFO - KG & CF Training: Epoch 0013 Iter 0033 / 0041 | Time 0.1s | Iter Loss 0.6289 | Iter Mean Loss 0.6426
2023-12-19 16:40:43,170 - root - INFO - KG & CF Training: Epoch 0013 Iter 0034 / 0041 | Time 0.1s | Iter Loss 0.6290 | Iter Mean Loss 0.6422
2023-12-19 16:40:43,253 - root - INFO - KG & CF Training: Epoch 0013 Iter 0035 / 0041 | Time 0.1s | Iter Loss 0.6287 | Iter Mean Loss 0.6418
2023-12-19 16:40:43,328 - root - INFO - KG & CF Training: Epoch 0013 Iter 0036 / 0041 | Time 0.1s | Iter Loss 0.6117 | Iter Mean Loss 0.6410
2023-12-19 16:40:43,412 - root - INFO - KG & CF Training: Epoch 0013 Iter 0037 / 0041 | Time 0.1s | Iter Loss 0.6360 | Iter Mean Loss 0.6409
2023-12-19 16:40:43,502 - root - INFO - KG & CF Training: Epoch 0013 Iter 0038 / 0041 | Time 0.1s | Iter Loss 0.6311 | Iter Mean Loss 0.6406
2023-12-19 16:40:43,592 - root - INFO - KG & CF Training: Epoch 0013 Iter 0039 / 0041 | Time 0.1s | Iter Loss 0.6287 | Iter Mean Loss 0.6403
2023-12-19 16:40:43,672 - root - INFO - KG & CF Training: Epoch 0013 Iter 0040 / 0041 | Time 0.1s | Iter Loss 0.6194 | Iter Mean Loss 0.6398
2023-12-19 16:40:43,753 - root - INFO - KG & CF Training: Epoch 0013 Iter 0041 / 0041 | Time 0.1s | Iter Loss 0.6338 | Iter Mean Loss 0.6396
2023-12-19 16:40:43,753 - root - INFO - KG & CF Training: Epoch 0013 Total Iter 0041 | Total Time 3.7s | Iter Mean Loss 0.6396
2023-12-19 16:40:43,830 - root - INFO - KG & CF Training: Epoch 0014 Iter 0001 / 0041 | Time 0.1s | Iter Loss 0.6369 | Iter Mean Loss 0.6369
2023-12-19 16:40:43,905 - root - INFO - KG & CF Training: Epoch 0014 Iter 0002 / 0041 | Time 0.1s | Iter Loss 0.6264 | Iter Mean Loss 0.6316
2023-12-19 16:40:44,015 - root - INFO - KG & CF Training: Epoch 0014 Iter 0003 / 0041 | Time 0.1s | Iter Loss 0.6349 | Iter Mean Loss 0.6327
2023-12-19 16:40:44,124 - root - INFO - KG & CF Training: Epoch 0014 Iter 0004 / 0041 | Time 0.1s | Iter Loss 0.6509 | Iter Mean Loss 0.6373
2023-12-19 16:40:44,206 - root - INFO - KG & CF Training: Epoch 0014 Iter 0005 / 0041 | Time 0.1s | Iter Loss 0.6192 | Iter Mean Loss 0.6336
2023-12-19 16:40:44,295 - root - INFO - KG & CF Training: Epoch 0014 Iter 0006 / 0041 | Time 0.1s | Iter Loss 0.6353 | Iter Mean Loss 0.6339
2023-12-19 16:40:44,386 - root - INFO - KG & CF Training: Epoch 0014 Iter 0007 / 0041 | Time 0.1s | Iter Loss 0.6134 | Iter Mean Loss 0.6310
2023-12-19 16:40:44,477 - root - INFO - KG & CF Training: Epoch 0014 Iter 0008 / 0041 | Time 0.1s | Iter Loss 0.6246 | Iter Mean Loss 0.6302
2023-12-19 16:40:44,565 - root - INFO - KG & CF Training: Epoch 0014 Iter 0009 / 0041 | Time 0.1s | Iter Loss 0.6382 | Iter Mean Loss 0.6311
2023-12-19 16:40:44,648 - root - INFO - KG & CF Training: Epoch 0014 Iter 0010 / 0041 | Time 0.1s | Iter Loss 0.6301 | Iter Mean Loss 0.6310
2023-12-19 16:40:44,729 - root - INFO - KG & CF Training: Epoch 0014 Iter 0011 / 0041 | Time 0.1s | Iter Loss 0.6262 | Iter Mean Loss 0.6306
2023-12-19 16:40:44,816 - root - INFO - KG & CF Training: Epoch 0014 Iter 0012 / 0041 | Time 0.1s | Iter Loss 0.6309 | Iter Mean Loss 0.6306
2023-12-19 16:40:44,907 - root - INFO - KG & CF Training: Epoch 0014 Iter 0013 / 0041 | Time 0.1s | Iter Loss 0.6257 | Iter Mean Loss 0.6302
2023-12-19 16:40:44,994 - root - INFO - KG & CF Training: Epoch 0014 Iter 0014 / 0041 | Time 0.1s | Iter Loss 0.6254 | Iter Mean Loss 0.6299
2023-12-19 16:40:45,081 - root - INFO - KG & CF Training: Epoch 0014 Iter 0015 / 0041 | Time 0.1s | Iter Loss 0.6323 | Iter Mean Loss 0.6300
2023-12-19 16:40:45,162 - root - INFO - KG & CF Training: Epoch 0014 Iter 0016 / 0041 | Time 0.1s | Iter Loss 0.6207 | Iter Mean Loss 0.6294
2023-12-19 16:40:45,234 - root - INFO - KG & CF Training: Epoch 0014 Iter 0017 / 0041 | Time 0.1s | Iter Loss 0.6240 | Iter Mean Loss 0.6291
2023-12-19 16:40:45,317 - root - INFO - KG & CF Training: Epoch 0014 Iter 0018 / 0041 | Time 0.1s | Iter Loss 0.6267 | Iter Mean Loss 0.6290
2023-12-19 16:40:45,397 - root - INFO - KG & CF Training: Epoch 0014 Iter 0019 / 0041 | Time 0.1s | Iter Loss 0.6300 | Iter Mean Loss 0.6290
2023-12-19 16:40:45,465 - root - INFO - KG & CF Training: Epoch 0014 Iter 0020 / 0041 | Time 0.1s | Iter Loss 0.6255 | Iter Mean Loss 0.6289
2023-12-19 16:40:45,552 - root - INFO - KG & CF Training: Epoch 0014 Iter 0021 / 0041 | Time 0.1s | Iter Loss 0.6281 | Iter Mean Loss 0.6288
2023-12-19 16:40:45,638 - root - INFO - KG & CF Training: Epoch 0014 Iter 0022 / 0041 | Time 0.1s | Iter Loss 0.6151 | Iter Mean Loss 0.6282
2023-12-19 16:40:45,715 - root - INFO - KG & CF Training: Epoch 0014 Iter 0023 / 0041 | Time 0.1s | Iter Loss 0.6161 | Iter Mean Loss 0.6277
2023-12-19 16:40:45,787 - root - INFO - KG & CF Training: Epoch 0014 Iter 0024 / 0041 | Time 0.1s | Iter Loss 0.6129 | Iter Mean Loss 0.6271
2023-12-19 16:40:45,864 - root - INFO - KG & CF Training: Epoch 0014 Iter 0025 / 0041 | Time 0.1s | Iter Loss 0.6183 | Iter Mean Loss 0.6267
2023-12-19 16:40:45,948 - root - INFO - KG & CF Training: Epoch 0014 Iter 0026 / 0041 | Time 0.1s | Iter Loss 0.6082 | Iter Mean Loss 0.6260
2023-12-19 16:40:46,037 - root - INFO - KG & CF Training: Epoch 0014 Iter 0027 / 0041 | Time 0.1s | Iter Loss 0.6406 | Iter Mean Loss 0.6265
2023-12-19 16:40:46,114 - root - INFO - KG & CF Training: Epoch 0014 Iter 0028 / 0041 | Time 0.1s | Iter Loss 0.6080 | Iter Mean Loss 0.6259
