2023-12-19 23:54:21,250 - root - INFO - Namespace(seed=2022, data_name='Douban', data_dir='data/', cuda=False, gpu_id=0, use_pretrain=0, pretrain_model_path='trained_model/Embedding_based.pth', cf_batch_size=1024, kg_batch_size=2048, test_batch_size=2048, embed_dim=32, relation_dim=32, KG_embedding_type='TransE', kg_l2loss_lambda=0.0001, cf_l2loss_lambda=0.0001, lr=0.001, n_epoch=1000, stopping_steps=10, print_every=1, evaluate_every=10, Ks='[5, 10]', save_dir='trained_model/Douban/Embedding_based/dim32_lr0.001_l20.0001_TransE/')
2023-12-19 23:54:24,483 - root - INFO - n_users:      447
2023-12-19 23:54:24,483 - root - INFO - n_items:      578
2023-12-19 23:54:24,483 - root - INFO - n_entities:   2348
2023-12-19 23:54:24,487 - root - INFO - n_relations:  42
2023-12-19 23:54:24,492 - root - INFO - n_cf_train:   41830
2023-12-19 23:54:24,492 - root - INFO - n_cf_test:    10840
2023-12-19 23:54:24,492 - root - INFO - n_kg_data:    94012
2023-12-19 23:54:24,520 - root - INFO - Embedding_based(
  (user_embed): Embedding(447, 32)
  (item_embed): Embedding(578, 32)
  (entity_embed): Embedding(2348, 32)
  (relation_embed): Embedding(42, 32)
)
2023-12-19 23:54:26,683 - root - INFO - KG & CF Training: Epoch 0001 Iter 0001 / 0041 | Time 1.1s | Iter Loss 1.4504 | Iter Mean Loss 1.4504
2023-12-19 23:54:26,787 - root - INFO - KG & CF Training: Epoch 0001 Iter 0002 / 0041 | Time 0.1s | Iter Loss 1.4224 | Iter Mean Loss 1.4364
2023-12-19 23:54:26,893 - root - INFO - KG & CF Training: Epoch 0001 Iter 0003 / 0041 | Time 0.1s | Iter Loss 1.3959 | Iter Mean Loss 1.4229
2023-12-19 23:54:27,004 - root - INFO - KG & CF Training: Epoch 0001 Iter 0004 / 0041 | Time 0.1s | Iter Loss 1.3739 | Iter Mean Loss 1.4106
2023-12-19 23:54:27,110 - root - INFO - KG & CF Training: Epoch 0001 Iter 0005 / 0041 | Time 0.1s | Iter Loss 1.3589 | Iter Mean Loss 1.4003
2023-12-19 23:54:27,220 - root - INFO - KG & CF Training: Epoch 0001 Iter 0006 / 0041 | Time 0.1s | Iter Loss 1.3375 | Iter Mean Loss 1.3898
2023-12-19 23:54:27,342 - root - INFO - KG & CF Training: Epoch 0001 Iter 0007 / 0041 | Time 0.1s | Iter Loss 1.3062 | Iter Mean Loss 1.3779
2023-12-19 23:54:27,453 - root - INFO - KG & CF Training: Epoch 0001 Iter 0008 / 0041 | Time 0.1s | Iter Loss 1.2941 | Iter Mean Loss 1.3674
2023-12-19 23:54:27,575 - root - INFO - KG & CF Training: Epoch 0001 Iter 0009 / 0041 | Time 0.1s | Iter Loss 1.2707 | Iter Mean Loss 1.3567
2023-12-19 23:54:27,701 - root - INFO - KG & CF Training: Epoch 0001 Iter 0010 / 0041 | Time 0.1s | Iter Loss 1.2725 | Iter Mean Loss 1.3482
2023-12-19 23:54:27,828 - root - INFO - KG & CF Training: Epoch 0001 Iter 0011 / 0041 | Time 0.1s | Iter Loss 1.2489 | Iter Mean Loss 1.3392
2023-12-19 23:54:27,960 - root - INFO - KG & CF Training: Epoch 0001 Iter 0012 / 0041 | Time 0.1s | Iter Loss 1.2265 | Iter Mean Loss 1.3298
2023-12-19 23:54:28,083 - root - INFO - KG & CF Training: Epoch 0001 Iter 0013 / 0041 | Time 0.1s | Iter Loss 1.2153 | Iter Mean Loss 1.3210
2023-12-19 23:54:28,211 - root - INFO - KG & CF Training: Epoch 0001 Iter 0014 / 0041 | Time 0.1s | Iter Loss 1.1996 | Iter Mean Loss 1.3123
2023-12-19 23:54:28,333 - root - INFO - KG & CF Training: Epoch 0001 Iter 0015 / 0041 | Time 0.1s | Iter Loss 1.1925 | Iter Mean Loss 1.3044
2023-12-19 23:54:28,465 - root - INFO - KG & CF Training: Epoch 0001 Iter 0016 / 0041 | Time 0.1s | Iter Loss 1.1847 | Iter Mean Loss 1.2969
2023-12-19 23:54:28,593 - root - INFO - KG & CF Training: Epoch 0001 Iter 0017 / 0041 | Time 0.1s | Iter Loss 1.1645 | Iter Mean Loss 1.2891
2023-12-19 23:54:28,701 - root - INFO - KG & CF Training: Epoch 0001 Iter 0018 / 0041 | Time 0.1s | Iter Loss 1.1437 | Iter Mean Loss 1.2810
2023-12-19 23:54:28,825 - root - INFO - KG & CF Training: Epoch 0001 Iter 0019 / 0041 | Time 0.1s | Iter Loss 1.1513 | Iter Mean Loss 1.2742
2023-12-19 23:54:28,941 - root - INFO - KG & CF Training: Epoch 0001 Iter 0020 / 0041 | Time 0.1s | Iter Loss 1.1374 | Iter Mean Loss 1.2673
2023-12-19 23:54:29,049 - root - INFO - KG & CF Training: Epoch 0001 Iter 0021 / 0041 | Time 0.1s | Iter Loss 1.1206 | Iter Mean Loss 1.2604
2023-12-19 23:54:29,169 - root - INFO - KG & CF Training: Epoch 0001 Iter 0022 / 0041 | Time 0.1s | Iter Loss 1.1172 | Iter Mean Loss 1.2539
2023-12-19 23:54:29,293 - root - INFO - KG & CF Training: Epoch 0001 Iter 0023 / 0041 | Time 0.1s | Iter Loss 1.1136 | Iter Mean Loss 1.2478
2023-12-19 23:54:29,401 - root - INFO - KG & CF Training: Epoch 0001 Iter 0024 / 0041 | Time 0.1s | Iter Loss 1.1073 | Iter Mean Loss 1.2419
2023-12-19 23:54:29,517 - root - INFO - KG & CF Training: Epoch 0001 Iter 0025 / 0041 | Time 0.1s | Iter Loss 1.0846 | Iter Mean Loss 1.2356
2023-12-19 23:54:29,621 - root - INFO - KG & CF Training: Epoch 0001 Iter 0026 / 0041 | Time 0.1s | Iter Loss 1.0902 | Iter Mean Loss 1.2300
2023-12-19 23:54:29,741 - root - INFO - KG & CF Training: Epoch 0001 Iter 0027 / 0041 | Time 0.1s | Iter Loss 1.0815 | Iter Mean Loss 1.2245
2023-12-19 23:54:29,849 - root - INFO - KG & CF Training: Epoch 0001 Iter 0028 / 0041 | Time 0.1s | Iter Loss 1.0718 | Iter Mean Loss 1.2191
2023-12-19 23:54:29,953 - root - INFO - KG & CF Training: Epoch 0001 Iter 0029 / 0041 | Time 0.1s | Iter Loss 1.0665 | Iter Mean Loss 1.2138
2023-12-19 23:54:30,063 - root - INFO - KG & CF Training: Epoch 0001 Iter 0030 / 0041 | Time 0.1s | Iter Loss 1.0631 | Iter Mean Loss 1.2088
2023-12-19 23:54:30,163 - root - INFO - KG & CF Training: Epoch 0001 Iter 0031 / 0041 | Time 0.1s | Iter Loss 1.0519 | Iter Mean Loss 1.2037
2023-12-19 23:54:30,259 - root - INFO - KG & CF Training: Epoch 0001 Iter 0032 / 0041 | Time 0.1s | Iter Loss 1.0444 | Iter Mean Loss 1.1987
2023-12-19 23:54:30,344 - root - INFO - KG & CF Training: Epoch 0001 Iter 0033 / 0041 | Time 0.1s | Iter Loss 1.0502 | Iter Mean Loss 1.1942
2023-12-19 23:54:30,432 - root - INFO - KG & CF Training: Epoch 0001 Iter 0034 / 0041 | Time 0.1s | Iter Loss 1.0447 | Iter Mean Loss 1.1898
2023-12-19 23:54:30,512 - root - INFO - KG & CF Training: Epoch 0001 Iter 0035 / 0041 | Time 0.1s | Iter Loss 1.0317 | Iter Mean Loss 1.1853
2023-12-19 23:54:30,592 - root - INFO - KG & CF Training: Epoch 0001 Iter 0036 / 0041 | Time 0.1s | Iter Loss 1.0288 | Iter Mean Loss 1.1810
2023-12-19 23:54:30,668 - root - INFO - KG & CF Training: Epoch 0001 Iter 0037 / 0041 | Time 0.1s | Iter Loss 1.0221 | Iter Mean Loss 1.1767
2023-12-19 23:54:30,744 - root - INFO - KG & CF Training: Epoch 0001 Iter 0038 / 0041 | Time 0.1s | Iter Loss 1.0239 | Iter Mean Loss 1.1727
2023-12-19 23:54:30,820 - root - INFO - KG & CF Training: Epoch 0001 Iter 0039 / 0041 | Time 0.1s | Iter Loss 1.0243 | Iter Mean Loss 1.1688
2023-12-19 23:54:30,896 - root - INFO - KG & CF Training: Epoch 0001 Iter 0040 / 0041 | Time 0.1s | Iter Loss 1.0250 | Iter Mean Loss 1.1653
2023-12-19 23:54:30,980 - root - INFO - KG & CF Training: Epoch 0001 Iter 0041 / 0041 | Time 0.1s | Iter Loss 1.0107 | Iter Mean Loss 1.1615
2023-12-19 23:54:30,980 - root - INFO - KG & CF Training: Epoch 0001 Total Iter 0041 | Total Time 5.4s | Iter Mean Loss 1.1615
2023-12-19 23:54:31,055 - root - INFO - KG & CF Training: Epoch 0002 Iter 0001 / 0041 | Time 0.1s | Iter Loss 1.0100 | Iter Mean Loss 1.0100
2023-12-19 23:54:31,123 - root - INFO - KG & CF Training: Epoch 0002 Iter 0002 / 0041 | Time 0.1s | Iter Loss 1.0018 | Iter Mean Loss 1.0059
2023-12-19 23:54:31,192 - root - INFO - KG & CF Training: Epoch 0002 Iter 0003 / 0041 | Time 0.1s | Iter Loss 1.0044 | Iter Mean Loss 1.0054
2023-12-19 23:54:31,266 - root - INFO - KG & CF Training: Epoch 0002 Iter 0004 / 0041 | Time 0.1s | Iter Loss 0.9929 | Iter Mean Loss 1.0023
2023-12-19 23:54:31,346 - root - INFO - KG & CF Training: Epoch 0002 Iter 0005 / 0041 | Time 0.1s | Iter Loss 0.9895 | Iter Mean Loss 0.9997
2023-12-19 23:54:31,431 - root - INFO - KG & CF Training: Epoch 0002 Iter 0006 / 0041 | Time 0.1s | Iter Loss 0.9920 | Iter Mean Loss 0.9984
2023-12-19 23:54:31,500 - root - INFO - KG & CF Training: Epoch 0002 Iter 0007 / 0041 | Time 0.1s | Iter Loss 0.9905 | Iter Mean Loss 0.9973
2023-12-19 23:54:31,581 - root - INFO - KG & CF Training: Epoch 0002 Iter 0008 / 0041 | Time 0.1s | Iter Loss 0.9815 | Iter Mean Loss 0.9953
2023-12-19 23:54:31,663 - root - INFO - KG & CF Training: Epoch 0002 Iter 0009 / 0041 | Time 0.1s | Iter Loss 0.9722 | Iter Mean Loss 0.9928
2023-12-19 23:54:31,739 - root - INFO - KG & CF Training: Epoch 0002 Iter 0010 / 0041 | Time 0.1s | Iter Loss 0.9817 | Iter Mean Loss 0.9917
2023-12-19 23:54:31,818 - root - INFO - KG & CF Training: Epoch 0002 Iter 0011 / 0041 | Time 0.1s | Iter Loss 0.9693 | Iter Mean Loss 0.9896
2023-12-19 23:54:31,896 - root - INFO - KG & CF Training: Epoch 0002 Iter 0012 / 0041 | Time 0.1s | Iter Loss 0.9734 | Iter Mean Loss 0.9883
2023-12-19 23:54:31,968 - root - INFO - KG & CF Training: Epoch 0002 Iter 0013 / 0041 | Time 0.1s | Iter Loss 0.9700 | Iter Mean Loss 0.9869
2023-12-19 23:54:32,048 - root - INFO - KG & CF Training: Epoch 0002 Iter 0014 / 0041 | Time 0.1s | Iter Loss 0.9654 | Iter Mean Loss 0.9853
2023-12-19 23:54:32,123 - root - INFO - KG & CF Training: Epoch 0002 Iter 0015 / 0041 | Time 0.1s | Iter Loss 0.9658 | Iter Mean Loss 0.9840
2023-12-19 23:54:32,198 - root - INFO - KG & CF Training: Epoch 0002 Iter 0016 / 0041 | Time 0.1s | Iter Loss 0.9566 | Iter Mean Loss 0.9823
2023-12-19 23:54:32,274 - root - INFO - KG & CF Training: Epoch 0002 Iter 0017 / 0041 | Time 0.1s | Iter Loss 0.9598 | Iter Mean Loss 0.9810
2023-12-19 23:54:32,358 - root - INFO - KG & CF Training: Epoch 0002 Iter 0018 / 0041 | Time 0.1s | Iter Loss 0.9591 | Iter Mean Loss 0.9798
2023-12-19 23:54:32,441 - root - INFO - KG & CF Training: Epoch 0002 Iter 0019 / 0041 | Time 0.1s | Iter Loss 0.9545 | Iter Mean Loss 0.9784
2023-12-19 23:54:32,525 - root - INFO - KG & CF Training: Epoch 0002 Iter 0020 / 0041 | Time 0.1s | Iter Loss 0.9531 | Iter Mean Loss 0.9772
2023-12-19 23:54:32,601 - root - INFO - KG & CF Training: Epoch 0002 Iter 0021 / 0041 | Time 0.1s | Iter Loss 0.9537 | Iter Mean Loss 0.9761
2023-12-19 23:54:32,696 - root - INFO - KG & CF Training: Epoch 0002 Iter 0022 / 0041 | Time 0.1s | Iter Loss 0.9502 | Iter Mean Loss 0.9749
2023-12-19 23:54:32,784 - root - INFO - KG & CF Training: Epoch 0002 Iter 0023 / 0041 | Time 0.1s | Iter Loss 0.9489 | Iter Mean Loss 0.9737
2023-12-19 23:54:32,860 - root - INFO - KG & CF Training: Epoch 0002 Iter 0024 / 0041 | Time 0.1s | Iter Loss 0.9463 | Iter Mean Loss 0.9726
2023-12-19 23:54:32,932 - root - INFO - KG & CF Training: Epoch 0002 Iter 0025 / 0041 | Time 0.1s | Iter Loss 0.9402 | Iter Mean Loss 0.9713
2023-12-19 23:54:33,008 - root - INFO - KG & CF Training: Epoch 0002 Iter 0026 / 0041 | Time 0.1s | Iter Loss 0.9441 | Iter Mean Loss 0.9703
2023-12-19 23:54:33,080 - root - INFO - KG & CF Training: Epoch 0002 Iter 0027 / 0041 | Time 0.1s | Iter Loss 0.9417 | Iter Mean Loss 0.9692
2023-12-19 23:54:33,164 - root - INFO - KG & CF Training: Epoch 0002 Iter 0028 / 0041 | Time 0.1s | Iter Loss 0.9399 | Iter Mean Loss 0.9682
2023-12-19 23:54:33,228 - root - INFO - KG & CF Training: Epoch 0002 Iter 0029 / 0041 | Time 0.1s | Iter Loss 0.9346 | Iter Mean Loss 0.9670
2023-12-19 23:54:33,312 - root - INFO - KG & CF Training: Epoch 0002 Iter 0030 / 0041 | Time 0.1s | Iter Loss 0.9348 | Iter Mean Loss 0.9659
2023-12-19 23:54:33,380 - root - INFO - KG & CF Training: Epoch 0002 Iter 0031 / 0041 | Time 0.1s | Iter Loss 0.9436 | Iter Mean Loss 0.9652
2023-12-19 23:54:33,460 - root - INFO - KG & CF Training: Epoch 0002 Iter 0032 / 0041 | Time 0.1s | Iter Loss 0.9310 | Iter Mean Loss 0.9641
2023-12-19 23:54:33,536 - root - INFO - KG & CF Training: Epoch 0002 Iter 0033 / 0041 | Time 0.1s | Iter Loss 0.9250 | Iter Mean Loss 0.9629
2023-12-19 23:54:33,608 - root - INFO - KG & CF Training: Epoch 0002 Iter 0034 / 0041 | Time 0.1s | Iter Loss 0.9279 | Iter Mean Loss 0.9619
2023-12-19 23:54:33,680 - root - INFO - KG & CF Training: Epoch 0002 Iter 0035 / 0041 | Time 0.1s | Iter Loss 0.9356 | Iter Mean Loss 0.9612
2023-12-19 23:54:33,756 - root - INFO - KG & CF Training: Epoch 0002 Iter 0036 / 0041 | Time 0.1s | Iter Loss 0.9276 | Iter Mean Loss 0.9602
2023-12-19 23:54:33,828 - root - INFO - KG & CF Training: Epoch 0002 Iter 0037 / 0041 | Time 0.1s | Iter Loss 0.9217 | Iter Mean Loss 0.9592
2023-12-19 23:54:33,903 - root - INFO - KG & CF Training: Epoch 0002 Iter 0038 / 0041 | Time 0.1s | Iter Loss 0.9259 | Iter Mean Loss 0.9583
2023-12-19 23:54:33,979 - root - INFO - KG & CF Training: Epoch 0002 Iter 0039 / 0041 | Time 0.1s | Iter Loss 0.9243 | Iter Mean Loss 0.9574
2023-12-19 23:54:34,059 - root - INFO - KG & CF Training: Epoch 0002 Iter 0040 / 0041 | Time 0.1s | Iter Loss 0.9215 | Iter Mean Loss 0.9565
2023-12-19 23:54:34,139 - root - INFO - KG & CF Training: Epoch 0002 Iter 0041 / 0041 | Time 0.1s | Iter Loss 0.9219 | Iter Mean Loss 0.9557
2023-12-19 23:54:34,143 - root - INFO - KG & CF Training: Epoch 0002 Total Iter 0041 | Total Time 3.2s | Iter Mean Loss 0.9557
2023-12-19 23:54:34,247 - root - INFO - KG & CF Training: Epoch 0003 Iter 0001 / 0041 | Time 0.1s | Iter Loss 0.9209 | Iter Mean Loss 0.9209
2023-12-19 23:54:34,347 - root - INFO - KG & CF Training: Epoch 0003 Iter 0002 / 0041 | Time 0.1s | Iter Loss 0.9140 | Iter Mean Loss 0.9174
2023-12-19 23:54:34,423 - root - INFO - KG & CF Training: Epoch 0003 Iter 0003 / 0041 | Time 0.1s | Iter Loss 0.9190 | Iter Mean Loss 0.9180
2023-12-19 23:54:34,507 - root - INFO - KG & CF Training: Epoch 0003 Iter 0004 / 0041 | Time 0.1s | Iter Loss 0.9154 | Iter Mean Loss 0.9173
2023-12-19 23:54:34,595 - root - INFO - KG & CF Training: Epoch 0003 Iter 0005 / 0041 | Time 0.1s | Iter Loss 0.9179 | Iter Mean Loss 0.9174
2023-12-19 23:54:34,671 - root - INFO - KG & CF Training: Epoch 0003 Iter 0006 / 0041 | Time 0.1s | Iter Loss 0.9148 | Iter Mean Loss 0.9170
2023-12-19 23:54:34,767 - root - INFO - KG & CF Training: Epoch 0003 Iter 0007 / 0041 | Time 0.1s | Iter Loss 0.9142 | Iter Mean Loss 0.9166
2023-12-19 23:54:34,875 - root - INFO - KG & CF Training: Epoch 0003 Iter 0008 / 0041 | Time 0.1s | Iter Loss 0.9121 | Iter Mean Loss 0.9160
2023-12-19 23:54:34,973 - root - INFO - KG & CF Training: Epoch 0003 Iter 0009 / 0041 | Time 0.1s | Iter Loss 0.9076 | Iter Mean Loss 0.9151
2023-12-19 23:54:35,057 - root - INFO - KG & CF Training: Epoch 0003 Iter 0010 / 0041 | Time 0.1s | Iter Loss 0.9063 | Iter Mean Loss 0.9142
2023-12-19 23:54:35,145 - root - INFO - KG & CF Training: Epoch 0003 Iter 0011 / 0041 | Time 0.1s | Iter Loss 0.9176 | Iter Mean Loss 0.9145
2023-12-19 23:54:35,234 - root - INFO - KG & CF Training: Epoch 0003 Iter 0012 / 0041 | Time 0.1s | Iter Loss 0.9095 | Iter Mean Loss 0.9141
2023-12-19 23:54:35,326 - root - INFO - KG & CF Training: Epoch 0003 Iter 0013 / 0041 | Time 0.1s | Iter Loss 0.9073 | Iter Mean Loss 0.9136
2023-12-19 23:54:35,410 - root - INFO - KG & CF Training: Epoch 0003 Iter 0014 / 0041 | Time 0.1s | Iter Loss 0.9079 | Iter Mean Loss 0.9132
2023-12-19 23:54:35,502 - root - INFO - KG & CF Training: Epoch 0003 Iter 0015 / 0041 | Time 0.1s | Iter Loss 0.9126 | Iter Mean Loss 0.9131
2023-12-19 23:54:35,580 - root - INFO - KG & CF Training: Epoch 0003 Iter 0016 / 0041 | Time 0.1s | Iter Loss 0.9073 | Iter Mean Loss 0.9128
2023-12-19 23:54:35,644 - root - INFO - KG & CF Training: Epoch 0003 Iter 0017 / 0041 | Time 0.1s | Iter Loss 0.9039 | Iter Mean Loss 0.9122
2023-12-19 23:54:35,715 - root - INFO - KG & CF Training: Epoch 0003 Iter 0018 / 0041 | Time 0.1s | Iter Loss 0.8980 | Iter Mean Loss 0.9114
2023-12-19 23:54:35,791 - root - INFO - KG & CF Training: Epoch 0003 Iter 0019 / 0041 | Time 0.1s | Iter Loss 0.9051 | Iter Mean Loss 0.9111
2023-12-19 23:54:35,875 - root - INFO - KG & CF Training: Epoch 0003 Iter 0020 / 0041 | Time 0.1s | Iter Loss 0.9035 | Iter Mean Loss 0.9107
2023-12-19 23:54:35,951 - root - INFO - KG & CF Training: Epoch 0003 Iter 0021 / 0041 | Time 0.1s | Iter Loss 0.8939 | Iter Mean Loss 0.9099
2023-12-19 23:54:36,030 - root - INFO - KG & CF Training: Epoch 0003 Iter 0022 / 0041 | Time 0.1s | Iter Loss 0.8995 | Iter Mean Loss 0.9095
2023-12-19 23:54:36,106 - root - INFO - KG & CF Training: Epoch 0003 Iter 0023 / 0041 | Time 0.1s | Iter Loss 0.9017 | Iter Mean Loss 0.9091
2023-12-19 23:54:36,182 - root - INFO - KG & CF Training: Epoch 0003 Iter 0024 / 0041 | Time 0.1s | Iter Loss 0.8961 | Iter Mean Loss 0.9086
2023-12-19 23:54:36,252 - root - INFO - KG & CF Training: Epoch 0003 Iter 0025 / 0041 | Time 0.1s | Iter Loss 0.9027 | Iter Mean Loss 0.9083
2023-12-19 23:54:36,336 - root - INFO - KG & CF Training: Epoch 0003 Iter 0026 / 0041 | Time 0.1s | Iter Loss 0.8996 | Iter Mean Loss 0.9080
2023-12-19 23:54:36,408 - root - INFO - KG & CF Training: Epoch 0003 Iter 0027 / 0041 | Time 0.1s | Iter Loss 0.8964 | Iter Mean Loss 0.9076
2023-12-19 23:54:36,488 - root - INFO - KG & CF Training: Epoch 0003 Iter 0028 / 0041 | Time 0.1s | Iter Loss 0.8926 | Iter Mean Loss 0.9070
2023-12-19 23:54:36,556 - root - INFO - KG & CF Training: Epoch 0003 Iter 0029 / 0041 | Time 0.1s | Iter Loss 0.8975 | Iter Mean Loss 0.9067
2023-12-19 23:54:36,640 - root - INFO - KG & CF Training: Epoch 0003 Iter 0030 / 0041 | Time 0.1s | Iter Loss 0.8901 | Iter Mean Loss 0.9062
2023-12-19 23:54:36,725 - root - INFO - KG & CF Training: Epoch 0003 Iter 0031 / 0041 | Time 0.1s | Iter Loss 0.8930 | Iter Mean Loss 0.9057
2023-12-19 23:54:36,786 - root - INFO - KG & CF Training: Epoch 0003 Iter 0032 / 0041 | Time 0.1s | Iter Loss 0.8859 | Iter Mean Loss 0.9051
2023-12-19 23:54:36,862 - root - INFO - KG & CF Training: Epoch 0003 Iter 0033 / 0041 | Time 0.1s | Iter Loss 0.8918 | Iter Mean Loss 0.9047
2023-12-19 23:54:36,938 - root - INFO - KG & CF Training: Epoch 0003 Iter 0034 / 0041 | Time 0.1s | Iter Loss 0.8860 | Iter Mean Loss 0.9042
2023-12-19 23:54:37,010 - root - INFO - KG & CF Training: Epoch 0003 Iter 0035 / 0041 | Time 0.1s | Iter Loss 0.8906 | Iter Mean Loss 0.9038
2023-12-19 23:54:37,094 - root - INFO - KG & CF Training: Epoch 0003 Iter 0036 / 0041 | Time 0.1s | Iter Loss 0.8952 | Iter Mean Loss 0.9035
2023-12-19 23:54:37,174 - root - INFO - KG & CF Training: Epoch 0003 Iter 0037 / 0041 | Time 0.1s | Iter Loss 0.8901 | Iter Mean Loss 0.9032
2023-12-19 23:54:37,246 - root - INFO - KG & CF Training: Epoch 0003 Iter 0038 / 0041 | Time 0.1s | Iter Loss 0.8866 | Iter Mean Loss 0.9027
2023-12-19 23:54:37,339 - root - INFO - KG & CF Training: Epoch 0003 Iter 0039 / 0041 | Time 0.1s | Iter Loss 0.8909 | Iter Mean Loss 0.9024
2023-12-19 23:54:37,419 - root - INFO - KG & CF Training: Epoch 0003 Iter 0040 / 0041 | Time 0.1s | Iter Loss 0.8874 | Iter Mean Loss 0.9021
2023-12-19 23:54:37,503 - root - INFO - KG & CF Training: Epoch 0003 Iter 0041 / 0041 | Time 0.1s | Iter Loss 0.8868 | Iter Mean Loss 0.9017
2023-12-19 23:54:37,503 - root - INFO - KG & CF Training: Epoch 0003 Total Iter 0041 | Total Time 3.4s | Iter Mean Loss 0.9017
2023-12-19 23:54:37,599 - root - INFO - KG & CF Training: Epoch 0004 Iter 0001 / 0041 | Time 0.1s | Iter Loss 0.8856 | Iter Mean Loss 0.8856
2023-12-19 23:54:37,687 - root - INFO - KG & CF Training: Epoch 0004 Iter 0002 / 0041 | Time 0.1s | Iter Loss 0.8850 | Iter Mean Loss 0.8853
2023-12-19 23:54:37,763 - root - INFO - KG & CF Training: Epoch 0004 Iter 0003 / 0041 | Time 0.1s | Iter Loss 0.8833 | Iter Mean Loss 0.8846
2023-12-19 23:54:37,851 - root - INFO - KG & CF Training: Epoch 0004 Iter 0004 / 0041 | Time 0.1s | Iter Loss 0.8892 | Iter Mean Loss 0.8857
2023-12-19 23:54:37,939 - root - INFO - KG & CF Training: Epoch 0004 Iter 0005 / 0041 | Time 0.1s | Iter Loss 0.8845 | Iter Mean Loss 0.8855
2023-12-19 23:54:38,032 - root - INFO - KG & CF Training: Epoch 0004 Iter 0006 / 0041 | Time 0.1s | Iter Loss 0.8843 | Iter Mean Loss 0.8853
2023-12-19 23:54:38,115 - root - INFO - KG & CF Training: Epoch 0004 Iter 0007 / 0041 | Time 0.1s | Iter Loss 0.8785 | Iter Mean Loss 0.8843
2023-12-19 23:54:38,193 - root - INFO - KG & CF Training: Epoch 0004 Iter 0008 / 0041 | Time 0.1s | Iter Loss 0.8803 | Iter Mean Loss 0.8838
2023-12-19 23:54:38,269 - root - INFO - KG & CF Training: Epoch 0004 Iter 0009 / 0041 | Time 0.1s | Iter Loss 0.8836 | Iter Mean Loss 0.8838
2023-12-19 23:54:38,359 - root - INFO - KG & CF Training: Epoch 0004 Iter 0010 / 0041 | Time 0.1s | Iter Loss 0.8845 | Iter Mean Loss 0.8839
2023-12-19 23:54:38,440 - root - INFO - KG & CF Training: Epoch 0004 Iter 0011 / 0041 | Time 0.1s | Iter Loss 0.8793 | Iter Mean Loss 0.8835
2023-12-19 23:54:38,527 - root - INFO - KG & CF Training: Epoch 0004 Iter 0012 / 0041 | Time 0.1s | Iter Loss 0.8819 | Iter Mean Loss 0.8833
2023-12-19 23:54:38,614 - root - INFO - KG & CF Training: Epoch 0004 Iter 0013 / 0041 | Time 0.1s | Iter Loss 0.8844 | Iter Mean Loss 0.8834
2023-12-19 23:54:38,697 - root - INFO - KG & CF Training: Epoch 0004 Iter 0014 / 0041 | Time 0.1s | Iter Loss 0.8846 | Iter Mean Loss 0.8835
2023-12-19 23:54:38,777 - root - INFO - KG & CF Training: Epoch 0004 Iter 0015 / 0041 | Time 0.1s | Iter Loss 0.8791 | Iter Mean Loss 0.8832
2023-12-19 23:54:38,858 - root - INFO - KG & CF Training: Epoch 0004 Iter 0016 / 0041 | Time 0.1s | Iter Loss 0.8823 | Iter Mean Loss 0.8832
2023-12-19 23:54:38,936 - root - INFO - KG & CF Training: Epoch 0004 Iter 0017 / 0041 | Time 0.1s | Iter Loss 0.8767 | Iter Mean Loss 0.8828
2023-12-19 23:54:39,024 - root - INFO - KG & CF Training: Epoch 0004 Iter 0018 / 0041 | Time 0.1s | Iter Loss 0.8728 | Iter Mean Loss 0.8822
2023-12-19 23:54:39,121 - root - INFO - KG & CF Training: Epoch 0004 Iter 0019 / 0041 | Time 0.1s | Iter Loss 0.8771 | Iter Mean Loss 0.8819
2023-12-19 23:54:39,205 - root - INFO - KG & CF Training: Epoch 0004 Iter 0020 / 0041 | Time 0.1s | Iter Loss 0.8809 | Iter Mean Loss 0.8819
2023-12-19 23:54:39,289 - root - INFO - KG & CF Training: Epoch 0004 Iter 0021 / 0041 | Time 0.1s | Iter Loss 0.8780 | Iter Mean Loss 0.8817
2023-12-19 23:54:39,378 - root - INFO - KG & CF Training: Epoch 0004 Iter 0022 / 0041 | Time 0.1s | Iter Loss 0.8731 | Iter Mean Loss 0.8813
2023-12-19 23:54:39,450 - root - INFO - KG & CF Training: Epoch 0004 Iter 0023 / 0041 | Time 0.1s | Iter Loss 0.8716 | Iter Mean Loss 0.8809
2023-12-19 23:54:39,517 - root - INFO - KG & CF Training: Epoch 0004 Iter 0024 / 0041 | Time 0.1s | Iter Loss 0.8761 | Iter Mean Loss 0.8807
2023-12-19 23:54:39,592 - root - INFO - KG & CF Training: Epoch 0004 Iter 0025 / 0041 | Time 0.1s | Iter Loss 0.8780 | Iter Mean Loss 0.8806
2023-12-19 23:54:39,663 - root - INFO - KG & CF Training: Epoch 0004 Iter 0026 / 0041 | Time 0.1s | Iter Loss 0.8745 | Iter Mean Loss 0.8804
2023-12-19 23:54:39,738 - root - INFO - KG & CF Training: Epoch 0004 Iter 0027 / 0041 | Time 0.1s | Iter Loss 0.8764 | Iter Mean Loss 0.8802
2023-12-19 23:54:39,815 - root - INFO - KG & CF Training: Epoch 0004 Iter 0028 / 0041 | Time 0.1s | Iter Loss 0.8689 | Iter Mean Loss 0.8798
2023-12-19 23:54:39,883 - root - INFO - KG & CF Training: Epoch 0004 Iter 0029 / 0041 | Time 0.1s | Iter Loss 0.8670 | Iter Mean Loss 0.8794
2023-12-19 23:54:39,955 - root - INFO - KG & CF Training: Epoch 0004 Iter 0030 / 0041 | Time 0.1s | Iter Loss 0.8752 | Iter Mean Loss 0.8792
2023-12-19 23:54:40,025 - root - INFO - KG & CF Training: Epoch 0004 Iter 0031 / 0041 | Time 0.1s | Iter Loss 0.8715 | Iter Mean Loss 0.8790
2023-12-19 23:54:40,097 - root - INFO - KG & CF Training: Epoch 0004 Iter 0032 / 0041 | Time 0.1s | Iter Loss 0.8729 | Iter Mean Loss 0.8788
2023-12-19 23:54:40,177 - root - INFO - KG & CF Training: Epoch 0004 Iter 0033 / 0041 | Time 0.1s | Iter Loss 0.8700 | Iter Mean Loss 0.8785
2023-12-19 23:54:40,249 - root - INFO - KG & CF Training: Epoch 0004 Iter 0034 / 0041 | Time 0.1s | Iter Loss 0.8675 | Iter Mean Loss 0.8782
2023-12-19 23:54:40,328 - root - INFO - KG & CF Training: Epoch 0004 Iter 0035 / 0041 | Time 0.1s | Iter Loss 0.8691 | Iter Mean Loss 0.8779
2023-12-19 23:54:40,396 - root - INFO - KG & CF Training: Epoch 0004 Iter 0036 / 0041 | Time 0.1s | Iter Loss 0.8714 | Iter Mean Loss 0.8778
2023-12-19 23:54:40,470 - root - INFO - KG & CF Training: Epoch 0004 Iter 0037 / 0041 | Time 0.1s | Iter Loss 0.8687 | Iter Mean Loss 0.8775
2023-12-19 23:54:40,549 - root - INFO - KG & CF Training: Epoch 0004 Iter 0038 / 0041 | Time 0.1s | Iter Loss 0.8697 | Iter Mean Loss 0.8773
2023-12-19 23:54:40,619 - root - INFO - KG & CF Training: Epoch 0004 Iter 0039 / 0041 | Time 0.1s | Iter Loss 0.8642 | Iter Mean Loss 0.8770
2023-12-19 23:54:40,691 - root - INFO - KG & CF Training: Epoch 0004 Iter 0040 / 0041 | Time 0.1s | Iter Loss 0.8647 | Iter Mean Loss 0.8767
2023-12-19 23:54:40,777 - root - INFO - KG & CF Training: Epoch 0004 Iter 0041 / 0041 | Time 0.1s | Iter Loss 0.8668 | Iter Mean Loss 0.8764
2023-12-19 23:54:40,777 - root - INFO - KG & CF Training: Epoch 0004 Total Iter 0041 | Total Time 3.3s | Iter Mean Loss 0.8764
2023-12-19 23:54:40,850 - root - INFO - KG & CF Training: Epoch 0005 Iter 0001 / 0041 | Time 0.1s | Iter Loss 0.8632 | Iter Mean Loss 0.8632
2023-12-19 23:54:40,924 - root - INFO - KG & CF Training: Epoch 0005 Iter 0002 / 0041 | Time 0.1s | Iter Loss 0.8625 | Iter Mean Loss 0.8628
2023-12-19 23:54:40,999 - root - INFO - KG & CF Training: Epoch 0005 Iter 0003 / 0041 | Time 0.1s | Iter Loss 0.8630 | Iter Mean Loss 0.8629
2023-12-19 23:54:41,079 - root - INFO - KG & CF Training: Epoch 0005 Iter 0004 / 0041 | Time 0.1s | Iter Loss 0.8680 | Iter Mean Loss 0.8642
2023-12-19 23:54:41,150 - root - INFO - KG & CF Training: Epoch 0005 Iter 0005 / 0041 | Time 0.1s | Iter Loss 0.8621 | Iter Mean Loss 0.8637
2023-12-19 23:54:41,233 - root - INFO - KG & CF Training: Epoch 0005 Iter 0006 / 0041 | Time 0.1s | Iter Loss 0.8654 | Iter Mean Loss 0.8640
2023-12-19 23:54:41,317 - root - INFO - KG & CF Training: Epoch 0005 Iter 0007 / 0041 | Time 0.1s | Iter Loss 0.8647 | Iter Mean Loss 0.8641
2023-12-19 23:54:41,392 - root - INFO - KG & CF Training: Epoch 0005 Iter 0008 / 0041 | Time 0.1s | Iter Loss 0.8545 | Iter Mean Loss 0.8629
2023-12-19 23:54:41,475 - root - INFO - KG & CF Training: Epoch 0005 Iter 0009 / 0041 | Time 0.1s | Iter Loss 0.8601 | Iter Mean Loss 0.8626
2023-12-19 23:54:41,551 - root - INFO - KG & CF Training: Epoch 0005 Iter 0010 / 0041 | Time 0.1s | Iter Loss 0.8571 | Iter Mean Loss 0.8621
2023-12-19 23:54:41,637 - root - INFO - KG & CF Training: Epoch 0005 Iter 0011 / 0041 | Time 0.1s | Iter Loss 0.8615 | Iter Mean Loss 0.8620
2023-12-19 23:54:41,725 - root - INFO - KG & CF Training: Epoch 0005 Iter 0012 / 0041 | Time 0.1s | Iter Loss 0.8623 | Iter Mean Loss 0.8620
