2023-12-19 17:58:22,220 - root - INFO - Namespace(seed=2022, data_name='Douban', data_dir='data/', cuda=False, gpu_id=0, use_pretrain=0, pretrain_model_path='trained_model/Embedding_based.pth', cf_batch_size=1024, kg_batch_size=2048, test_batch_size=2048, embed_dim=32, relation_dim=32, KG_embedding_type='TransE', kg_l2loss_lambda=0.0001, cf_l2loss_lambda=0.0001, lr=0.001, n_epoch=1000, stopping_steps=10, print_every=1, evaluate_every=10, Ks='[5, 10]', save_dir='trained_model/Douban/Embedding_based/dim32_lr0.001_l20.0001_TransE/')
2023-12-19 17:58:25,328 - root - INFO - n_users:      447
2023-12-19 17:58:25,328 - root - INFO - n_items:      578
2023-12-19 17:58:25,328 - root - INFO - n_entities:   2348
2023-12-19 17:58:25,328 - root - INFO - n_relations:  42
2023-12-19 17:58:25,335 - root - INFO - n_cf_train:   41830
2023-12-19 17:58:25,335 - root - INFO - n_cf_test:    10840
2023-12-19 17:58:25,335 - root - INFO - n_kg_data:    94012
2023-12-19 17:58:25,339 - root - INFO - Embedding_based(
  (user_embed): Embedding(447, 32)
  (item_embed): Embedding(578, 32)
  (entity_embed): Embedding(2348, 32)
  (relation_embed): Embedding(42, 32)
)
2023-12-19 17:58:27,279 - root - INFO - KG & CF Training: Epoch 0001 Iter 0001 / 0041 | Time 1.1s | Iter Loss 1.4504 | Iter Mean Loss 1.4504
2023-12-19 17:58:27,388 - root - INFO - KG & CF Training: Epoch 0001 Iter 0002 / 0041 | Time 0.1s | Iter Loss 1.4224 | Iter Mean Loss 1.4364
2023-12-19 17:58:27,508 - root - INFO - KG & CF Training: Epoch 0001 Iter 0003 / 0041 | Time 0.1s | Iter Loss 1.3959 | Iter Mean Loss 1.4229
2023-12-19 17:58:27,632 - root - INFO - KG & CF Training: Epoch 0001 Iter 0004 / 0041 | Time 0.1s | Iter Loss 1.3739 | Iter Mean Loss 1.4106
2023-12-19 17:58:27,744 - root - INFO - KG & CF Training: Epoch 0001 Iter 0005 / 0041 | Time 0.1s | Iter Loss 1.3589 | Iter Mean Loss 1.4003
2023-12-19 17:58:27,856 - root - INFO - KG & CF Training: Epoch 0001 Iter 0006 / 0041 | Time 0.1s | Iter Loss 1.3375 | Iter Mean Loss 1.3898
2023-12-19 17:58:27,970 - root - INFO - KG & CF Training: Epoch 0001 Iter 0007 / 0041 | Time 0.1s | Iter Loss 1.3062 | Iter Mean Loss 1.3779
2023-12-19 17:58:28,096 - root - INFO - KG & CF Training: Epoch 0001 Iter 0008 / 0041 | Time 0.1s | Iter Loss 1.2941 | Iter Mean Loss 1.3674
2023-12-19 17:58:28,192 - root - INFO - KG & CF Training: Epoch 0001 Iter 0009 / 0041 | Time 0.1s | Iter Loss 1.2707 | Iter Mean Loss 1.3567
2023-12-19 17:58:28,308 - root - INFO - KG & CF Training: Epoch 0001 Iter 0010 / 0041 | Time 0.1s | Iter Loss 1.2725 | Iter Mean Loss 1.3482
2023-12-19 17:58:28,419 - root - INFO - KG & CF Training: Epoch 0001 Iter 0011 / 0041 | Time 0.1s | Iter Loss 1.2489 | Iter Mean Loss 1.3392
2023-12-19 17:58:28,534 - root - INFO - KG & CF Training: Epoch 0001 Iter 0012 / 0041 | Time 0.1s | Iter Loss 1.2265 | Iter Mean Loss 1.3298
2023-12-19 17:58:28,642 - root - INFO - KG & CF Training: Epoch 0001 Iter 0013 / 0041 | Time 0.1s | Iter Loss 1.2153 | Iter Mean Loss 1.3210
2023-12-19 17:58:28,737 - root - INFO - KG & CF Training: Epoch 0001 Iter 0014 / 0041 | Time 0.1s | Iter Loss 1.1996 | Iter Mean Loss 1.3123
2023-12-19 17:58:28,843 - root - INFO - KG & CF Training: Epoch 0001 Iter 0015 / 0041 | Time 0.1s | Iter Loss 1.1925 | Iter Mean Loss 1.3044
2023-12-19 17:58:28,943 - root - INFO - KG & CF Training: Epoch 0001 Iter 0016 / 0041 | Time 0.1s | Iter Loss 1.1847 | Iter Mean Loss 1.2969
2023-12-19 17:58:29,041 - root - INFO - KG & CF Training: Epoch 0001 Iter 0017 / 0041 | Time 0.1s | Iter Loss 1.1645 | Iter Mean Loss 1.2891
2023-12-19 17:58:29,129 - root - INFO - KG & CF Training: Epoch 0001 Iter 0018 / 0041 | Time 0.1s | Iter Loss 1.1437 | Iter Mean Loss 1.2810
2023-12-19 17:58:29,216 - root - INFO - KG & CF Training: Epoch 0001 Iter 0019 / 0041 | Time 0.1s | Iter Loss 1.1513 | Iter Mean Loss 1.2742
2023-12-19 17:58:29,296 - root - INFO - KG & CF Training: Epoch 0001 Iter 0020 / 0041 | Time 0.1s | Iter Loss 1.1374 | Iter Mean Loss 1.2673
2023-12-19 17:58:29,377 - root - INFO - KG & CF Training: Epoch 0001 Iter 0021 / 0041 | Time 0.1s | Iter Loss 1.1206 | Iter Mean Loss 1.2604
2023-12-19 17:58:29,466 - root - INFO - KG & CF Training: Epoch 0001 Iter 0022 / 0041 | Time 0.1s | Iter Loss 1.1172 | Iter Mean Loss 1.2539
2023-12-19 17:58:29,536 - root - INFO - KG & CF Training: Epoch 0001 Iter 0023 / 0041 | Time 0.1s | Iter Loss 1.1136 | Iter Mean Loss 1.2478
2023-12-19 17:58:29,614 - root - INFO - KG & CF Training: Epoch 0001 Iter 0024 / 0041 | Time 0.1s | Iter Loss 1.1073 | Iter Mean Loss 1.2419
2023-12-19 17:58:29,692 - root - INFO - KG & CF Training: Epoch 0001 Iter 0025 / 0041 | Time 0.1s | Iter Loss 1.0846 | Iter Mean Loss 1.2356
2023-12-19 17:58:29,772 - root - INFO - KG & CF Training: Epoch 0001 Iter 0026 / 0041 | Time 0.1s | Iter Loss 1.0902 | Iter Mean Loss 1.2300
2023-12-19 17:58:29,840 - root - INFO - KG & CF Training: Epoch 0001 Iter 0027 / 0041 | Time 0.1s | Iter Loss 1.0815 | Iter Mean Loss 1.2245
2023-12-19 17:58:29,922 - root - INFO - KG & CF Training: Epoch 0001 Iter 0028 / 0041 | Time 0.1s | Iter Loss 1.0718 | Iter Mean Loss 1.2191
2023-12-19 17:58:29,998 - root - INFO - KG & CF Training: Epoch 0001 Iter 0029 / 0041 | Time 0.1s | Iter Loss 1.0665 | Iter Mean Loss 1.2138
2023-12-19 17:58:30,073 - root - INFO - KG & CF Training: Epoch 0001 Iter 0030 / 0041 | Time 0.1s | Iter Loss 1.0631 | Iter Mean Loss 1.2088
2023-12-19 17:58:30,146 - root - INFO - KG & CF Training: Epoch 0001 Iter 0031 / 0041 | Time 0.1s | Iter Loss 1.0519 | Iter Mean Loss 1.2037
2023-12-19 17:58:30,220 - root - INFO - KG & CF Training: Epoch 0001 Iter 0032 / 0041 | Time 0.1s | Iter Loss 1.0444 | Iter Mean Loss 1.1987
2023-12-19 17:58:30,289 - root - INFO - KG & CF Training: Epoch 0001 Iter 0033 / 0041 | Time 0.1s | Iter Loss 1.0502 | Iter Mean Loss 1.1942
2023-12-19 17:58:30,361 - root - INFO - KG & CF Training: Epoch 0001 Iter 0034 / 0041 | Time 0.1s | Iter Loss 1.0447 | Iter Mean Loss 1.1898
2023-12-19 17:58:30,430 - root - INFO - KG & CF Training: Epoch 0001 Iter 0035 / 0041 | Time 0.1s | Iter Loss 1.0317 | Iter Mean Loss 1.1853
2023-12-19 17:58:30,506 - root - INFO - KG & CF Training: Epoch 0001 Iter 0036 / 0041 | Time 0.1s | Iter Loss 1.0288 | Iter Mean Loss 1.1810
2023-12-19 17:58:30,576 - root - INFO - KG & CF Training: Epoch 0001 Iter 0037 / 0041 | Time 0.1s | Iter Loss 1.0221 | Iter Mean Loss 1.1767
2023-12-19 17:58:30,655 - root - INFO - KG & CF Training: Epoch 0001 Iter 0038 / 0041 | Time 0.1s | Iter Loss 1.0239 | Iter Mean Loss 1.1727
2023-12-19 17:58:30,734 - root - INFO - KG & CF Training: Epoch 0001 Iter 0039 / 0041 | Time 0.1s | Iter Loss 1.0243 | Iter Mean Loss 1.1688
2023-12-19 17:58:30,800 - root - INFO - KG & CF Training: Epoch 0001 Iter 0040 / 0041 | Time 0.1s | Iter Loss 1.0250 | Iter Mean Loss 1.1653
2023-12-19 17:58:30,876 - root - INFO - KG & CF Training: Epoch 0001 Iter 0041 / 0041 | Time 0.1s | Iter Loss 1.0107 | Iter Mean Loss 1.1615
2023-12-19 17:58:30,876 - root - INFO - KG & CF Training: Epoch 0001 Total Iter 0041 | Total Time 4.7s | Iter Mean Loss 1.1615
2023-12-19 17:58:30,976 - root - INFO - KG & CF Training: Epoch 0002 Iter 0001 / 0041 | Time 0.1s | Iter Loss 1.0100 | Iter Mean Loss 1.0100
2023-12-19 17:58:31,062 - root - INFO - KG & CF Training: Epoch 0002 Iter 0002 / 0041 | Time 0.1s | Iter Loss 1.0018 | Iter Mean Loss 1.0059
2023-12-19 17:58:31,158 - root - INFO - KG & CF Training: Epoch 0002 Iter 0003 / 0041 | Time 0.1s | Iter Loss 1.0044 | Iter Mean Loss 1.0054
2023-12-19 17:58:31,226 - root - INFO - KG & CF Training: Epoch 0002 Iter 0004 / 0041 | Time 0.1s | Iter Loss 0.9929 | Iter Mean Loss 1.0023
2023-12-19 17:58:31,299 - root - INFO - KG & CF Training: Epoch 0002 Iter 0005 / 0041 | Time 0.1s | Iter Loss 0.9895 | Iter Mean Loss 0.9997
2023-12-19 17:58:31,385 - root - INFO - KG & CF Training: Epoch 0002 Iter 0006 / 0041 | Time 0.1s | Iter Loss 0.9920 | Iter Mean Loss 0.9984
2023-12-19 17:58:31,467 - root - INFO - KG & CF Training: Epoch 0002 Iter 0007 / 0041 | Time 0.1s | Iter Loss 0.9905 | Iter Mean Loss 0.9973
2023-12-19 17:58:31,541 - root - INFO - KG & CF Training: Epoch 0002 Iter 0008 / 0041 | Time 0.1s | Iter Loss 0.9815 | Iter Mean Loss 0.9953
2023-12-19 17:58:31,615 - root - INFO - KG & CF Training: Epoch 0002 Iter 0009 / 0041 | Time 0.1s | Iter Loss 0.9722 | Iter Mean Loss 0.9928
2023-12-19 17:58:31,703 - root - INFO - KG & CF Training: Epoch 0002 Iter 0010 / 0041 | Time 0.1s | Iter Loss 0.9817 | Iter Mean Loss 0.9917
2023-12-19 17:58:31,788 - root - INFO - KG & CF Training: Epoch 0002 Iter 0011 / 0041 | Time 0.1s | Iter Loss 0.9693 | Iter Mean Loss 0.9896
2023-12-19 17:58:31,861 - root - INFO - KG & CF Training: Epoch 0002 Iter 0012 / 0041 | Time 0.1s | Iter Loss 0.9734 | Iter Mean Loss 0.9883
2023-12-19 17:58:31,936 - root - INFO - KG & CF Training: Epoch 0002 Iter 0013 / 0041 | Time 0.1s | Iter Loss 0.9700 | Iter Mean Loss 0.9869
2023-12-19 17:58:32,005 - root - INFO - KG & CF Training: Epoch 0002 Iter 0014 / 0041 | Time 0.1s | Iter Loss 0.9654 | Iter Mean Loss 0.9853
2023-12-19 17:58:32,075 - root - INFO - KG & CF Training: Epoch 0002 Iter 0015 / 0041 | Time 0.1s | Iter Loss 0.9658 | Iter Mean Loss 0.9840
2023-12-19 17:58:32,141 - root - INFO - KG & CF Training: Epoch 0002 Iter 0016 / 0041 | Time 0.1s | Iter Loss 0.9566 | Iter Mean Loss 0.9823
2023-12-19 17:58:32,211 - root - INFO - KG & CF Training: Epoch 0002 Iter 0017 / 0041 | Time 0.1s | Iter Loss 0.9598 | Iter Mean Loss 0.9810
2023-12-19 17:58:32,283 - root - INFO - KG & CF Training: Epoch 0002 Iter 0018 / 0041 | Time 0.1s | Iter Loss 0.9591 | Iter Mean Loss 0.9798
2023-12-19 17:58:32,354 - root - INFO - KG & CF Training: Epoch 0002 Iter 0019 / 0041 | Time 0.1s | Iter Loss 0.9545 | Iter Mean Loss 0.9784
2023-12-19 17:58:32,426 - root - INFO - KG & CF Training: Epoch 0002 Iter 0020 / 0041 | Time 0.1s | Iter Loss 0.9531 | Iter Mean Loss 0.9772
2023-12-19 17:58:32,505 - root - INFO - KG & CF Training: Epoch 0002 Iter 0021 / 0041 | Time 0.1s | Iter Loss 0.9537 | Iter Mean Loss 0.9761
2023-12-19 17:58:32,586 - root - INFO - KG & CF Training: Epoch 0002 Iter 0022 / 0041 | Time 0.1s | Iter Loss 0.9502 | Iter Mean Loss 0.9749
2023-12-19 17:58:32,670 - root - INFO - KG & CF Training: Epoch 0002 Iter 0023 / 0041 | Time 0.1s | Iter Loss 0.9489 | Iter Mean Loss 0.9737
2023-12-19 17:58:32,742 - root - INFO - KG & CF Training: Epoch 0002 Iter 0024 / 0041 | Time 0.1s | Iter Loss 0.9463 | Iter Mean Loss 0.9726
2023-12-19 17:58:32,823 - root - INFO - KG & CF Training: Epoch 0002 Iter 0025 / 0041 | Time 0.1s | Iter Loss 0.9402 | Iter Mean Loss 0.9713
2023-12-19 17:58:32,899 - root - INFO - KG & CF Training: Epoch 0002 Iter 0026 / 0041 | Time 0.1s | Iter Loss 0.9441 | Iter Mean Loss 0.9703
2023-12-19 17:58:32,971 - root - INFO - KG & CF Training: Epoch 0002 Iter 0027 / 0041 | Time 0.1s | Iter Loss 0.9417 | Iter Mean Loss 0.9692
2023-12-19 17:58:33,046 - root - INFO - KG & CF Training: Epoch 0002 Iter 0028 / 0041 | Time 0.1s | Iter Loss 0.9399 | Iter Mean Loss 0.9682
2023-12-19 17:58:33,120 - root - INFO - KG & CF Training: Epoch 0002 Iter 0029 / 0041 | Time 0.1s | Iter Loss 0.9346 | Iter Mean Loss 0.9670
2023-12-19 17:58:33,192 - root - INFO - KG & CF Training: Epoch 0002 Iter 0030 / 0041 | Time 0.1s | Iter Loss 0.9348 | Iter Mean Loss 0.9659
2023-12-19 17:58:33,269 - root - INFO - KG & CF Training: Epoch 0002 Iter 0031 / 0041 | Time 0.1s | Iter Loss 0.9436 | Iter Mean Loss 0.9652
2023-12-19 17:58:33,342 - root - INFO - KG & CF Training: Epoch 0002 Iter 0032 / 0041 | Time 0.1s | Iter Loss 0.9310 | Iter Mean Loss 0.9641
2023-12-19 17:58:33,410 - root - INFO - KG & CF Training: Epoch 0002 Iter 0033 / 0041 | Time 0.1s | Iter Loss 0.9250 | Iter Mean Loss 0.9629
2023-12-19 17:58:33,471 - root - INFO - KG & CF Training: Epoch 0002 Iter 0034 / 0041 | Time 0.1s | Iter Loss 0.9279 | Iter Mean Loss 0.9619
2023-12-19 17:58:33,549 - root - INFO - KG & CF Training: Epoch 0002 Iter 0035 / 0041 | Time 0.1s | Iter Loss 0.9356 | Iter Mean Loss 0.9612
2023-12-19 17:58:33,621 - root - INFO - KG & CF Training: Epoch 0002 Iter 0036 / 0041 | Time 0.1s | Iter Loss 0.9276 | Iter Mean Loss 0.9602
2023-12-19 17:58:33,689 - root - INFO - KG & CF Training: Epoch 0002 Iter 0037 / 0041 | Time 0.1s | Iter Loss 0.9217 | Iter Mean Loss 0.9592
2023-12-19 17:58:33,763 - root - INFO - KG & CF Training: Epoch 0002 Iter 0038 / 0041 | Time 0.1s | Iter Loss 0.9259 | Iter Mean Loss 0.9583
2023-12-19 17:58:33,827 - root - INFO - KG & CF Training: Epoch 0002 Iter 0039 / 0041 | Time 0.1s | Iter Loss 0.9243 | Iter Mean Loss 0.9574
2023-12-19 17:58:33,901 - root - INFO - KG & CF Training: Epoch 0002 Iter 0040 / 0041 | Time 0.1s | Iter Loss 0.9215 | Iter Mean Loss 0.9565
2023-12-19 17:58:33,984 - root - INFO - KG & CF Training: Epoch 0002 Iter 0041 / 0041 | Time 0.1s | Iter Loss 0.9219 | Iter Mean Loss 0.9557
2023-12-19 17:58:33,984 - root - INFO - KG & CF Training: Epoch 0002 Total Iter 0041 | Total Time 3.1s | Iter Mean Loss 0.9557
2023-12-19 17:58:34,065 - root - INFO - KG & CF Training: Epoch 0003 Iter 0001 / 0041 | Time 0.1s | Iter Loss 0.9209 | Iter Mean Loss 0.9209
2023-12-19 17:58:34,147 - root - INFO - KG & CF Training: Epoch 0003 Iter 0002 / 0041 | Time 0.1s | Iter Loss 0.9140 | Iter Mean Loss 0.9174
2023-12-19 17:58:34,227 - root - INFO - KG & CF Training: Epoch 0003 Iter 0003 / 0041 | Time 0.1s | Iter Loss 0.9190 | Iter Mean Loss 0.9180
2023-12-19 17:58:34,299 - root - INFO - KG & CF Training: Epoch 0003 Iter 0004 / 0041 | Time 0.1s | Iter Loss 0.9154 | Iter Mean Loss 0.9173
2023-12-19 17:58:34,371 - root - INFO - KG & CF Training: Epoch 0003 Iter 0005 / 0041 | Time 0.1s | Iter Loss 0.9179 | Iter Mean Loss 0.9174
2023-12-19 17:58:34,445 - root - INFO - KG & CF Training: Epoch 0003 Iter 0006 / 0041 | Time 0.1s | Iter Loss 0.9148 | Iter Mean Loss 0.9170
2023-12-19 17:58:34,532 - root - INFO - KG & CF Training: Epoch 0003 Iter 0007 / 0041 | Time 0.1s | Iter Loss 0.9142 | Iter Mean Loss 0.9166
2023-12-19 17:58:34,608 - root - INFO - KG & CF Training: Epoch 0003 Iter 0008 / 0041 | Time 0.1s | Iter Loss 0.9121 | Iter Mean Loss 0.9160
2023-12-19 17:58:34,693 - root - INFO - KG & CF Training: Epoch 0003 Iter 0009 / 0041 | Time 0.1s | Iter Loss 0.9076 | Iter Mean Loss 0.9151
2023-12-19 17:58:34,765 - root - INFO - KG & CF Training: Epoch 0003 Iter 0010 / 0041 | Time 0.1s | Iter Loss 0.9063 | Iter Mean Loss 0.9142
2023-12-19 17:58:34,833 - root - INFO - KG & CF Training: Epoch 0003 Iter 0011 / 0041 | Time 0.1s | Iter Loss 0.9176 | Iter Mean Loss 0.9145
2023-12-19 17:58:34,912 - root - INFO - KG & CF Training: Epoch 0003 Iter 0012 / 0041 | Time 0.1s | Iter Loss 0.9095 | Iter Mean Loss 0.9141
2023-12-19 17:58:34,985 - root - INFO - KG & CF Training: Epoch 0003 Iter 0013 / 0041 | Time 0.1s | Iter Loss 0.9073 | Iter Mean Loss 0.9136
2023-12-19 17:58:35,053 - root - INFO - KG & CF Training: Epoch 0003 Iter 0014 / 0041 | Time 0.1s | Iter Loss 0.9079 | Iter Mean Loss 0.9132
2023-12-19 17:58:35,139 - root - INFO - KG & CF Training: Epoch 0003 Iter 0015 / 0041 | Time 0.1s | Iter Loss 0.9126 | Iter Mean Loss 0.9131
2023-12-19 17:58:35,215 - root - INFO - KG & CF Training: Epoch 0003 Iter 0016 / 0041 | Time 0.1s | Iter Loss 0.9073 | Iter Mean Loss 0.9128
2023-12-19 17:58:35,292 - root - INFO - KG & CF Training: Epoch 0003 Iter 0017 / 0041 | Time 0.1s | Iter Loss 0.9039 | Iter Mean Loss 0.9122
2023-12-19 17:58:35,381 - root - INFO - KG & CF Training: Epoch 0003 Iter 0018 / 0041 | Time 0.1s | Iter Loss 0.8980 | Iter Mean Loss 0.9114
2023-12-19 17:58:35,468 - root - INFO - KG & CF Training: Epoch 0003 Iter 0019 / 0041 | Time 0.1s | Iter Loss 0.9051 | Iter Mean Loss 0.9111
2023-12-19 17:58:35,546 - root - INFO - KG & CF Training: Epoch 0003 Iter 0020 / 0041 | Time 0.1s | Iter Loss 0.9035 | Iter Mean Loss 0.9107
2023-12-19 17:58:35,642 - root - INFO - KG & CF Training: Epoch 0003 Iter 0021 / 0041 | Time 0.1s | Iter Loss 0.8939 | Iter Mean Loss 0.9099
2023-12-19 17:58:35,731 - root - INFO - KG & CF Training: Epoch 0003 Iter 0022 / 0041 | Time 0.1s | Iter Loss 0.8995 | Iter Mean Loss 0.9095
2023-12-19 17:58:35,799 - root - INFO - KG & CF Training: Epoch 0003 Iter 0023 / 0041 | Time 0.1s | Iter Loss 0.9017 | Iter Mean Loss 0.9091
2023-12-19 17:58:35,886 - root - INFO - KG & CF Training: Epoch 0003 Iter 0024 / 0041 | Time 0.1s | Iter Loss 0.8961 | Iter Mean Loss 0.9086
2023-12-19 17:58:35,968 - root - INFO - KG & CF Training: Epoch 0003 Iter 0025 / 0041 | Time 0.1s | Iter Loss 0.9027 | Iter Mean Loss 0.9083
2023-12-19 17:58:36,036 - root - INFO - KG & CF Training: Epoch 0003 Iter 0026 / 0041 | Time 0.1s | Iter Loss 0.8996 | Iter Mean Loss 0.9080
2023-12-19 17:58:36,127 - root - INFO - KG & CF Training: Epoch 0003 Iter 0027 / 0041 | Time 0.1s | Iter Loss 0.8964 | Iter Mean Loss 0.9076
2023-12-19 17:58:36,213 - root - INFO - KG & CF Training: Epoch 0003 Iter 0028 / 0041 | Time 0.1s | Iter Loss 0.8926 | Iter Mean Loss 0.9070
2023-12-19 17:58:36,285 - root - INFO - KG & CF Training: Epoch 0003 Iter 0029 / 0041 | Time 0.1s | Iter Loss 0.8975 | Iter Mean Loss 0.9067
2023-12-19 17:58:36,359 - root - INFO - KG & CF Training: Epoch 0003 Iter 0030 / 0041 | Time 0.1s | Iter Loss 0.8901 | Iter Mean Loss 0.9062
2023-12-19 17:58:36,439 - root - INFO - KG & CF Training: Epoch 0003 Iter 0031 / 0041 | Time 0.1s | Iter Loss 0.8930 | Iter Mean Loss 0.9057
2023-12-19 17:58:36,517 - root - INFO - KG & CF Training: Epoch 0003 Iter 0032 / 0041 | Time 0.1s | Iter Loss 0.8859 | Iter Mean Loss 0.9051
2023-12-19 17:58:36,588 - root - INFO - KG & CF Training: Epoch 0003 Iter 0033 / 0041 | Time 0.1s | Iter Loss 0.8918 | Iter Mean Loss 0.9047
2023-12-19 17:58:36,654 - root - INFO - KG & CF Training: Epoch 0003 Iter 0034 / 0041 | Time 0.1s | Iter Loss 0.8860 | Iter Mean Loss 0.9042
2023-12-19 17:58:36,727 - root - INFO - KG & CF Training: Epoch 0003 Iter 0035 / 0041 | Time 0.1s | Iter Loss 0.8906 | Iter Mean Loss 0.9038
2023-12-19 17:58:36,801 - root - INFO - KG & CF Training: Epoch 0003 Iter 0036 / 0041 | Time 0.1s | Iter Loss 0.8952 | Iter Mean Loss 0.9035
2023-12-19 17:58:36,871 - root - INFO - KG & CF Training: Epoch 0003 Iter 0037 / 0041 | Time 0.1s | Iter Loss 0.8901 | Iter Mean Loss 0.9032
2023-12-19 17:58:36,945 - root - INFO - KG & CF Training: Epoch 0003 Iter 0038 / 0041 | Time 0.1s | Iter Loss 0.8866 | Iter Mean Loss 0.9027
2023-12-19 17:58:37,029 - root - INFO - KG & CF Training: Epoch 0003 Iter 0039 / 0041 | Time 0.1s | Iter Loss 0.8909 | Iter Mean Loss 0.9024
2023-12-19 17:58:37,110 - root - INFO - KG & CF Training: Epoch 0003 Iter 0040 / 0041 | Time 0.1s | Iter Loss 0.8874 | Iter Mean Loss 0.9021
2023-12-19 17:58:37,187 - root - INFO - KG & CF Training: Epoch 0003 Iter 0041 / 0041 | Time 0.1s | Iter Loss 0.8868 | Iter Mean Loss 0.9017
2023-12-19 17:58:37,187 - root - INFO - KG & CF Training: Epoch 0003 Total Iter 0041 | Total Time 3.2s | Iter Mean Loss 0.9017
2023-12-19 17:58:37,272 - root - INFO - KG & CF Training: Epoch 0004 Iter 0001 / 0041 | Time 0.1s | Iter Loss 0.8856 | Iter Mean Loss 0.8856
2023-12-19 17:58:37,348 - root - INFO - KG & CF Training: Epoch 0004 Iter 0002 / 0041 | Time 0.1s | Iter Loss 0.8850 | Iter Mean Loss 0.8853
2023-12-19 17:58:37,416 - root - INFO - KG & CF Training: Epoch 0004 Iter 0003 / 0041 | Time 0.1s | Iter Loss 0.8833 | Iter Mean Loss 0.8846
2023-12-19 17:58:37,496 - root - INFO - KG & CF Training: Epoch 0004 Iter 0004 / 0041 | Time 0.1s | Iter Loss 0.8892 | Iter Mean Loss 0.8857
2023-12-19 17:58:37,568 - root - INFO - KG & CF Training: Epoch 0004 Iter 0005 / 0041 | Time 0.1s | Iter Loss 0.8845 | Iter Mean Loss 0.8855
2023-12-19 17:58:37,652 - root - INFO - KG & CF Training: Epoch 0004 Iter 0006 / 0041 | Time 0.1s | Iter Loss 0.8843 | Iter Mean Loss 0.8853
2023-12-19 17:58:37,721 - root - INFO - KG & CF Training: Epoch 0004 Iter 0007 / 0041 | Time 0.1s | Iter Loss 0.8785 | Iter Mean Loss 0.8843
2023-12-19 17:58:37,788 - root - INFO - KG & CF Training: Epoch 0004 Iter 0008 / 0041 | Time 0.1s | Iter Loss 0.8803 | Iter Mean Loss 0.8838
2023-12-19 17:58:37,864 - root - INFO - KG & CF Training: Epoch 0004 Iter 0009 / 0041 | Time 0.1s | Iter Loss 0.8836 | Iter Mean Loss 0.8838
2023-12-19 17:58:37,934 - root - INFO - KG & CF Training: Epoch 0004 Iter 0010 / 0041 | Time 0.1s | Iter Loss 0.8845 | Iter Mean Loss 0.8839
2023-12-19 17:58:38,017 - root - INFO - KG & CF Training: Epoch 0004 Iter 0011 / 0041 | Time 0.1s | Iter Loss 0.8793 | Iter Mean Loss 0.8835
2023-12-19 17:58:38,093 - root - INFO - KG & CF Training: Epoch 0004 Iter 0012 / 0041 | Time 0.1s | Iter Loss 0.8819 | Iter Mean Loss 0.8833
2023-12-19 17:58:38,168 - root - INFO - KG & CF Training: Epoch 0004 Iter 0013 / 0041 | Time 0.1s | Iter Loss 0.8844 | Iter Mean Loss 0.8834
2023-12-19 17:58:38,246 - root - INFO - KG & CF Training: Epoch 0004 Iter 0014 / 0041 | Time 0.1s | Iter Loss 0.8846 | Iter Mean Loss 0.8835
2023-12-19 17:58:38,325 - root - INFO - KG & CF Training: Epoch 0004 Iter 0015 / 0041 | Time 0.1s | Iter Loss 0.8791 | Iter Mean Loss 0.8832
2023-12-19 17:58:38,419 - root - INFO - KG & CF Training: Epoch 0004 Iter 0016 / 0041 | Time 0.1s | Iter Loss 0.8823 | Iter Mean Loss 0.8832
2023-12-19 17:58:38,493 - root - INFO - KG & CF Training: Epoch 0004 Iter 0017 / 0041 | Time 0.1s | Iter Loss 0.8767 | Iter Mean Loss 0.8828
2023-12-19 17:58:38,574 - root - INFO - KG & CF Training: Epoch 0004 Iter 0018 / 0041 | Time 0.1s | Iter Loss 0.8728 | Iter Mean Loss 0.8822
2023-12-19 17:58:38,638 - root - INFO - KG & CF Training: Epoch 0004 Iter 0019 / 0041 | Time 0.1s | Iter Loss 0.8771 | Iter Mean Loss 0.8819
2023-12-19 17:58:38,710 - root - INFO - KG & CF Training: Epoch 0004 Iter 0020 / 0041 | Time 0.1s | Iter Loss 0.8809 | Iter Mean Loss 0.8819
2023-12-19 17:58:38,789 - root - INFO - KG & CF Training: Epoch 0004 Iter 0021 / 0041 | Time 0.1s | Iter Loss 0.8780 | Iter Mean Loss 0.8817
2023-12-19 17:58:38,867 - root - INFO - KG & CF Training: Epoch 0004 Iter 0022 / 0041 | Time 0.1s | Iter Loss 0.8731 | Iter Mean Loss 0.8813
2023-12-19 17:58:38,949 - root - INFO - KG & CF Training: Epoch 0004 Iter 0023 / 0041 | Time 0.1s | Iter Loss 0.8716 | Iter Mean Loss 0.8809
2023-12-19 17:58:39,015 - root - INFO - KG & CF Training: Epoch 0004 Iter 0024 / 0041 | Time 0.1s | Iter Loss 0.8761 | Iter Mean Loss 0.8807
2023-12-19 17:58:39,091 - root - INFO - KG & CF Training: Epoch 0004 Iter 0025 / 0041 | Time 0.1s | Iter Loss 0.8780 | Iter Mean Loss 0.8806
2023-12-19 17:58:39,165 - root - INFO - KG & CF Training: Epoch 0004 Iter 0026 / 0041 | Time 0.1s | Iter Loss 0.8745 | Iter Mean Loss 0.8804
2023-12-19 17:58:39,242 - root - INFO - KG & CF Training: Epoch 0004 Iter 0027 / 0041 | Time 0.1s | Iter Loss 0.8764 | Iter Mean Loss 0.8802
2023-12-19 17:58:39,308 - root - INFO - KG & CF Training: Epoch 0004 Iter 0028 / 0041 | Time 0.1s | Iter Loss 0.8689 | Iter Mean Loss 0.8798
2023-12-19 17:58:39,379 - root - INFO - KG & CF Training: Epoch 0004 Iter 0029 / 0041 | Time 0.1s | Iter Loss 0.8670 | Iter Mean Loss 0.8794
2023-12-19 17:58:39,457 - root - INFO - KG & CF Training: Epoch 0004 Iter 0030 / 0041 | Time 0.1s | Iter Loss 0.8752 | Iter Mean Loss 0.8792
2023-12-19 17:58:39,530 - root - INFO - KG & CF Training: Epoch 0004 Iter 0031 / 0041 | Time 0.1s | Iter Loss 0.8715 | Iter Mean Loss 0.8790
2023-12-19 17:58:39,598 - root - INFO - KG & CF Training: Epoch 0004 Iter 0032 / 0041 | Time 0.1s | Iter Loss 0.8729 | Iter Mean Loss 0.8788
2023-12-19 17:58:39,668 - root - INFO - KG & CF Training: Epoch 0004 Iter 0033 / 0041 | Time 0.1s | Iter Loss 0.8700 | Iter Mean Loss 0.8785
2023-12-19 17:58:39,745 - root - INFO - KG & CF Training: Epoch 0004 Iter 0034 / 0041 | Time 0.1s | Iter Loss 0.8675 | Iter Mean Loss 0.8782
2023-12-19 17:58:39,826 - root - INFO - KG & CF Training: Epoch 0004 Iter 0035 / 0041 | Time 0.1s | Iter Loss 0.8691 | Iter Mean Loss 0.8779
2023-12-19 17:58:39,892 - root - INFO - KG & CF Training: Epoch 0004 Iter 0036 / 0041 | Time 0.1s | Iter Loss 0.8714 | Iter Mean Loss 0.8778
2023-12-19 17:58:39,972 - root - INFO - KG & CF Training: Epoch 0004 Iter 0037 / 0041 | Time 0.1s | Iter Loss 0.8687 | Iter Mean Loss 0.8775
2023-12-19 17:58:40,036 - root - INFO - KG & CF Training: Epoch 0004 Iter 0038 / 0041 | Time 0.1s | Iter Loss 0.8697 | Iter Mean Loss 0.8773
2023-12-19 17:58:40,103 - root - INFO - KG & CF Training: Epoch 0004 Iter 0039 / 0041 | Time 0.1s | Iter Loss 0.8642 | Iter Mean Loss 0.8770
2023-12-19 17:58:40,172 - root - INFO - KG & CF Training: Epoch 0004 Iter 0040 / 0041 | Time 0.1s | Iter Loss 0.8647 | Iter Mean Loss 0.8767
2023-12-19 17:58:40,246 - root - INFO - KG & CF Training: Epoch 0004 Iter 0041 / 0041 | Time 0.1s | Iter Loss 0.8668 | Iter Mean Loss 0.8764
2023-12-19 17:58:40,246 - root - INFO - KG & CF Training: Epoch 0004 Total Iter 0041 | Total Time 3.1s | Iter Mean Loss 0.8764
2023-12-19 17:58:40,326 - root - INFO - KG & CF Training: Epoch 0005 Iter 0001 / 0041 | Time 0.1s | Iter Loss 0.8632 | Iter Mean Loss 0.8632
2023-12-19 17:58:40,394 - root - INFO - KG & CF Training: Epoch 0005 Iter 0002 / 0041 | Time 0.1s | Iter Loss 0.8625 | Iter Mean Loss 0.8628
2023-12-19 17:58:40,466 - root - INFO - KG & CF Training: Epoch 0005 Iter 0003 / 0041 | Time 0.1s | Iter Loss 0.8630 | Iter Mean Loss 0.8629
2023-12-19 17:58:40,539 - root - INFO - KG & CF Training: Epoch 0005 Iter 0004 / 0041 | Time 0.1s | Iter Loss 0.8680 | Iter Mean Loss 0.8642
2023-12-19 17:58:40,621 - root - INFO - KG & CF Training: Epoch 0005 Iter 0005 / 0041 | Time 0.1s | Iter Loss 0.8621 | Iter Mean Loss 0.8637
2023-12-19 17:58:40,701 - root - INFO - KG & CF Training: Epoch 0005 Iter 0006 / 0041 | Time 0.1s | Iter Loss 0.8654 | Iter Mean Loss 0.8640
2023-12-19 17:58:40,768 - root - INFO - KG & CF Training: Epoch 0005 Iter 0007 / 0041 | Time 0.1s | Iter Loss 0.8647 | Iter Mean Loss 0.8641
2023-12-19 17:58:40,847 - root - INFO - KG & CF Training: Epoch 0005 Iter 0008 / 0041 | Time 0.1s | Iter Loss 0.8545 | Iter Mean Loss 0.8629
2023-12-19 17:58:40,919 - root - INFO - KG & CF Training: Epoch 0005 Iter 0009 / 0041 | Time 0.1s | Iter Loss 0.8601 | Iter Mean Loss 0.8626
2023-12-19 17:58:40,987 - root - INFO - KG & CF Training: Epoch 0005 Iter 0010 / 0041 | Time 0.1s | Iter Loss 0.8571 | Iter Mean Loss 0.8621
2023-12-19 17:58:41,063 - root - INFO - KG & CF Training: Epoch 0005 Iter 0011 / 0041 | Time 0.1s | Iter Loss 0.8615 | Iter Mean Loss 0.8620
2023-12-19 17:58:41,134 - root - INFO - KG & CF Training: Epoch 0005 Iter 0012 / 0041 | Time 0.1s | Iter Loss 0.8623 | Iter Mean Loss 0.8620
2023-12-19 17:58:41,204 - root - INFO - KG & CF Training: Epoch 0005 Iter 0013 / 0041 | Time 0.1s | Iter Loss 0.8663 | Iter Mean Loss 0.8624
2023-12-19 17:58:41,284 - root - INFO - KG & CF Training: Epoch 0005 Iter 0014 / 0041 | Time 0.1s | Iter Loss 0.8604 | Iter Mean Loss 0.8622
2023-12-19 17:58:41,354 - root - INFO - KG & CF Training: Epoch 0005 Iter 0015 / 0041 | Time 0.1s | Iter Loss 0.8531 | Iter Mean Loss 0.8616
2023-12-19 17:58:41,433 - root - INFO - KG & CF Training: Epoch 0005 Iter 0016 / 0041 | Time 0.1s | Iter Loss 0.8570 | Iter Mean Loss 0.8613
2023-12-19 17:58:41,504 - root - INFO - KG & CF Training: Epoch 0005 Iter 0017 / 0041 | Time 0.1s | Iter Loss 0.8587 | Iter Mean Loss 0.8612
2023-12-19 17:58:41,574 - root - INFO - KG & CF Training: Epoch 0005 Iter 0018 / 0041 | Time 0.1s | Iter Loss 0.8604 | Iter Mean Loss 0.8611
2023-12-19 17:58:41,637 - root - INFO - KG & CF Training: Epoch 0005 Iter 0019 / 0041 | Time 0.1s | Iter Loss 0.8567 | Iter Mean Loss 0.8609
2023-12-19 17:58:41,707 - root - INFO - KG & CF Training: Epoch 0005 Iter 0020 / 0041 | Time 0.1s | Iter Loss 0.8566 | Iter Mean Loss 0.8607
2023-12-19 17:58:41,787 - root - INFO - KG & CF Training: Epoch 0005 Iter 0021 / 0041 | Time 0.1s | Iter Loss 0.8605 | Iter Mean Loss 0.8607
2023-12-19 17:58:41,853 - root - INFO - KG & CF Training: Epoch 0005 Iter 0022 / 0041 | Time 0.1s | Iter Loss 0.8581 | Iter Mean Loss 0.8606
2023-12-19 17:58:41,930 - root - INFO - KG & CF Training: Epoch 0005 Iter 0023 / 0041 | Time 0.1s | Iter Loss 0.8547 | Iter Mean Loss 0.8603
2023-12-19 17:58:41,995 - root - INFO - KG & CF Training: Epoch 0005 Iter 0024 / 0041 | Time 0.1s | Iter Loss 0.8545 | Iter Mean Loss 0.8601
2023-12-19 17:58:42,057 - root - INFO - KG & CF Training: Epoch 0005 Iter 0025 / 0041 | Time 0.1s | Iter Loss 0.8529 | Iter Mean Loss 0.8598
2023-12-19 17:58:42,126 - root - INFO - KG & CF Training: Epoch 0005 Iter 0026 / 0041 | Time 0.1s | Iter Loss 0.8547 | Iter Mean Loss 0.8596
2023-12-19 17:58:42,192 - root - INFO - KG & CF Training: Epoch 0005 Iter 0027 / 0041 | Time 0.1s | Iter Loss 0.8572 | Iter Mean Loss 0.8595
2023-12-19 17:58:42,265 - root - INFO - KG & CF Training: Epoch 0005 Iter 0028 / 0041 | Time 0.1s | Iter Loss 0.8546 | Iter Mean Loss 0.8593
2023-12-19 17:58:42,337 - root - INFO - KG & CF Training: Epoch 0005 Iter 0029 / 0041 | Time 0.1s | Iter Loss 0.8492 | Iter Mean Loss 0.8590
2023-12-19 17:58:42,409 - root - INFO - KG & CF Training: Epoch 0005 Iter 0030 / 0041 | Time 0.1s | Iter Loss 0.8555 | Iter Mean Loss 0.8588
2023-12-19 17:58:42,484 - root - INFO - KG & CF Training: Epoch 0005 Iter 0031 / 0041 | Time 0.1s | Iter Loss 0.8570 | Iter Mean Loss 0.8588
2023-12-19 17:58:42,548 - root - INFO - KG & CF Training: Epoch 0005 Iter 0032 / 0041 | Time 0.1s | Iter Loss 0.8546 | Iter Mean Loss 0.8587
2023-12-19 17:58:42,620 - root - INFO - KG & CF Training: Epoch 0005 Iter 0033 / 0041 | Time 0.1s | Iter Loss 0.8505 | Iter Mean Loss 0.8584
2023-12-19 17:58:42,690 - root - INFO - KG & CF Training: Epoch 0005 Iter 0034 / 0041 | Time 0.1s | Iter Loss 0.8525 | Iter Mean Loss 0.8582
2023-12-19 17:58:42,765 - root - INFO - KG & CF Training: Epoch 0005 Iter 0035 / 0041 | Time 0.1s | Iter Loss 0.8523 | Iter Mean Loss 0.8581
2023-12-19 17:58:42,832 - root - INFO - KG & CF Training: Epoch 0005 Iter 0036 / 0041 | Time 0.1s | Iter Loss 0.8498 | Iter Mean Loss 0.8578
2023-12-19 17:58:42,901 - root - INFO - KG & CF Training: Epoch 0005 Iter 0037 / 0041 | Time 0.1s | Iter Loss 0.8527 | Iter Mean Loss 0.8577
2023-12-19 17:58:42,977 - root - INFO - KG & CF Training: Epoch 0005 Iter 0038 / 0041 | Time 0.1s | Iter Loss 0.8481 | Iter Mean Loss 0.8574
2023-12-19 17:58:43,052 - root - INFO - KG & CF Training: Epoch 0005 Iter 0039 / 0041 | Time 0.1s | Iter Loss 0.8487 | Iter Mean Loss 0.8572
2023-12-19 17:58:43,126 - root - INFO - KG & CF Training: Epoch 0005 Iter 0040 / 0041 | Time 0.1s | Iter Loss 0.8533 | Iter Mean Loss 0.8571
2023-12-19 17:58:43,200 - root - INFO - KG & CF Training: Epoch 0005 Iter 0041 / 0041 | Time 0.1s | Iter Loss 0.8510 | Iter Mean Loss 0.8570
2023-12-19 17:58:43,200 - root - INFO - KG & CF Training: Epoch 0005 Total Iter 0041 | Total Time 3.0s | Iter Mean Loss 0.8570
2023-12-19 17:58:43,270 - root - INFO - KG & CF Training: Epoch 0006 Iter 0001 / 0041 | Time 0.1s | Iter Loss 0.8478 | Iter Mean Loss 0.8478
2023-12-19 17:58:43,350 - root - INFO - KG & CF Training: Epoch 0006 Iter 0002 / 0041 | Time 0.1s | Iter Loss 0.8472 | Iter Mean Loss 0.8475
2023-12-19 17:58:43,423 - root - INFO - KG & CF Training: Epoch 0006 Iter 0003 / 0041 | Time 0.1s | Iter Loss 0.8468 | Iter Mean Loss 0.8473
2023-12-19 17:58:43,488 - root - INFO - KG & CF Training: Epoch 0006 Iter 0004 / 0041 | Time 0.1s | Iter Loss 0.8469 | Iter Mean Loss 0.8472
2023-12-19 17:58:43,574 - root - INFO - KG & CF Training: Epoch 0006 Iter 0005 / 0041 | Time 0.1s | Iter Loss 0.8455 | Iter Mean Loss 0.8468
2023-12-19 17:58:43,650 - root - INFO - KG & CF Training: Epoch 0006 Iter 0006 / 0041 | Time 0.1s | Iter Loss 0.8463 | Iter Mean Loss 0.8468
2023-12-19 17:58:43,727 - root - INFO - KG & CF Training: Epoch 0006 Iter 0007 / 0041 | Time 0.1s | Iter Loss 0.8471 | Iter Mean Loss 0.8468
2023-12-19 17:58:43,803 - root - INFO - KG & CF Training: Epoch 0006 Iter 0008 / 0041 | Time 0.1s | Iter Loss 0.8479 | Iter Mean Loss 0.8469
2023-12-19 17:58:43,877 - root - INFO - KG & CF Training: Epoch 0006 Iter 0009 / 0041 | Time 0.1s | Iter Loss 0.8508 | Iter Mean Loss 0.8474
2023-12-19 17:58:43,943 - root - INFO - KG & CF Training: Epoch 0006 Iter 0010 / 0041 | Time 0.1s | Iter Loss 0.8447 | Iter Mean Loss 0.8471
2023-12-19 17:58:44,015 - root - INFO - KG & CF Training: Epoch 0006 Iter 0011 / 0041 | Time 0.1s | Iter Loss 0.8455 | Iter Mean Loss 0.8470
2023-12-19 17:58:44,102 - root - INFO - KG & CF Training: Epoch 0006 Iter 0012 / 0041 | Time 0.1s | Iter Loss 0.8480 | Iter Mean Loss 0.8470
2023-12-19 17:58:44,184 - root - INFO - KG & CF Training: Epoch 0006 Iter 0013 / 0041 | Time 0.1s | Iter Loss 0.8445 | Iter Mean Loss 0.8468
2023-12-19 17:58:44,256 - root - INFO - KG & CF Training: Epoch 0006 Iter 0014 / 0041 | Time 0.1s | Iter Loss 0.8392 | Iter Mean Loss 0.8463
2023-12-19 17:58:44,330 - root - INFO - KG & CF Training: Epoch 0006 Iter 0015 / 0041 | Time 0.1s | Iter Loss 0.8479 | Iter Mean Loss 0.8464
2023-12-19 17:58:44,403 - root - INFO - KG & CF Training: Epoch 0006 Iter 0016 / 0041 | Time 0.1s | Iter Loss 0.8405 | Iter Mean Loss 0.8460
2023-12-19 17:58:44,483 - root - INFO - KG & CF Training: Epoch 0006 Iter 0017 / 0041 | Time 0.1s | Iter Loss 0.8400 | Iter Mean Loss 0.8457
2023-12-19 17:58:44,557 - root - INFO - KG & CF Training: Epoch 0006 Iter 0018 / 0041 | Time 0.1s | Iter Loss 0.8399 | Iter Mean Loss 0.8454
2023-12-19 17:58:44,633 - root - INFO - KG & CF Training: Epoch 0006 Iter 0019 / 0041 | Time 0.1s | Iter Loss 0.8461 | Iter Mean Loss 0.8454
2023-12-19 17:58:44,711 - root - INFO - KG & CF Training: Epoch 0006 Iter 0020 / 0041 | Time 0.1s | Iter Loss 0.8416 | Iter Mean Loss 0.8452
2023-12-19 17:58:44,780 - root - INFO - KG & CF Training: Epoch 0006 Iter 0021 / 0041 | Time 0.1s | Iter Loss 0.8419 | Iter Mean Loss 0.8451
2023-12-19 17:58:44,845 - root - INFO - KG & CF Training: Epoch 0006 Iter 0022 / 0041 | Time 0.1s | Iter Loss 0.8372 | Iter Mean Loss 0.8447
2023-12-19 17:58:44,923 - root - INFO - KG & CF Training: Epoch 0006 Iter 0023 / 0041 | Time 0.1s | Iter Loss 0.8406 | Iter Mean Loss 0.8445
2023-12-19 17:58:45,002 - root - INFO - KG & CF Training: Epoch 0006 Iter 0024 / 0041 | Time 0.1s | Iter Loss 0.8437 | Iter Mean Loss 0.8445
2023-12-19 17:58:45,076 - root - INFO - KG & CF Training: Epoch 0006 Iter 0025 / 0041 | Time 0.1s | Iter Loss 0.8365 | Iter Mean Loss 0.8442
2023-12-19 17:58:45,151 - root - INFO - KG & CF Training: Epoch 0006 Iter 0026 / 0041 | Time 0.1s | Iter Loss 0.8360 | Iter Mean Loss 0.8439
2023-12-19 17:58:45,215 - root - INFO - KG & CF Training: Epoch 0006 Iter 0027 / 0041 | Time 0.1s | Iter Loss 0.8386 | Iter Mean Loss 0.8437
2023-12-19 17:58:45,289 - root - INFO - KG & CF Training: Epoch 0006 Iter 0028 / 0041 | Time 0.1s | Iter Loss 0.8352 | Iter Mean Loss 0.8434
2023-12-19 17:58:45,375 - root - INFO - KG & CF Training: Epoch 0006 Iter 0029 / 0041 | Time 0.1s | Iter Loss 0.8379 | Iter Mean Loss 0.8432
2023-12-19 17:58:45,441 - root - INFO - KG & CF Training: Epoch 0006 Iter 0030 / 0041 | Time 0.1s | Iter Loss 0.8350 | Iter Mean Loss 0.8429
2023-12-19 17:58:45,517 - root - INFO - KG & CF Training: Epoch 0006 Iter 0031 / 0041 | Time 0.1s | Iter Loss 0.8418 | Iter Mean Loss 0.8429
2023-12-19 17:58:45,582 - root - INFO - KG & CF Training: Epoch 0006 Iter 0032 / 0041 | Time 0.1s | Iter Loss 0.8381 | Iter Mean Loss 0.8427
2023-12-19 17:58:45,658 - root - INFO - KG & CF Training: Epoch 0006 Iter 0033 / 0041 | Time 0.1s | Iter Loss 0.8315 | Iter Mean Loss 0.8424
2023-12-19 17:58:45,726 - root - INFO - KG & CF Training: Epoch 0006 Iter 0034 / 0041 | Time 0.1s | Iter Loss 0.8346 | Iter Mean Loss 0.8421
2023-12-19 17:58:45,802 - root - INFO - KG & CF Training: Epoch 0006 Iter 0035 / 0041 | Time 0.1s | Iter Loss 0.8287 | Iter Mean Loss 0.8418
2023-12-19 17:58:45,882 - root - INFO - KG & CF Training: Epoch 0006 Iter 0036 / 0041 | Time 0.1s | Iter Loss 0.8292 | Iter Mean Loss 0.8414
2023-12-19 17:58:45,962 - root - INFO - KG & CF Training: Epoch 0006 Iter 0037 / 0041 | Time 0.1s | Iter Loss 0.8297 | Iter Mean Loss 0.8411
2023-12-19 17:58:46,030 - root - INFO - KG & CF Training: Epoch 0006 Iter 0038 / 0041 | Time 0.1s | Iter Loss 0.8256 | Iter Mean Loss 0.8407
2023-12-19 17:58:46,102 - root - INFO - KG & CF Training: Epoch 0006 Iter 0039 / 0041 | Time 0.1s | Iter Loss 0.8374 | Iter Mean Loss 0.8406
2023-12-19 17:58:46,174 - root - INFO - KG & CF Training: Epoch 0006 Iter 0040 / 0041 | Time 0.1s | Iter Loss 0.8299 | Iter Mean Loss 0.8403
2023-12-19 17:58:46,251 - root - INFO - KG & CF Training: Epoch 0006 Iter 0041 / 0041 | Time 0.1s | Iter Loss 0.8281 | Iter Mean Loss 0.8400
2023-12-19 17:58:46,251 - root - INFO - KG & CF Training: Epoch 0006 Total Iter 0041 | Total Time 3.1s | Iter Mean Loss 0.8400
2023-12-19 17:58:46,327 - root - INFO - KG & CF Training: Epoch 0007 Iter 0001 / 0041 | Time 0.1s | Iter Loss 0.8289 | Iter Mean Loss 0.8289
2023-12-19 17:58:46,399 - root - INFO - KG & CF Training: Epoch 0007 Iter 0002 / 0041 | Time 0.1s | Iter Loss 0.8294 | Iter Mean Loss 0.8292
2023-12-19 17:58:46,471 - root - INFO - KG & CF Training: Epoch 0007 Iter 0003 / 0041 | Time 0.1s | Iter Loss 0.8284 | Iter Mean Loss 0.8289
2023-12-19 17:58:46,547 - root - INFO - KG & CF Training: Epoch 0007 Iter 0004 / 0041 | Time 0.1s | Iter Loss 0.8312 | Iter Mean Loss 0.8295
2023-12-19 17:58:46,623 - root - INFO - KG & CF Training: Epoch 0007 Iter 0005 / 0041 | Time 0.1s | Iter Loss 0.8298 | Iter Mean Loss 0.8295
2023-12-19 17:58:46,695 - root - INFO - KG & CF Training: Epoch 0007 Iter 0006 / 0041 | Time 0.1s | Iter Loss 0.8217 | Iter Mean Loss 0.8282
2023-12-19 17:58:46,767 - root - INFO - KG & CF Training: Epoch 0007 Iter 0007 / 0041 | Time 0.1s | Iter Loss 0.8213 | Iter Mean Loss 0.8272
2023-12-19 17:58:46,843 - root - INFO - KG & CF Training: Epoch 0007 Iter 0008 / 0041 | Time 0.1s | Iter Loss 0.8249 | Iter Mean Loss 0.8270
2023-12-19 17:58:46,915 - root - INFO - KG & CF Training: Epoch 0007 Iter 0009 / 0041 | Time 0.1s | Iter Loss 0.8242 | Iter Mean Loss 0.8266
2023-12-19 17:58:46,983 - root - INFO - KG & CF Training: Epoch 0007 Iter 0010 / 0041 | Time 0.1s | Iter Loss 0.8263 | Iter Mean Loss 0.8266
2023-12-19 17:58:47,059 - root - INFO - KG & CF Training: Epoch 0007 Iter 0011 / 0041 | Time 0.1s | Iter Loss 0.8263 | Iter Mean Loss 0.8266
2023-12-19 17:58:47,139 - root - INFO - KG & CF Training: Epoch 0007 Iter 0012 / 0041 | Time 0.1s | Iter Loss 0.8242 | Iter Mean Loss 0.8264
2023-12-19 17:58:47,219 - root - INFO - KG & CF Training: Epoch 0007 Iter 0013 / 0041 | Time 0.1s | Iter Loss 0.8239 | Iter Mean Loss 0.8262
2023-12-19 17:58:47,295 - root - INFO - KG & CF Training: Epoch 0007 Iter 0014 / 0041 | Time 0.1s | Iter Loss 0.8232 | Iter Mean Loss 0.8260
2023-12-19 17:58:47,361 - root - INFO - KG & CF Training: Epoch 0007 Iter 0015 / 0041 | Time 0.1s | Iter Loss 0.8194 | Iter Mean Loss 0.8255
2023-12-19 17:58:47,433 - root - INFO - KG & CF Training: Epoch 0007 Iter 0016 / 0041 | Time 0.1s | Iter Loss 0.8212 | Iter Mean Loss 0.8253
2023-12-19 17:58:47,511 - root - INFO - KG & CF Training: Epoch 0007 Iter 0017 / 0041 | Time 0.1s | Iter Loss 0.8242 | Iter Mean Loss 0.8252
2023-12-19 17:58:47,588 - root - INFO - KG & CF Training: Epoch 0007 Iter 0018 / 0041 | Time 0.1s | Iter Loss 0.8218 | Iter Mean Loss 0.8250
2023-12-19 17:58:47,668 - root - INFO - KG & CF Training: Epoch 0007 Iter 0019 / 0041 | Time 0.1s | Iter Loss 0.8179 | Iter Mean Loss 0.8246
2023-12-19 17:58:47,740 - root - INFO - KG & CF Training: Epoch 0007 Iter 0020 / 0041 | Time 0.1s | Iter Loss 0.8258 | Iter Mean Loss 0.8247
2023-12-19 17:58:47,827 - root - INFO - KG & CF Training: Epoch 0007 Iter 0021 / 0041 | Time 0.1s | Iter Loss 0.8131 | Iter Mean Loss 0.8242
2023-12-19 17:58:47,903 - root - INFO - KG & CF Training: Epoch 0007 Iter 0022 / 0041 | Time 0.1s | Iter Loss 0.8288 | Iter Mean Loss 0.8244
2023-12-19 17:58:47,969 - root - INFO - KG & CF Training: Epoch 0007 Iter 0023 / 0041 | Time 0.1s | Iter Loss 0.8192 | Iter Mean Loss 0.8241
2023-12-19 17:58:48,045 - root - INFO - KG & CF Training: Epoch 0007 Iter 0024 / 0041 | Time 0.1s | Iter Loss 0.8154 | Iter Mean Loss 0.8238
2023-12-19 17:58:48,129 - root - INFO - KG & CF Training: Epoch 0007 Iter 0025 / 0041 | Time 0.1s | Iter Loss 0.8165 | Iter Mean Loss 0.8235
2023-12-19 17:58:48,209 - root - INFO - KG & CF Training: Epoch 0007 Iter 0026 / 0041 | Time 0.1s | Iter Loss 0.8159 | Iter Mean Loss 0.8232
2023-12-19 17:58:48,282 - root - INFO - KG & CF Training: Epoch 0007 Iter 0027 / 0041 | Time 0.1s | Iter Loss 0.8247 | Iter Mean Loss 0.8232
2023-12-19 17:58:48,354 - root - INFO - KG & CF Training: Epoch 0007 Iter 0028 / 0041 | Time 0.1s | Iter Loss 0.8138 | Iter Mean Loss 0.8229
2023-12-19 17:58:48,434 - root - INFO - KG & CF Training: Epoch 0007 Iter 0029 / 0041 | Time 0.1s | Iter Loss 0.8157 | Iter Mean Loss 0.8227
2023-12-19 17:58:48,522 - root - INFO - KG & CF Training: Epoch 0007 Iter 0030 / 0041 | Time 0.1s | Iter Loss 0.8119 | Iter Mean Loss 0.8223
2023-12-19 17:58:48,602 - root - INFO - KG & CF Training: Epoch 0007 Iter 0031 / 0041 | Time 0.1s | Iter Loss 0.8197 | Iter Mean Loss 0.8222
2023-12-19 17:58:48,677 - root - INFO - KG & CF Training: Epoch 0007 Iter 0032 / 0041 | Time 0.1s | Iter Loss 0.8180 | Iter Mean Loss 0.8221
2023-12-19 17:58:48,767 - root - INFO - KG & CF Training: Epoch 0007 Iter 0033 / 0041 | Time 0.1s | Iter Loss 0.8101 | Iter Mean Loss 0.8217
2023-12-19 17:58:48,847 - root - INFO - KG & CF Training: Epoch 0007 Iter 0034 / 0041 | Time 0.1s | Iter Loss 0.8096 | Iter Mean Loss 0.8214
2023-12-19 17:58:48,929 - root - INFO - KG & CF Training: Epoch 0007 Iter 0035 / 0041 | Time 0.1s | Iter Loss 0.8144 | Iter Mean Loss 0.8212
2023-12-19 17:58:48,997 - root - INFO - KG & CF Training: Epoch 0007 Iter 0036 / 0041 | Time 0.1s | Iter Loss 0.8162 | Iter Mean Loss 0.8210
2023-12-19 17:58:49,062 - root - INFO - KG & CF Training: Epoch 0007 Iter 0037 / 0041 | Time 0.1s | Iter Loss 0.8129 | Iter Mean Loss 0.8208
2023-12-19 17:58:49,142 - root - INFO - KG & CF Training: Epoch 0007 Iter 0038 / 0041 | Time 0.1s | Iter Loss 0.8082 | Iter Mean Loss 0.8205
2023-12-19 17:58:49,222 - root - INFO - KG & CF Training: Epoch 0007 Iter 0039 / 0041 | Time 0.1s | Iter Loss 0.8056 | Iter Mean Loss 0.8201
2023-12-19 17:58:49,292 - root - INFO - KG & CF Training: Epoch 0007 Iter 0040 / 0041 | Time 0.1s | Iter Loss 0.8059 | Iter Mean Loss 0.8197
2023-12-19 17:58:49,368 - root - INFO - KG & CF Training: Epoch 0007 Iter 0041 / 0041 | Time 0.1s | Iter Loss 0.8074 | Iter Mean Loss 0.8194
2023-12-19 17:58:49,368 - root - INFO - KG & CF Training: Epoch 0007 Total Iter 0041 | Total Time 3.1s | Iter Mean Loss 0.8194
2023-12-19 17:58:49,434 - root - INFO - KG & CF Training: Epoch 0008 Iter 0001 / 0041 | Time 0.1s | Iter Loss 0.8028 | Iter Mean Loss 0.8028
2023-12-19 17:58:49,515 - root - INFO - KG & CF Training: Epoch 0008 Iter 0002 / 0041 | Time 0.1s | Iter Loss 0.8087 | Iter Mean Loss 0.8058
2023-12-19 17:58:49,591 - root - INFO - KG & CF Training: Epoch 0008 Iter 0003 / 0041 | Time 0.1s | Iter Loss 0.8018 | Iter Mean Loss 0.8044
2023-12-19 17:58:49,668 - root - INFO - KG & CF Training: Epoch 0008 Iter 0004 / 0041 | Time 0.1s | Iter Loss 0.8105 | Iter Mean Loss 0.8060
2023-12-19 17:58:49,739 - root - INFO - KG & CF Training: Epoch 0008 Iter 0005 / 0041 | Time 0.1s | Iter Loss 0.8077 | Iter Mean Loss 0.8063
2023-12-19 17:58:49,815 - root - INFO - KG & CF Training: Epoch 0008 Iter 0006 / 0041 | Time 0.1s | Iter Loss 0.8031 | Iter Mean Loss 0.8058
2023-12-19 17:58:49,893 - root - INFO - KG & CF Training: Epoch 0008 Iter 0007 / 0041 | Time 0.1s | Iter Loss 0.7996 | Iter Mean Loss 0.8049
2023-12-19 17:58:49,971 - root - INFO - KG & CF Training: Epoch 0008 Iter 0008 / 0041 | Time 0.1s | Iter Loss 0.8033 | Iter Mean Loss 0.8047
2023-12-19 17:58:50,050 - root - INFO - KG & CF Training: Epoch 0008 Iter 0009 / 0041 | Time 0.1s | Iter Loss 0.8041 | Iter Mean Loss 0.8046
2023-12-19 17:58:50,120 - root - INFO - KG & CF Training: Epoch 0008 Iter 0010 / 0041 | Time 0.1s | Iter Loss 0.8009 | Iter Mean Loss 0.8043
2023-12-19 17:58:50,207 - root - INFO - KG & CF Training: Epoch 0008 Iter 0011 / 0041 | Time 0.1s | Iter Loss 0.8030 | Iter Mean Loss 0.8041
2023-12-19 17:58:50,293 - root - INFO - KG & CF Training: Epoch 0008 Iter 0012 / 0041 | Time 0.1s | Iter Loss 0.7989 | Iter Mean Loss 0.8037
2023-12-19 17:58:50,370 - root - INFO - KG & CF Training: Epoch 0008 Iter 0013 / 0041 | Time 0.1s | Iter Loss 0.7976 | Iter Mean Loss 0.8032
2023-12-19 17:58:50,438 - root - INFO - KG & CF Training: Epoch 0008 Iter 0014 / 0041 | Time 0.1s | Iter Loss 0.8038 | Iter Mean Loss 0.8033
2023-12-19 17:58:50,510 - root - INFO - KG & CF Training: Epoch 0008 Iter 0015 / 0041 | Time 0.1s | Iter Loss 0.8041 | Iter Mean Loss 0.8033
2023-12-19 17:58:50,582 - root - INFO - KG & CF Training: Epoch 0008 Iter 0016 / 0041 | Time 0.1s | Iter Loss 0.7958 | Iter Mean Loss 0.8029
2023-12-19 17:58:50,653 - root - INFO - KG & CF Training: Epoch 0008 Iter 0017 / 0041 | Time 0.1s | Iter Loss 0.8010 | Iter Mean Loss 0.8028
2023-12-19 17:58:50,727 - root - INFO - KG & CF Training: Epoch 0008 Iter 0018 / 0041 | Time 0.1s | Iter Loss 0.8029 | Iter Mean Loss 0.8028
2023-12-19 17:58:50,797 - root - INFO - KG & CF Training: Epoch 0008 Iter 0019 / 0041 | Time 0.1s | Iter Loss 0.7972 | Iter Mean Loss 0.8025
2023-12-19 17:58:50,859 - root - INFO - KG & CF Training: Epoch 0008 Iter 0020 / 0041 | Time 0.1s | Iter Loss 0.7942 | Iter Mean Loss 0.8021
2023-12-19 17:58:50,931 - root - INFO - KG & CF Training: Epoch 0008 Iter 0021 / 0041 | Time 0.1s | Iter Loss 0.8002 | Iter Mean Loss 0.8020
2023-12-19 17:58:51,004 - root - INFO - KG & CF Training: Epoch 0008 Iter 0022 / 0041 | Time 0.1s | Iter Loss 0.7921 | Iter Mean Loss 0.8015
2023-12-19 17:58:51,074 - root - INFO - KG & CF Training: Epoch 0008 Iter 0023 / 0041 | Time 0.1s | Iter Loss 0.7890 | Iter Mean Loss 0.8010
2023-12-19 17:58:51,153 - root - INFO - KG & CF Training: Epoch 0008 Iter 0024 / 0041 | Time 0.1s | Iter Loss 0.7922 | Iter Mean Loss 0.8006
2023-12-19 17:58:51,222 - root - INFO - KG & CF Training: Epoch 0008 Iter 0025 / 0041 | Time 0.1s | Iter Loss 0.7933 | Iter Mean Loss 0.8003
2023-12-19 17:58:51,303 - root - INFO - KG & CF Training: Epoch 0008 Iter 0026 / 0041 | Time 0.1s | Iter Loss 0.7930 | Iter Mean Loss 0.8000
2023-12-19 17:58:51,371 - root - INFO - KG & CF Training: Epoch 0008 Iter 0027 / 0041 | Time 0.1s | Iter Loss 0.7926 | Iter Mean Loss 0.7998
2023-12-19 17:58:51,441 - root - INFO - KG & CF Training: Epoch 0008 Iter 0028 / 0041 | Time 0.1s | Iter Loss 0.7947 | Iter Mean Loss 0.7996
2023-12-19 17:58:51,519 - root - INFO - KG & CF Training: Epoch 0008 Iter 0029 / 0041 | Time 0.1s | Iter Loss 0.7865 | Iter Mean Loss 0.7991
2023-12-19 17:58:51,596 - root - INFO - KG & CF Training: Epoch 0008 Iter 0030 / 0041 | Time 0.1s | Iter Loss 0.7824 | Iter Mean Loss 0.7986
2023-12-19 17:58:51,675 - root - INFO - KG & CF Training: Epoch 0008 Iter 0031 / 0041 | Time 0.1s | Iter Loss 0.7873 | Iter Mean Loss 0.7982
2023-12-19 17:58:51,754 - root - INFO - KG & CF Training: Epoch 0008 Iter 0032 / 0041 | Time 0.1s | Iter Loss 0.7847 | Iter Mean Loss 0.7978
2023-12-19 17:58:51,831 - root - INFO - KG & CF Training: Epoch 0008 Iter 0033 / 0041 | Time 0.1s | Iter Loss 0.7879 | Iter Mean Loss 0.7975
2023-12-19 17:58:51,902 - root - INFO - KG & CF Training: Epoch 0008 Iter 0034 / 0041 | Time 0.1s | Iter Loss 0.7878 | Iter Mean Loss 0.7972
2023-12-19 17:58:51,979 - root - INFO - KG & CF Training: Epoch 0008 Iter 0035 / 0041 | Time 0.1s | Iter Loss 0.7856 | Iter Mean Loss 0.7969
2023-12-19 17:58:52,047 - root - INFO - KG & CF Training: Epoch 0008 Iter 0036 / 0041 | Time 0.1s | Iter Loss 0.7863 | Iter Mean Loss 0.7966
2023-12-19 17:58:52,118 - root - INFO - KG & CF Training: Epoch 0008 Iter 0037 / 0041 | Time 0.1s | Iter Loss 0.7844 | Iter Mean Loss 0.7962
2023-12-19 17:58:52,188 - root - INFO - KG & CF Training: Epoch 0008 Iter 0038 / 0041 | Time 0.1s | Iter Loss 0.7838 | Iter Mean Loss 0.7959
2023-12-19 17:58:52,260 - root - INFO - KG & CF Training: Epoch 0008 Iter 0039 / 0041 | Time 0.1s | Iter Loss 0.7832 | Iter Mean Loss 0.7956
2023-12-19 17:58:52,328 - root - INFO - KG & CF Training: Epoch 0008 Iter 0040 / 0041 | Time 0.1s | Iter Loss 0.7864 | Iter Mean Loss 0.7954
2023-12-19 17:58:52,402 - root - INFO - KG & CF Training: Epoch 0008 Iter 0041 / 0041 | Time 0.1s | Iter Loss 0.7855 | Iter Mean Loss 0.7951
2023-12-19 17:58:52,402 - root - INFO - KG & CF Training: Epoch 0008 Total Iter 0041 | Total Time 3.0s | Iter Mean Loss 0.7951
2023-12-19 17:58:52,464 - root - INFO - KG & CF Training: Epoch 0009 Iter 0001 / 0041 | Time 0.1s | Iter Loss 0.7803 | Iter Mean Loss 0.7803
2023-12-19 17:58:52,542 - root - INFO - KG & CF Training: Epoch 0009 Iter 0002 / 0041 | Time 0.1s | Iter Loss 0.7778 | Iter Mean Loss 0.7790
2023-12-19 17:58:52,618 - root - INFO - KG & CF Training: Epoch 0009 Iter 0003 / 0041 | Time 0.1s | Iter Loss 0.7797 | Iter Mean Loss 0.7792
2023-12-19 17:58:52,693 - root - INFO - KG & CF Training: Epoch 0009 Iter 0004 / 0041 | Time 0.1s | Iter Loss 0.7782 | Iter Mean Loss 0.7790
2023-12-19 17:58:52,765 - root - INFO - KG & CF Training: Epoch 0009 Iter 0005 / 0041 | Time 0.1s | Iter Loss 0.7761 | Iter Mean Loss 0.7784
2023-12-19 17:58:52,845 - root - INFO - KG & CF Training: Epoch 0009 Iter 0006 / 0041 | Time 0.1s | Iter Loss 0.7745 | Iter Mean Loss 0.7777
2023-12-19 17:58:52,916 - root - INFO - KG & CF Training: Epoch 0009 Iter 0007 / 0041 | Time 0.1s | Iter Loss 0.7800 | Iter Mean Loss 0.7781
2023-12-19 17:58:52,984 - root - INFO - KG & CF Training: Epoch 0009 Iter 0008 / 0041 | Time 0.1s | Iter Loss 0.7689 | Iter Mean Loss 0.7769
2023-12-19 17:58:53,056 - root - INFO - KG & CF Training: Epoch 0009 Iter 0009 / 0041 | Time 0.1s | Iter Loss 0.7788 | Iter Mean Loss 0.7771
2023-12-19 17:58:53,140 - root - INFO - KG & CF Training: Epoch 0009 Iter 0010 / 0041 | Time 0.1s | Iter Loss 0.7729 | Iter Mean Loss 0.7767
2023-12-19 17:58:53,220 - root - INFO - KG & CF Training: Epoch 0009 Iter 0011 / 0041 | Time 0.1s | Iter Loss 0.7741 | Iter Mean Loss 0.7765
2023-12-19 17:58:53,291 - root - INFO - KG & CF Training: Epoch 0009 Iter 0012 / 0041 | Time 0.1s | Iter Loss 0.7743 | Iter Mean Loss 0.7763
2023-12-19 17:58:53,365 - root - INFO - KG & CF Training: Epoch 0009 Iter 0013 / 0041 | Time 0.1s | Iter Loss 0.7700 | Iter Mean Loss 0.7758
2023-12-19 17:58:53,447 - root - INFO - KG & CF Training: Epoch 0009 Iter 0014 / 0041 | Time 0.1s | Iter Loss 0.7782 | Iter Mean Loss 0.7760
2023-12-19 17:58:53,519 - root - INFO - KG & CF Training: Epoch 0009 Iter 0015 / 0041 | Time 0.1s | Iter Loss 0.7666 | Iter Mean Loss 0.7754
2023-12-19 17:58:53,605 - root - INFO - KG & CF Training: Epoch 0009 Iter 0016 / 0041 | Time 0.1s | Iter Loss 0.7691 | Iter Mean Loss 0.7750
2023-12-19 17:58:53,677 - root - INFO - KG & CF Training: Epoch 0009 Iter 0017 / 0041 | Time 0.1s | Iter Loss 0.7691 | Iter Mean Loss 0.7746
2023-12-19 17:58:53,741 - root - INFO - KG & CF Training: Epoch 0009 Iter 0018 / 0041 | Time 0.1s | Iter Loss 0.7688 | Iter Mean Loss 0.7743
2023-12-19 17:58:53,813 - root - INFO - KG & CF Training: Epoch 0009 Iter 0019 / 0041 | Time 0.1s | Iter Loss 0.7700 | Iter Mean Loss 0.7741
2023-12-19 17:58:53,889 - root - INFO - KG & CF Training: Epoch 0009 Iter 0020 / 0041 | Time 0.1s | Iter Loss 0.7651 | Iter Mean Loss 0.7736
2023-12-19 17:58:53,957 - root - INFO - KG & CF Training: Epoch 0009 Iter 0021 / 0041 | Time 0.1s | Iter Loss 0.7706 | Iter Mean Loss 0.7735
2023-12-19 17:58:54,023 - root - INFO - KG & CF Training: Epoch 0009 Iter 0022 / 0041 | Time 0.1s | Iter Loss 0.7678 | Iter Mean Loss 0.7732
2023-12-19 17:58:54,103 - root - INFO - KG & CF Training: Epoch 0009 Iter 0023 / 0041 | Time 0.1s | Iter Loss 0.7706 | Iter Mean Loss 0.7731
2023-12-19 17:58:54,167 - root - INFO - KG & CF Training: Epoch 0009 Iter 0024 / 0041 | Time 0.1s | Iter Loss 0.7661 | Iter Mean Loss 0.7728
2023-12-19 17:58:54,242 - root - INFO - KG & CF Training: Epoch 0009 Iter 0025 / 0041 | Time 0.1s | Iter Loss 0.7511 | Iter Mean Loss 0.7719
2023-12-19 17:58:54,306 - root - INFO - KG & CF Training: Epoch 0009 Iter 0026 / 0041 | Time 0.1s | Iter Loss 0.7606 | Iter Mean Loss 0.7715
2023-12-19 17:58:54,378 - root - INFO - KG & CF Training: Epoch 0009 Iter 0027 / 0041 | Time 0.1s | Iter Loss 0.7637 | Iter Mean Loss 0.7712
2023-12-19 17:58:54,453 - root - INFO - KG & CF Training: Epoch 0009 Iter 0028 / 0041 | Time 0.1s | Iter Loss 0.7533 | Iter Mean Loss 0.7706
2023-12-19 17:58:54,535 - root - INFO - KG & CF Training: Epoch 0009 Iter 0029 / 0041 | Time 0.1s | Iter Loss 0.7531 | Iter Mean Loss 0.7700
2023-12-19 17:58:54,613 - root - INFO - KG & CF Training: Epoch 0009 Iter 0030 / 0041 | Time 0.1s | Iter Loss 0.7570 | Iter Mean Loss 0.7695
2023-12-19 17:58:54,685 - root - INFO - KG & CF Training: Epoch 0009 Iter 0031 / 0041 | Time 0.1s | Iter Loss 0.7548 | Iter Mean Loss 0.7691
2023-12-19 17:58:54,759 - root - INFO - KG & CF Training: Epoch 0009 Iter 0032 / 0041 | Time 0.1s | Iter Loss 0.7626 | Iter Mean Loss 0.7689
2023-12-19 17:58:54,836 - root - INFO - KG & CF Training: Epoch 0009 Iter 0033 / 0041 | Time 0.1s | Iter Loss 0.7569 | Iter Mean Loss 0.7685
2023-12-19 17:58:54,921 - root - INFO - KG & CF Training: Epoch 0009 Iter 0034 / 0041 | Time 0.1s | Iter Loss 0.7550 | Iter Mean Loss 0.7681
2023-12-19 17:58:55,002 - root - INFO - KG & CF Training: Epoch 0009 Iter 0035 / 0041 | Time 0.1s | Iter Loss 0.7593 | Iter Mean Loss 0.7679
2023-12-19 17:58:55,084 - root - INFO - KG & CF Training: Epoch 0009 Iter 0036 / 0041 | Time 0.1s | Iter Loss 0.7516 | Iter Mean Loss 0.7674
2023-12-19 17:58:55,164 - root - INFO - KG & CF Training: Epoch 0009 Iter 0037 / 0041 | Time 0.1s | Iter Loss 0.7556 | Iter Mean Loss 0.7671
2023-12-19 17:58:55,240 - root - INFO - KG & CF Training: Epoch 0009 Iter 0038 / 0041 | Time 0.1s | Iter Loss 0.7518 | Iter Mean Loss 0.7667
2023-12-19 17:58:55,308 - root - INFO - KG & CF Training: Epoch 0009 Iter 0039 / 0041 | Time 0.1s | Iter Loss 0.7582 | Iter Mean Loss 0.7665
2023-12-19 17:58:55,392 - root - INFO - KG & CF Training: Epoch 0009 Iter 0040 / 0041 | Time 0.1s | Iter Loss 0.7520 | Iter Mean Loss 0.7661
2023-12-19 17:58:55,472 - root - INFO - KG & CF Training: Epoch 0009 Iter 0041 / 0041 | Time 0.1s | Iter Loss 0.7457 | Iter Mean Loss 0.7656
2023-12-19 17:58:55,472 - root - INFO - KG & CF Training: Epoch 0009 Total Iter 0041 | Total Time 3.1s | Iter Mean Loss 0.7656
2023-12-19 17:58:55,554 - root - INFO - KG & CF Training: Epoch 0010 Iter 0001 / 0041 | Time 0.1s | Iter Loss 0.7509 | Iter Mean Loss 0.7509
2023-12-19 17:58:55,624 - root - INFO - KG & CF Training: Epoch 0010 Iter 0002 / 0041 | Time 0.1s | Iter Loss 0.7427 | Iter Mean Loss 0.7468
2023-12-19 17:58:55,708 - root - INFO - KG & CF Training: Epoch 0010 Iter 0003 / 0041 | Time 0.1s | Iter Loss 0.7459 | Iter Mean Loss 0.7465
2023-12-19 17:58:55,776 - root - INFO - KG & CF Training: Epoch 0010 Iter 0004 / 0041 | Time 0.1s | Iter Loss 0.7445 | Iter Mean Loss 0.7460
2023-12-19 17:58:55,862 - root - INFO - KG & CF Training: Epoch 0010 Iter 0005 / 0041 | Time 0.1s | Iter Loss 0.7467 | Iter Mean Loss 0.7461
2023-12-19 17:58:55,940 - root - INFO - KG & CF Training: Epoch 0010 Iter 0006 / 0041 | Time 0.1s | Iter Loss 0.7480 | Iter Mean Loss 0.7465
2023-12-19 17:58:56,015 - root - INFO - KG & CF Training: Epoch 0010 Iter 0007 / 0041 | Time 0.1s | Iter Loss 0.7499 | Iter Mean Loss 0.7470
2023-12-19 17:58:56,095 - root - INFO - KG & CF Training: Epoch 0010 Iter 0008 / 0041 | Time 0.1s | Iter Loss 0.7450 | Iter Mean Loss 0.7467
2023-12-19 17:58:56,163 - root - INFO - KG & CF Training: Epoch 0010 Iter 0009 / 0041 | Time 0.1s | Iter Loss 0.7435 | Iter Mean Loss 0.7463
2023-12-19 17:58:56,231 - root - INFO - KG & CF Training: Epoch 0010 Iter 0010 / 0041 | Time 0.1s | Iter Loss 0.7394 | Iter Mean Loss 0.7457
2023-12-19 17:58:56,305 - root - INFO - KG & CF Training: Epoch 0010 Iter 0011 / 0041 | Time 0.1s | Iter Loss 0.7326 | Iter Mean Loss 0.7445
2023-12-19 17:58:56,382 - root - INFO - KG & CF Training: Epoch 0010 Iter 0012 / 0041 | Time 0.1s | Iter Loss 0.7355 | Iter Mean Loss 0.7437
2023-12-19 17:58:56,458 - root - INFO - KG & CF Training: Epoch 0010 Iter 0013 / 0041 | Time 0.1s | Iter Loss 0.7402 | Iter Mean Loss 0.7435
2023-12-19 17:58:56,531 - root - INFO - KG & CF Training: Epoch 0010 Iter 0014 / 0041 | Time 0.1s | Iter Loss 0.7433 | Iter Mean Loss 0.7434
2023-12-19 17:58:56,595 - root - INFO - KG & CF Training: Epoch 0010 Iter 0015 / 0041 | Time 0.1s | Iter Loss 0.7397 | Iter Mean Loss 0.7432
2023-12-19 17:58:56,670 - root - INFO - KG & CF Training: Epoch 0010 Iter 0016 / 0041 | Time 0.1s | Iter Loss 0.7383 | Iter Mean Loss 0.7429
2023-12-19 17:58:56,740 - root - INFO - KG & CF Training: Epoch 0010 Iter 0017 / 0041 | Time 0.1s | Iter Loss 0.7339 | Iter Mean Loss 0.7424
2023-12-19 17:58:56,821 - root - INFO - KG & CF Training: Epoch 0010 Iter 0018 / 0041 | Time 0.1s | Iter Loss 0.7391 | Iter Mean Loss 0.7422
2023-12-19 17:58:56,906 - root - INFO - KG & CF Training: Epoch 0010 Iter 0019 / 0041 | Time 0.1s | Iter Loss 0.7357 | Iter Mean Loss 0.7418
2023-12-19 17:58:56,990 - root - INFO - KG & CF Training: Epoch 0010 Iter 0020 / 0041 | Time 0.1s | Iter Loss 0.7352 | Iter Mean Loss 0.7415
2023-12-19 17:58:57,074 - root - INFO - KG & CF Training: Epoch 0010 Iter 0021 / 0041 | Time 0.1s | Iter Loss 0.7270 | Iter Mean Loss 0.7408
2023-12-19 17:58:57,146 - root - INFO - KG & CF Training: Epoch 0010 Iter 0022 / 0041 | Time 0.1s | Iter Loss 0.7303 | Iter Mean Loss 0.7403
2023-12-19 17:58:57,218 - root - INFO - KG & CF Training: Epoch 0010 Iter 0023 / 0041 | Time 0.1s | Iter Loss 0.7380 | Iter Mean Loss 0.7402
2023-12-19 17:58:57,293 - root - INFO - KG & CF Training: Epoch 0010 Iter 0024 / 0041 | Time 0.1s | Iter Loss 0.7245 | Iter Mean Loss 0.7396
2023-12-19 17:58:57,356 - root - INFO - KG & CF Training: Epoch 0010 Iter 0025 / 0041 | Time 0.1s | Iter Loss 0.7337 | Iter Mean Loss 0.7393
2023-12-19 17:58:57,445 - root - INFO - KG & CF Training: Epoch 0010 Iter 0026 / 0041 | Time 0.1s | Iter Loss 0.7229 | Iter Mean Loss 0.7387
2023-12-19 17:58:57,522 - root - INFO - KG & CF Training: Epoch 0010 Iter 0027 / 0041 | Time 0.1s | Iter Loss 0.7258 | Iter Mean Loss 0.7382
2023-12-19 17:58:57,608 - root - INFO - KG & CF Training: Epoch 0010 Iter 0028 / 0041 | Time 0.1s | Iter Loss 0.7213 | Iter Mean Loss 0.7376
2023-12-19 17:58:57,689 - root - INFO - KG & CF Training: Epoch 0010 Iter 0029 / 0041 | Time 0.1s | Iter Loss 0.7198 | Iter Mean Loss 0.7370
2023-12-19 17:58:57,763 - root - INFO - KG & CF Training: Epoch 0010 Iter 0030 / 0041 | Time 0.1s | Iter Loss 0.7213 | Iter Mean Loss 0.7365
2023-12-19 17:58:57,831 - root - INFO - KG & CF Training: Epoch 0010 Iter 0031 / 0041 | Time 0.1s | Iter Loss 0.7305 | Iter Mean Loss 0.7363
2023-12-19 17:58:57,903 - root - INFO - KG & CF Training: Epoch 0010 Iter 0032 / 0041 | Time 0.1s | Iter Loss 0.7343 | Iter Mean Loss 0.7362
2023-12-19 17:58:57,972 - root - INFO - KG & CF Training: Epoch 0010 Iter 0033 / 0041 | Time 0.1s | Iter Loss 0.7142 | Iter Mean Loss 0.7356
2023-12-19 17:58:58,049 - root - INFO - KG & CF Training: Epoch 0010 Iter 0034 / 0041 | Time 0.1s | Iter Loss 0.7161 | Iter Mean Loss 0.7350
2023-12-19 17:58:58,127 - root - INFO - KG & CF Training: Epoch 0010 Iter 0035 / 0041 | Time 0.1s | Iter Loss 0.7184 | Iter Mean Loss 0.7345
2023-12-19 17:58:58,199 - root - INFO - KG & CF Training: Epoch 0010 Iter 0036 / 0041 | Time 0.1s | Iter Loss 0.7213 | Iter Mean Loss 0.7341
2023-12-19 17:58:58,267 - root - INFO - KG & CF Training: Epoch 0010 Iter 0037 / 0041 | Time 0.1s | Iter Loss 0.7197 | Iter Mean Loss 0.7338
2023-12-19 17:58:58,341 - root - INFO - KG & CF Training: Epoch 0010 Iter 0038 / 0041 | Time 0.1s | Iter Loss 0.7390 | Iter Mean Loss 0.7339
2023-12-19 17:58:58,405 - root - INFO - KG & CF Training: Epoch 0010 Iter 0039 / 0041 | Time 0.1s | Iter Loss 0.7150 | Iter Mean Loss 0.7334
2023-12-19 17:58:58,496 - root - INFO - KG & CF Training: Epoch 0010 Iter 0040 / 0041 | Time 0.1s | Iter Loss 0.7134 | Iter Mean Loss 0.7329
2023-12-19 17:58:58,578 - root - INFO - KG & CF Training: Epoch 0010 Iter 0041 / 0041 | Time 0.1s | Iter Loss 0.7162 | Iter Mean Loss 0.7325
2023-12-19 17:58:58,578 - root - INFO - KG & CF Training: Epoch 0010 Total Iter 0041 | Total Time 3.1s | Iter Mean Loss 0.7325
